Log file open, 10/10/20 18:36:38
LogInit: Display: Running engine for game: SunshinePlanet
LogPlatformFile: Not using cached read wrapper
LogTaskGraph: Started task graph with 5 named threads and 47 total threads with 3 sets of task threads.
LogStats: Stats thread started at 0.370311
LogD3D11RHI: Loaded GFSDK_Aftermath_Lib.x64.dll
LogICUInternationalization: ICU TimeZone Detection - Raw Offset: -5:00, Platform Override: ''
LogPluginManager: Mounting plugin Paper2D
LogPluginManager: Mounting plugin AISupport
LogPluginManager: Mounting plugin LightPropagationVolume
LogPluginManager: Mounting plugin CameraShakePreviewer
LogPluginManager: Mounting plugin ActorLayerUtilities
LogPluginManager: Mounting plugin AnimationSharing
LogPluginManager: Mounting plugin CLionSourceCodeAccess
LogPluginManager: Mounting plugin CodeLiteSourceCodeAccess
LogPluginManager: Mounting plugin GitSourceControl
LogPluginManager: Mounting plugin KDevelopSourceCodeAccess
LogPluginManager: Mounting plugin NullSourceCodeAccess
LogPluginManager: Mounting plugin PerforceSourceControl
LogPluginManager: Mounting plugin PlasticSourceControl
LogPluginManager: Mounting plugin RiderSourceCodeAccess
LogPluginManager: Mounting plugin SubversionSourceControl
LogPluginManager: Mounting plugin UObjectPlugin
LogPluginManager: Mounting plugin VisualStudioCodeSourceCodeAccess
LogPluginManager: Mounting plugin VisualStudioSourceCodeAccess
LogPluginManager: Mounting plugin XCodeSourceCodeAccess
LogPluginManager: Mounting plugin AssetManagerEditor
LogPluginManager: Mounting plugin CryptoKeys
LogPluginManager: Mounting plugin CurveEditorTools
LogPluginManager: Mounting plugin DataValidation
LogPluginManager: Mounting plugin EditorScriptingUtilities
LogPluginManager: Mounting plugin FacialAnimation
LogPluginManager: Mounting plugin GameplayTagsEditor
LogPluginManager: Mounting plugin GeometryMode
LogPluginManager: Mounting plugin MacGraphicsSwitching
LogPluginManager: Mounting plugin MaterialAnalyzer
LogPluginManager: Mounting plugin MobileLauncherProfileWizard
LogPluginManager: Mounting plugin PluginBrowser
LogPluginManager: Mounting plugin SpeedTreeImporter
LogPluginManager: Mounting plugin DatasmithContent
LogPluginManager: Mounting plugin VariantManagerContent
LogPluginManager: Mounting plugin AlembicImporter
LogPluginManager: Mounting plugin AutomationUtils
LogPluginManager: Mounting plugin BackChannel
LogPluginManager: Mounting plugin ChaosCloth
LogPluginManager: Mounting plugin ChaosClothEditor
LogPluginManager: Mounting plugin ChaosEditor
LogPluginManager: Mounting plugin ChaosNiagara
LogPluginManager: Mounting plugin ChaosSolverPlugin
LogPluginManager: Mounting plugin CharacterAI
LogPluginManager: Mounting plugin GeometryCache
LogPluginManager: Mounting plugin GeometryCollectionPlugin
LogPluginManager: Mounting plugin GeometryProcessing
LogPluginManager: Mounting plugin PlanarCut
LogPluginManager: Mounting plugin PlatformCrypto
LogPluginManager: Mounting plugin ProxyLODPlugin
LogPluginManager: Mounting plugin SkeletalReduction
LogPluginManager: Mounting plugin Niagara
LogPluginManager: Mounting plugin MagicLeap
LogPluginManager: Mounting plugin MagicLeapLightEstimation
LogPluginManager: Mounting plugin MagicLeapMedia
LogPluginManager: Mounting plugin MagicLeapPassableWorld
LogPluginManager: Mounting plugin MLSDK
LogPluginManager: Mounting plugin AndroidMedia
LogPluginManager: Mounting plugin AvfMedia
LogPluginManager: Mounting plugin ImgMedia
LogPluginManager: Mounting plugin MediaCompositing
LogPluginManager: Mounting plugin MediaPlayerEditor
LogPluginManager: Mounting plugin WebMMedia
LogPluginManager: Mounting plugin WmfMedia
LogPluginManager: Mounting plugin MeshPainting
LogPluginManager: Mounting plugin TcpMessaging
LogPluginManager: Mounting plugin UdpMessaging
LogPluginManager: Mounting plugin ActorSequence
LogPluginManager: Mounting plugin LevelSequenceEditor
LogPluginManager: Mounting plugin MatineeToLevelSequence
LogPluginManager: Mounting plugin MovieRenderPipeline
LogPluginManager: Mounting plugin TemplateSequence
LogPluginManager: Mounting plugin NetcodeUnitTest
LogPluginManager: Mounting plugin NUTUnrealEngine4
LogPluginManager: Mounting plugin OnlineSubsystemGooglePlay
LogPluginManager: Mounting plugin OnlineSubsystemIOS
LogPluginManager: Mounting plugin OnlineSubsystem
LogPluginManager: Mounting plugin OnlineSubsystemNull
LogPluginManager: Mounting plugin OnlineSubsystemUtils
LogPluginManager: Mounting plugin LauncherChunkInstaller
LogPluginManager: Mounting plugin AndroidDeviceProfileSelector
LogPluginManager: Mounting plugin AndroidMoviePlayer
LogPluginManager: Mounting plugin AndroidPermission
LogPluginManager: Mounting plugin AppleImageUtils
LogPluginManager: Mounting plugin AppleMoviePlayer
LogPluginManager: Mounting plugin ArchVisCharacter
LogPluginManager: Mounting plugin AssetTags
LogPluginManager: Mounting plugin AudioCapture
LogPluginManager: Mounting plugin CableComponent
LogPluginManager: Mounting plugin CustomMeshComponent
LogPluginManager: Mounting plugin EditableMesh
LogPluginManager: Mounting plugin ExampleDeviceProfileSelector
LogPluginManager: Mounting plugin GoogleCloudMessaging
LogPluginManager: Mounting plugin GooglePAD
LogPluginManager: Mounting plugin IOSDeviceProfileSelector
LogPluginManager: Mounting plugin LinuxDeviceProfileSelector
LogPluginManager: Mounting plugin LocationServicesBPLibrary
LogPluginManager: Mounting plugin MobilePatchingUtils
LogPluginManager: Mounting plugin OculusVR
LogPluginManager: Mounting plugin PhysXVehicles
LogPluginManager: Mounting plugin PostSplashScreen
LogPluginManager: Mounting plugin ProceduralMeshComponent
LogPluginManager: Mounting plugin RuntimePhysXCooking
LogPluginManager: Mounting plugin SignificanceManager
LogPluginManager: Mounting plugin SoundFields
LogPluginManager: Mounting plugin SteamVR
LogPluginManager: Mounting plugin Synthesis
LogPluginManager: Mounting plugin WebMMoviePlayer
LogPluginManager: Mounting plugin WindowsMoviePlayer
LogPluginManager: Mounting plugin ScreenshotTools
LogInit: Using libcurl 7.55.1-DEV
LogInit:  - built for x86_64-pc-win32
LogInit:  - supports SSL with OpenSSL/1.1.1
LogInit:  - supports HTTP deflate (compression) using libz 1.2.8
LogInit:  - other features:
LogInit:      CURL_VERSION_SSL
LogInit:      CURL_VERSION_LIBZ
LogInit:      CURL_VERSION_IPV6
LogInit:      CURL_VERSION_ASYNCHDNS
LogInit:      CURL_VERSION_LARGEFILE
LogInit:      CURL_VERSION_IDN
LogInit:  CurlRequestOptions (configurable via config and command line):
LogInit:  - bVerifyPeer = true  - Libcurl will verify peer certificate
LogInit:  - bUseHttpProxy = false  - Libcurl will NOT use HTTP proxy
LogInit:  - bDontReuseConnections = false  - Libcurl will reuse connections
LogInit:  - MaxHostConnections = 16  - Libcurl will limit the number of connections to a host
LogInit:  - LocalHostAddr = Default
LogInit:  - BufferSize = 65536
LogOnline: OSS: Creating online subsystem instance for: NULL
LogInit: WinSock: version 1.1 (2.2), MaxSocks=32767, MaxUdp=65467
LogOnline: OSS: TryLoadSubsystemAndSetDefault: Loaded subsystem for module [NULL]
LogOculusPluginWrapper: OculusPlugin initialized successfully
LogHMD: Failed initializing OVRPlugin 1.44.0
LogInit: Build: ++UE4+Release-4.25-CL-13942748
LogInit: Engine Version: 4.25.3-13942748+++UE4+Release-4.25
LogInit: Compatible Engine Version: 4.25.0-13144385+++UE4+Release-4.25
LogInit: Net CL: 13144385
LogInit: OS: Windows 10 (Release 2004) (), CPU: AMD Ryzen 7 2700X Eight-Core Processor         , GPU: NVIDIA GeForce RTX 2070
LogInit: Compiled (64-bit): Jul 25 2020 02:07:48
LogInit: Compiled with Visual C++: 19.24.28315.00
LogInit: Build Configuration: Development
LogInit: Branch Name: ++UE4+Release-4.25
LogInit: Command Line: 
LogInit: Base Directory: D:/UnrealEngine/UE_4.25/Engine/Binaries/Win64/
LogInit: Allocator: TBB
LogInit: Installed Engine Build: 1
LogDevObjectVersion: Number of dev versions registered: 26
LogDevObjectVersion:   Dev-Blueprints (B0D832E4-1F89-4F0D-ACCF-7EB736FD4AA2): 10
LogDevObjectVersion:   Dev-Build (E1C64328-A22C-4D53-A36C-8E866417BD8C): 0
LogDevObjectVersion:   Dev-Core (375EC13C-06E4-48FB-B500-84F0262A717E): 4
LogDevObjectVersion:   Dev-Editor (E4B068ED-F494-42E9-A231-DA0B2E46BB41): 38
LogDevObjectVersion:   Dev-Framework (CFFC743F-43B0-4480-9391-14DF171D2073): 37
LogDevObjectVersion:   Dev-Mobile (B02B49B5-BB20-44E9-A304-32B752E40360): 2
LogDevObjectVersion:   Dev-Networking (A4E4105C-59A1-49B5-A7C5-40C4547EDFEE): 0
LogDevObjectVersion:   Dev-Online (39C831C9-5AE6-47DC-9A44-9C173E1C8E7C): 0
LogDevObjectVersion:   Dev-Physics (78F01B33-EBEA-4F98-B9B4-84EACCB95AA2): 4
LogDevObjectVersion:   Dev-Platform (6631380F-2D4D-43E0-8009-CF276956A95A): 0
LogDevObjectVersion:   Dev-Rendering (12F88B9F-8875-4AFC-A67C-D90C383ABD29): 43
LogDevObjectVersion:   Dev-Sequencer (7B5AE74C-D270-4C10-A958-57980B212A5A): 12
LogDevObjectVersion:   Dev-VR (D7296918-1DD6-4BDD-9DE2-64A83CC13884): 3
LogDevObjectVersion:   Dev-LoadTimes (C2A15278-BFE7-4AFE-6C17-90FF531DF755): 1
LogDevObjectVersion:   Private-Geometry (6EACA3D4-40EC-4CC1-B786-8BED09428FC5): 3
LogDevObjectVersion:   Dev-AnimPhys (29E575DD-E0A3-4627-9D10-D276232CDCEA): 17
LogDevObjectVersion:   Dev-Anim (AF43A65D-7FD3-4947-9873-3E8ED9C1BB05): 7
LogDevObjectVersion:   Dev-ReflectionCapture (6B266CEC-1EC7-4B8F-A30B-E4D90942FC07): 1
LogDevObjectVersion:   Dev-Automation (0DF73D61-A23F-47EA-B727-89E90C41499A): 1
LogDevObjectVersion:   FortniteMain (601D1886-AC64-4F84-AA16-D3DE0DEAC7D6): 31
LogDevObjectVersion:   Dev-Enterprise (9DFFBCD6-494F-0158-E221-12823C92A888): 10
LogDevObjectVersion:   Dev-Niagara (F2AED0AC-9AFE-416F-8664-AA7FFA26D6FC): 1
LogDevObjectVersion:   Dev-Destruction (174F1F0B-B4C6-45A5-B13F-2EE8D0FB917D): 10
LogDevObjectVersion:   Dev-Physics-Ext (35F94A83-E258-406C-A318-09F59610247C): 37
LogDevObjectVersion:   Dev-PhysicsMaterial-Chaos (B68FC16E-8B1B-42E2-B453-215C058844FE): 1
LogDevObjectVersion:   Dev-CineCamera (B2E18506-4273-CFC2-A54E-F4BB758BBA07): 1
LogInit: Presizing for max 25165824 objects, including 0 objects not considered by GC, pre-allocating 0 bytes for permanent pool.
LogConfig: Applying CVar settings from Section [/Script/Engine.StreamingSettings] File [D:/GitHub/SunshinePlanet/SunshinePlanet/Saved/Config/Windows/Engine.ini]
LogConfig: Setting CVar [[s.MinBulkDataSizeForAsyncLoading:131072]]
LogConfig: Setting CVar [[s.AsyncLoadingThreadEnabled:0]]
LogConfig: Setting CVar [[s.EventDrivenLoaderEnabled:1]]
LogConfig: Setting CVar [[s.WarnIfTimeLimitExceeded:0]]
LogConfig: Setting CVar [[s.TimeLimitExceededMultiplier:1.5]]
LogConfig: Setting CVar [[s.TimeLimitExceededMinTime:0.005]]
LogConfig: Setting CVar [[s.UseBackgroundLevelStreaming:1]]
LogConfig: Setting CVar [[s.PriorityAsyncLoadingExtraTime:15.0]]
LogConfig: Setting CVar [[s.LevelStreamingActorsUpdateTimeLimit:5.0]]
LogConfig: Setting CVar [[s.PriorityLevelStreamingActorsUpdateExtraTime:5.0]]
LogConfig: Setting CVar [[s.LevelStreamingComponentsRegistrationGranularity:10]]
LogConfig: Setting CVar [[s.UnregisterComponentsTimeLimit:1.0]]
LogConfig: Setting CVar [[s.LevelStreamingComponentsUnregistrationGranularity:5]]
LogConfig: Setting CVar [[s.FlushStreamingOnExit:1]]
LogInit: Object subsystem initialized
LogConfig: Setting CVar [[con.DebugEarlyDefault:1]]
LogConfig: Setting CVar [[r.setres:1280x720]]
[2020.10.10-22.36.39:396][  0]LogConfig: Setting CVar [[r.VSync:0]]
[2020.10.10-22.36.39:396][  0]LogConfig: Setting CVar [[r.RHICmdBypass:0]]
[2020.10.10-22.36.39:396][  0]LogConfig: Applying CVar settings from Section [/Script/Engine.RendererSettings] File [D:/GitHub/SunshinePlanet/SunshinePlanet/Saved/Config/Windows/Engine.ini]
[2020.10.10-22.36.39:396][  0]LogConfig: Setting CVar [[r.GPUCrashDebugging:0]]
[2020.10.10-22.36.39:396][  0]LogConfig: Setting CVar [[r.DefaultFeature.AmbientOcclusion:0]]
[2020.10.10-22.36.39:396][  0]LogConfig: Setting CVar [[r.DefaultFeature.AmbientOcclusionStaticFraction:0]]
[2020.10.10-22.36.39:396][  0]LogConfig: Setting CVar [[vr.InstancedStereo:1]]
[2020.10.10-22.36.39:396][  0]LogConfig: Setting CVar [[r.SeparateTranslucency:0]]
[2020.10.10-22.36.39:396][  0]LogConfig: Setting CVar [[r.HZBOcclusion:0]]
[2020.10.10-22.36.39:396][  0]LogConfig: Setting CVar [[r.SSR.MaxRoughness:0]]
[2020.10.10-22.36.39:396][  0]LogConfig: Setting CVar [[r.rhicmdbypass:0]]
[2020.10.10-22.36.39:396][  0]LogConfig: Applying CVar settings from Section [/Script/Engine.RendererOverrideSettings] File [D:/GitHub/SunshinePlanet/SunshinePlanet/Saved/Config/Windows/Engine.ini]
[2020.10.10-22.36.39:396][  0]LogConfig: Applying CVar settings from Section [/Script/Engine.StreamingSettings] File [D:/GitHub/SunshinePlanet/SunshinePlanet/Saved/Config/Windows/Engine.ini]
[2020.10.10-22.36.39:396][  0]LogConfig: Setting CVar [[s.MinBulkDataSizeForAsyncLoading:131072]]
[2020.10.10-22.36.39:396][  0]LogConfig: Setting CVar [[s.AsyncLoadingThreadEnabled:0]]
[2020.10.10-22.36.39:396][  0]LogConfig: Setting CVar [[s.EventDrivenLoaderEnabled:1]]
[2020.10.10-22.36.39:396][  0]LogConfig: Setting CVar [[s.WarnIfTimeLimitExceeded:0]]
[2020.10.10-22.36.39:396][  0]LogConfig: Setting CVar [[s.TimeLimitExceededMultiplier:1.5]]
[2020.10.10-22.36.39:396][  0]LogConfig: Setting CVar [[s.TimeLimitExceededMinTime:0.005]]
[2020.10.10-22.36.39:396][  0]LogConfig: Setting CVar [[s.UseBackgroundLevelStreaming:1]]
[2020.10.10-22.36.39:396][  0]LogConfig: Setting CVar [[s.PriorityAsyncLoadingExtraTime:15.0]]
[2020.10.10-22.36.39:396][  0]LogConfig: Setting CVar [[s.LevelStreamingActorsUpdateTimeLimit:5.0]]
[2020.10.10-22.36.39:396][  0]LogConfig: Setting CVar [[s.PriorityLevelStreamingActorsUpdateExtraTime:5.0]]
[2020.10.10-22.36.39:396][  0]LogConfig: Setting CVar [[s.LevelStreamingComponentsRegistrationGranularity:10]]
[2020.10.10-22.36.39:396][  0]LogConfig: Setting CVar [[s.UnregisterComponentsTimeLimit:1.0]]
[2020.10.10-22.36.39:396][  0]LogConfig: Setting CVar [[s.LevelStreamingComponentsUnregistrationGranularity:5]]
[2020.10.10-22.36.39:396][  0]LogConfig: Setting CVar [[s.FlushStreamingOnExit:1]]
[2020.10.10-22.36.39:396][  0]LogConfig: Applying CVar settings from Section [/Script/Engine.GarbageCollectionSettings] File [D:/GitHub/SunshinePlanet/SunshinePlanet/Saved/Config/Windows/Engine.ini]
[2020.10.10-22.36.39:396][  0]LogConfig: Setting CVar [[gc.MaxObjectsNotConsideredByGC:1]]
[2020.10.10-22.36.39:396][  0]LogConfig: Setting CVar [[gc.SizeOfPermanentObjectPool:0]]
[2020.10.10-22.36.39:396][  0]LogConfig: Setting CVar [[gc.FlushStreamingOnGC:0]]
[2020.10.10-22.36.39:396][  0]LogConfig: Setting CVar [[gc.NumRetriesBeforeForcingGC:10]]
[2020.10.10-22.36.39:396][  0]LogConfig: Setting CVar [[gc.AllowParallelGC:1]]
[2020.10.10-22.36.39:396][  0]LogConfig: Setting CVar [[gc.TimeBetweenPurgingPendingKillObjects:61.1]]
[2020.10.10-22.36.39:396][  0]LogConfig: Setting CVar [[gc.MaxObjectsInEditor:25165824]]
[2020.10.10-22.36.39:396][  0]LogConfig: Setting CVar [[gc.IncrementalBeginDestroyEnabled:1]]
[2020.10.10-22.36.39:396][  0]LogConfig: Setting CVar [[gc.CreateGCClusters:1]]
[2020.10.10-22.36.39:396][  0]LogConfig: Setting CVar [[gc.MinGCClusterSize:5]]
[2020.10.10-22.36.39:396][  0]LogConfig: Setting CVar [[gc.ActorClusteringEnabled:0]]
[2020.10.10-22.36.39:396][  0]LogConfig: Setting CVar [[gc.BlueprintClusteringEnabled:0]]
[2020.10.10-22.36.39:396][  0]LogConfig: Setting CVar [[gc.UseDisregardForGCOnDedicatedServers:0]]
[2020.10.10-22.36.39:396][  0]LogConfig: Applying CVar settings from Section [/Script/Engine.NetworkSettings] File [D:/GitHub/SunshinePlanet/SunshinePlanet/Saved/Config/Windows/Engine.ini]
[2020.10.10-22.36.39:396][  0]LogConfig: Applying CVar settings from Section [/Script/UnrealEd.CookerSettings] File [D:/GitHub/SunshinePlanet/SunshinePlanet/Saved/Config/Windows/Engine.ini]
[2020.10.10-22.36.39:403][  0]LogConfig: Applying CVar settings from Section [ViewDistanceQuality@3] File [D:/GitHub/SunshinePlanet/SunshinePlanet/Saved/Config/Windows/Scalability.ini]
[2020.10.10-22.36.39:403][  0]LogConfig: Setting CVar [[r.SkeletalMeshLODBias:0]]
[2020.10.10-22.36.39:404][  0]LogConfig: Setting CVar [[r.ViewDistanceScale:1.0]]
[2020.10.10-22.36.39:404][  0]LogConfig: Applying CVar settings from Section [AntiAliasingQuality@3] File [D:/GitHub/SunshinePlanet/SunshinePlanet/Saved/Config/Windows/Scalability.ini]
[2020.10.10-22.36.39:404][  0]LogConfig: Setting CVar [[r.PostProcessAAQuality:3]]
[2020.10.10-22.36.39:404][  0]LogConfig: Applying CVar settings from Section [ShadowQuality@3] File [D:/GitHub/SunshinePlanet/SunshinePlanet/Saved/Config/Windows/Scalability.ini]
[2020.10.10-22.36.39:404][  0]LogConfig: Setting CVar [[r.LightFunctionQuality:1]]
[2020.10.10-22.36.39:404][  0]LogConfig: Setting CVar [[r.ShadowQuality:5]]
[2020.10.10-22.36.39:404][  0]LogConfig: Setting CVar [[r.Shadow.CSM.MaxCascades:10]]
[2020.10.10-22.36.39:404][  0]LogConfig: Setting CVar [[r.Shadow.MaxResolution:2048]]
[2020.10.10-22.36.39:404][  0]LogConfig: Setting CVar [[r.Shadow.MaxCSMResolution:2048]]
[2020.10.10-22.36.39:404][  0]LogConfig: Setting CVar [[r.Shadow.RadiusThreshold:0.01]]
[2020.10.10-22.36.39:404][  0]LogConfig: Setting CVar [[r.Shadow.DistanceScale:1.0]]
[2020.10.10-22.36.39:404][  0]LogConfig: Setting CVar [[r.Shadow.CSM.TransitionScale:1.0]]
[2020.10.10-22.36.39:404][  0]LogConfig: Setting CVar [[r.Shadow.PreShadowResolutionFactor:1.0]]
[2020.10.10-22.36.39:404][  0]LogConfig: Setting CVar [[r.DistanceFieldShadowing:1]]
[2020.10.10-22.36.39:404][  0]LogConfig: Setting CVar [[r.DistanceFieldAO:1]]
[2020.10.10-22.36.39:404][  0]LogConfig: Setting CVar [[r.AOQuality:2]]
[2020.10.10-22.36.39:404][  0]LogConfig: Setting CVar [[r.VolumetricFog:1]]
[2020.10.10-22.36.39:404][  0]LogConfig: Setting CVar [[r.VolumetricFog.GridPixelSize:8]]
[2020.10.10-22.36.39:404][  0]LogConfig: Setting CVar [[r.VolumetricFog.GridSizeZ:128]]
[2020.10.10-22.36.39:404][  0]LogConfig: Setting CVar [[r.VolumetricFog.HistoryMissSupersampleCount:4]]
[2020.10.10-22.36.39:404][  0]LogConfig: Setting CVar [[r.LightMaxDrawDistanceScale:1]]
[2020.10.10-22.36.39:404][  0]LogConfig: Setting CVar [[r.CapsuleShadows:1]]
[2020.10.10-22.36.39:404][  0]LogConfig: Applying CVar settings from Section [PostProcessQuality@3] File [D:/GitHub/SunshinePlanet/SunshinePlanet/Saved/Config/Windows/Scalability.ini]
[2020.10.10-22.36.39:404][  0]LogConfig: Setting CVar [[r.MotionBlurQuality:0]]
[2020.10.10-22.36.39:404][  0]LogConfig: Setting CVar [[r.AmbientOcclusionMipLevelFactor:0.4]]
[2020.10.10-22.36.39:404][  0]LogConfig: Setting CVar [[r.AmbientOcclusionMaxQuality:100]]
[2020.10.10-22.36.39:404][  0]LogConfig: Setting CVar [[r.AmbientOcclusionLevels:0]]
[2020.10.10-22.36.39:404][  0]LogConfig: Setting CVar [[r.AmbientOcclusionRadiusScale:1.0]]
[2020.10.10-22.36.39:404][  0]LogConfig: Setting CVar [[r.DepthOfFieldQuality:0]]
[2020.10.10-22.36.39:404][  0]LogConfig: Setting CVar [[r.RenderTargetPoolMin:400]]
[2020.10.10-22.36.39:404][  0]LogConfig: Setting CVar [[r.LensFlareQuality:0]]
[2020.10.10-22.36.39:404][  0]LogConfig: Setting CVar [[r.SceneColorFringeQuality:0]]
[2020.10.10-22.36.39:404][  0]LogConfig: Setting CVar [[r.EyeAdaptationQuality:2]]
[2020.10.10-22.36.39:404][  0]LogConfig: Setting CVar [[r.BloomQuality:1]]
[2020.10.10-22.36.39:404][  0]LogConfig: Setting CVar [[r.FastBlurThreshold:0]]
[2020.10.10-22.36.39:404][  0]LogConfig: Setting CVar [[r.Upscale.Quality:3]]
[2020.10.10-22.36.39:404][  0]LogConfig: Setting CVar [[r.Tonemapper.GrainQuantization:1]]
[2020.10.10-22.36.39:404][  0]LogConfig: Setting CVar [[r.LightShaftQuality:1]]
[2020.10.10-22.36.39:404][  0]LogConfig: Setting CVar [[r.Filter.SizeScale:1]]
[2020.10.10-22.36.39:404][  0]LogConfig: Setting CVar [[r.Tonemapper.Quality:5]]
[2020.10.10-22.36.39:404][  0]LogConfig: Setting CVar [[r.DOF.Gather.AccumulatorQuality:1        ; higher gathering accumulator quality]]
[2020.10.10-22.36.39:404][  0]LogConfig: Setting CVar [[r.DOF.Gather.PostfilterMethod:1          ; Median3x3 postfilering method]]
[2020.10.10-22.36.39:404][  0]LogConfig: Setting CVar [[r.DOF.Gather.EnableBokehSettings:0       ; no bokeh simulation when gathering]]
[2020.10.10-22.36.39:404][  0]LogConfig: Setting CVar [[r.DOF.Gather.RingCount:4                 ; medium number of samples when gathering]]
[2020.10.10-22.36.39:404][  0]LogConfig: Setting CVar [[r.DOF.Scatter.ForegroundCompositing:1    ; additive foreground scattering]]
[2020.10.10-22.36.39:404][  0]LogConfig: Setting CVar [[r.DOF.Scatter.BackgroundCompositing:2    ; additive background scattering]]
[2020.10.10-22.36.39:404][  0]LogConfig: Setting CVar [[r.DOF.Scatter.EnableBokehSettings:1      ; bokeh simulation when scattering]]
[2020.10.10-22.36.39:404][  0]LogConfig: Setting CVar [[r.DOF.Scatter.MaxSpriteRatio:0.1         ; only a maximum of 10% of scattered bokeh]]
[2020.10.10-22.36.39:404][  0]LogConfig: Setting CVar [[r.DOF.Recombine.Quality:1                ; cheap slight out of focus]]
[2020.10.10-22.36.39:404][  0]LogConfig: Setting CVar [[r.DOF.Recombine.EnableBokehSettings:0    ; no bokeh simulation on slight out of focus]]
[2020.10.10-22.36.39:404][  0]LogConfig: Setting CVar [[r.DOF.TemporalAAQuality:1                ; more stable temporal accumulation]]
[2020.10.10-22.36.39:405][  0]LogConfig: Setting CVar [[r.DOF.Kernel.MaxForegroundRadius:0.025]]
[2020.10.10-22.36.39:405][  0]LogConfig: Setting CVar [[r.DOF.Kernel.MaxBackgroundRadius:0.025]]
[2020.10.10-22.36.39:405][  0]LogConfig: Applying CVar settings from Section [TextureQuality@3] File [D:/GitHub/SunshinePlanet/SunshinePlanet/Saved/Config/Windows/Scalability.ini]
[2020.10.10-22.36.39:405][  0]LogConfig: Setting CVar [[r.Streaming.MipBias:0]]
[2020.10.10-22.36.39:405][  0]LogConfig: Setting CVar [[r.Streaming.AmortizeCPUToGPUCopy:0]]
[2020.10.10-22.36.39:405][  0]LogConfig: Setting CVar [[r.Streaming.MaxNumTexturesToStreamPerFrame:0]]
[2020.10.10-22.36.39:405][  0]LogConfig: Setting CVar [[r.Streaming.Boost:1]]
[2020.10.10-22.36.39:405][  0]LogConfig: Setting CVar [[r.MaxAnisotropy:8]]
[2020.10.10-22.36.39:405][  0]LogConfig: Setting CVar [[r.VT.MaxAnisotropy:8]]
[2020.10.10-22.36.39:405][  0]LogConfig: Setting CVar [[r.Streaming.LimitPoolSizeToVRAM:0]]
[2020.10.10-22.36.39:405][  0]LogConfig: Setting CVar [[r.Streaming.PoolSize:1000]]
[2020.10.10-22.36.39:405][  0]LogConfig: Setting CVar [[r.Streaming.MaxEffectiveScreenSize:0]]
[2020.10.10-22.36.39:405][  0]LogConfig: Applying CVar settings from Section [EffectsQuality@3] File [D:/GitHub/SunshinePlanet/SunshinePlanet/Saved/Config/Windows/Scalability.ini]
[2020.10.10-22.36.39:405][  0]LogConfig: Setting CVar [[r.TranslucencyLightingVolumeDim:4]]
[2020.10.10-22.36.39:405][  0]LogConfig: Setting CVar [[r.RefractionQuality:2]]
[2020.10.10-22.36.39:405][  0]LogConfig: Setting CVar [[r.SSR.Quality:0]]
[2020.10.10-22.36.39:405][  0]LogConfig: Setting CVar [[r.SSR.HalfResSceneColor:0]]
[2020.10.10-22.36.39:405][  0]LogConfig: Setting CVar [[r.SceneColorFormat:2]]
[2020.10.10-22.36.39:405][  0]LogConfig: Setting CVar [[r.DetailMode:2]]
[2020.10.10-22.36.39:405][  0]LogConfig: Setting CVar [[r.TranslucencyVolumeBlur:0]]
[2020.10.10-22.36.39:405][  0]LogConfig: Setting CVar [[r.MaterialQualityLevel:1 ; High quality]]
[2020.10.10-22.36.39:405][  0]LogConfig: Setting CVar [[r.SSS.Scale:1]]
[2020.10.10-22.36.39:405][  0]LogConfig: Setting CVar [[r.SSS.SampleSet:2]]
[2020.10.10-22.36.39:405][  0]LogConfig: Setting CVar [[r.SSS.Quality:1]]
[2020.10.10-22.36.39:405][  0]LogConfig: Setting CVar [[r.SSS.HalfRes:0]]
[2020.10.10-22.36.39:405][  0]LogConfig: Setting CVar [[r.SSGI.Quality:3]]
[2020.10.10-22.36.39:405][  0]LogConfig: Setting CVar [[r.EmitterSpawnRateScale:1.0]]
[2020.10.10-22.36.39:405][  0]LogConfig: Setting CVar [[r.ParticleLightQuality:2]]
[2020.10.10-22.36.39:405][  0]LogConfig: Setting CVar [[r.SkyAtmosphere.AerialPerspectiveLUT.FastApplyOnOpaque:1 ; Always have FastSkyLUT 1 in this case to avoid wrong sky]]
[2020.10.10-22.36.39:405][  0]LogConfig: Setting CVar [[r.SkyAtmosphere.AerialPerspectiveLUT.SampleCountPerSlice:1]]
[2020.10.10-22.36.39:405][  0]LogConfig: Setting CVar [[r.SkyAtmosphere.AerialPerspectiveLUT.DepthResolution:16.0]]
[2020.10.10-22.36.39:405][  0]LogConfig: Setting CVar [[r.SkyAtmosphere.FastSkyLUT:1]]
[2020.10.10-22.36.39:405][  0]LogConfig: Setting CVar [[r.SkyAtmosphere.FastSkyLUT.SampleCountMin:4.0]]
[2020.10.10-22.36.39:405][  0]LogConfig: Setting CVar [[r.SkyAtmosphere.FastSkyLUT.SampleCountMax:32.0]]
[2020.10.10-22.36.39:405][  0]LogConfig: Setting CVar [[r.SkyAtmosphere.SampleCountMin:4.0]]
[2020.10.10-22.36.39:405][  0]LogConfig: Setting CVar [[r.SkyAtmosphere.SampleCountMax:32.0]]
[2020.10.10-22.36.39:405][  0]LogConfig: Setting CVar [[r.SkyAtmosphere.TransmittanceLUT.UseSmallFormat:0]]
[2020.10.10-22.36.39:405][  0]LogConfig: Setting CVar [[r.SkyAtmosphere.TransmittanceLUT.SampleCount:10.0]]
[2020.10.10-22.36.39:405][  0]LogConfig: Setting CVar [[r.SkyAtmosphere.MultiScatteringLUT.SampleCount:15.0]]
[2020.10.10-22.36.39:405][  0]LogConfig: Applying CVar settings from Section [FoliageQuality@3] File [D:/GitHub/SunshinePlanet/SunshinePlanet/Saved/Config/Windows/Scalability.ini]
[2020.10.10-22.36.39:405][  0]LogConfig: Setting CVar [[foliage.DensityScale:1.0]]
[2020.10.10-22.36.39:405][  0]LogConfig: Setting CVar [[grass.DensityScale:1.0]]
[2020.10.10-22.36.39:405][  0]LogConfig: Applying CVar settings from Section [ShadingQuality@3] File [D:/GitHub/SunshinePlanet/SunshinePlanet/Saved/Config/Windows/Scalability.ini]
[2020.10.10-22.36.39:405][  0]LogConfig: Setting CVar [[r.HairStrands.SkyLighting.SampleCount:16]]
[2020.10.10-22.36.39:405][  0]LogConfig: Setting CVar [[r.HairStrands.SkyLighting.JitterIntegration:0]]
[2020.10.10-22.36.39:405][  0]LogConfig: Setting CVar [[r.HairStrands.SkyAO.SampleCount:16]]
[2020.10.10-22.36.39:405][  0]LogConfig: Setting CVar [[r.HairStrands.DeepShadow.SuperSampling:0]]
[2020.10.10-22.36.39:405][  0]LogConfig: Setting CVar [[r.HairStrands.VisibilityPPLL:0]]
[2020.10.10-22.36.39:405][  0]LogConfig: Setting CVar [[r.HairStrands.RasterizationScale:0.5]]
[2020.10.10-22.36.39:406][  0]LogConfig: Setting CVar [[r.HairStrands.VelocityRasterizationScale:1]]
[2020.10.10-22.36.39:406][  0]LogInit: Selected Device Profile: [Windows]
[2020.10.10-22.36.39:406][  0]LogInit: Applying CVar settings loaded from the selected device profile: [Windows]
[2020.10.10-22.36.39:406][  0]LogHAL: Display: Platform has ~ 32 GB [34284802048 / 34359738368 / 32], which maps to Largest [LargestMinGB=32, LargerMinGB=12, DefaultMinGB=8, SmallerMinGB=6, SmallestMinGB=0)
[2020.10.10-22.36.39:406][  0]LogInit: Going up to parent DeviceProfile []
[2020.10.10-22.36.39:406][  0]LogConfig: Applying CVar settings from Section [ViewDistanceQuality@3] File [D:/GitHub/SunshinePlanet/SunshinePlanet/Saved/Config/Windows/Scalability.ini]
[2020.10.10-22.36.39:406][  0]LogConfig: Setting CVar [[r.SkeletalMeshLODBias:0]]
[2020.10.10-22.36.39:406][  0]LogConfig: Setting CVar [[r.ViewDistanceScale:1.0]]
[2020.10.10-22.36.39:406][  0]LogConfig: Applying CVar settings from Section [AntiAliasingQuality@3] File [D:/GitHub/SunshinePlanet/SunshinePlanet/Saved/Config/Windows/Scalability.ini]
[2020.10.10-22.36.39:406][  0]LogConfig: Setting CVar [[r.PostProcessAAQuality:3]]
[2020.10.10-22.36.39:406][  0]LogConfig: Applying CVar settings from Section [ShadowQuality@3] File [D:/GitHub/SunshinePlanet/SunshinePlanet/Saved/Config/Windows/Scalability.ini]
[2020.10.10-22.36.39:406][  0]LogConfig: Setting CVar [[r.LightFunctionQuality:1]]
[2020.10.10-22.36.39:406][  0]LogConfig: Setting CVar [[r.ShadowQuality:5]]
[2020.10.10-22.36.39:406][  0]LogConfig: Setting CVar [[r.Shadow.CSM.MaxCascades:10]]
[2020.10.10-22.36.39:406][  0]LogConfig: Setting CVar [[r.Shadow.MaxResolution:2048]]
[2020.10.10-22.36.39:406][  0]LogConfig: Setting CVar [[r.Shadow.MaxCSMResolution:2048]]
[2020.10.10-22.36.39:406][  0]LogConfig: Setting CVar [[r.Shadow.RadiusThreshold:0.01]]
[2020.10.10-22.36.39:406][  0]LogConfig: Setting CVar [[r.Shadow.DistanceScale:1.0]]
[2020.10.10-22.36.39:406][  0]LogConfig: Setting CVar [[r.Shadow.CSM.TransitionScale:1.0]]
[2020.10.10-22.36.39:406][  0]LogConfig: Setting CVar [[r.Shadow.PreShadowResolutionFactor:1.0]]
[2020.10.10-22.36.39:406][  0]LogConfig: Setting CVar [[r.DistanceFieldShadowing:1]]
[2020.10.10-22.36.39:406][  0]LogConfig: Setting CVar [[r.DistanceFieldAO:1]]
[2020.10.10-22.36.39:406][  0]LogConfig: Setting CVar [[r.AOQuality:2]]
[2020.10.10-22.36.39:406][  0]LogConfig: Setting CVar [[r.VolumetricFog:1]]
[2020.10.10-22.36.39:406][  0]LogConfig: Setting CVar [[r.VolumetricFog.GridPixelSize:8]]
[2020.10.10-22.36.39:406][  0]LogConfig: Setting CVar [[r.VolumetricFog.GridSizeZ:128]]
[2020.10.10-22.36.39:406][  0]LogConfig: Setting CVar [[r.VolumetricFog.HistoryMissSupersampleCount:4]]
[2020.10.10-22.36.39:406][  0]LogConfig: Setting CVar [[r.LightMaxDrawDistanceScale:1]]
[2020.10.10-22.36.39:406][  0]LogConfig: Setting CVar [[r.CapsuleShadows:1]]
[2020.10.10-22.36.39:406][  0]LogConfig: Applying CVar settings from Section [PostProcessQuality@3] File [D:/GitHub/SunshinePlanet/SunshinePlanet/Saved/Config/Windows/Scalability.ini]
[2020.10.10-22.36.39:406][  0]LogConfig: Setting CVar [[r.MotionBlurQuality:0]]
[2020.10.10-22.36.39:406][  0]LogConfig: Setting CVar [[r.AmbientOcclusionMipLevelFactor:0.4]]
[2020.10.10-22.36.39:406][  0]LogConfig: Setting CVar [[r.AmbientOcclusionMaxQuality:100]]
[2020.10.10-22.36.39:406][  0]LogConfig: Setting CVar [[r.AmbientOcclusionLevels:0]]
[2020.10.10-22.36.39:406][  0]LogConfig: Setting CVar [[r.AmbientOcclusionRadiusScale:1.0]]
[2020.10.10-22.36.39:406][  0]LogConfig: Setting CVar [[r.DepthOfFieldQuality:0]]
[2020.10.10-22.36.39:406][  0]LogConfig: Setting CVar [[r.RenderTargetPoolMin:400]]
[2020.10.10-22.36.39:406][  0]LogConfig: Setting CVar [[r.LensFlareQuality:0]]
[2020.10.10-22.36.39:406][  0]LogConfig: Setting CVar [[r.SceneColorFringeQuality:0]]
[2020.10.10-22.36.39:406][  0]LogConfig: Setting CVar [[r.EyeAdaptationQuality:2]]
[2020.10.10-22.36.39:406][  0]LogConfig: Setting CVar [[r.BloomQuality:1]]
[2020.10.10-22.36.39:407][  0]LogConfig: Setting CVar [[r.FastBlurThreshold:0]]
[2020.10.10-22.36.39:407][  0]LogConfig: Setting CVar [[r.Upscale.Quality:3]]
[2020.10.10-22.36.39:407][  0]LogConfig: Setting CVar [[r.Tonemapper.GrainQuantization:1]]
[2020.10.10-22.36.39:407][  0]LogConfig: Setting CVar [[r.LightShaftQuality:1]]
[2020.10.10-22.36.39:407][  0]LogConfig: Setting CVar [[r.Filter.SizeScale:1]]
[2020.10.10-22.36.39:407][  0]LogConfig: Setting CVar [[r.Tonemapper.Quality:5]]
[2020.10.10-22.36.39:407][  0]LogConfig: Setting CVar [[r.DOF.Gather.AccumulatorQuality:1        ; higher gathering accumulator quality]]
[2020.10.10-22.36.39:407][  0]LogConfig: Setting CVar [[r.DOF.Gather.PostfilterMethod:1          ; Median3x3 postfilering method]]
[2020.10.10-22.36.39:407][  0]LogConfig: Setting CVar [[r.DOF.Gather.EnableBokehSettings:0       ; no bokeh simulation when gathering]]
[2020.10.10-22.36.39:407][  0]LogConfig: Setting CVar [[r.DOF.Gather.RingCount:4                 ; medium number of samples when gathering]]
[2020.10.10-22.36.39:407][  0]LogConfig: Setting CVar [[r.DOF.Scatter.ForegroundCompositing:1    ; additive foreground scattering]]
[2020.10.10-22.36.39:407][  0]LogConfig: Setting CVar [[r.DOF.Scatter.BackgroundCompositing:2    ; additive background scattering]]
[2020.10.10-22.36.39:407][  0]LogConfig: Setting CVar [[r.DOF.Scatter.EnableBokehSettings:1      ; bokeh simulation when scattering]]
[2020.10.10-22.36.39:407][  0]LogConfig: Setting CVar [[r.DOF.Scatter.MaxSpriteRatio:0.1         ; only a maximum of 10% of scattered bokeh]]
[2020.10.10-22.36.39:407][  0]LogConfig: Setting CVar [[r.DOF.Recombine.Quality:1                ; cheap slight out of focus]]
[2020.10.10-22.36.39:407][  0]LogConfig: Setting CVar [[r.DOF.Recombine.EnableBokehSettings:0    ; no bokeh simulation on slight out of focus]]
[2020.10.10-22.36.39:407][  0]LogConfig: Setting CVar [[r.DOF.TemporalAAQuality:1                ; more stable temporal accumulation]]
[2020.10.10-22.36.39:407][  0]LogConfig: Setting CVar [[r.DOF.Kernel.MaxForegroundRadius:0.025]]
[2020.10.10-22.36.39:407][  0]LogConfig: Setting CVar [[r.DOF.Kernel.MaxBackgroundRadius:0.025]]
[2020.10.10-22.36.39:407][  0]LogConfig: Applying CVar settings from Section [TextureQuality@3] File [D:/GitHub/SunshinePlanet/SunshinePlanet/Saved/Config/Windows/Scalability.ini]
[2020.10.10-22.36.39:407][  0]LogConfig: Setting CVar [[r.Streaming.MipBias:0]]
[2020.10.10-22.36.39:407][  0]LogConfig: Setting CVar [[r.Streaming.AmortizeCPUToGPUCopy:0]]
[2020.10.10-22.36.39:407][  0]LogConfig: Setting CVar [[r.Streaming.MaxNumTexturesToStreamPerFrame:0]]
[2020.10.10-22.36.39:407][  0]LogConfig: Setting CVar [[r.Streaming.Boost:1]]
[2020.10.10-22.36.39:407][  0]LogConfig: Setting CVar [[r.MaxAnisotropy:8]]
[2020.10.10-22.36.39:407][  0]LogConfig: Setting CVar [[r.VT.MaxAnisotropy:8]]
[2020.10.10-22.36.39:407][  0]LogConfig: Setting CVar [[r.Streaming.LimitPoolSizeToVRAM:0]]
[2020.10.10-22.36.39:407][  0]LogConfig: Setting CVar [[r.Streaming.PoolSize:1000]]
[2020.10.10-22.36.39:407][  0]LogConfig: Setting CVar [[r.Streaming.MaxEffectiveScreenSize:0]]
[2020.10.10-22.36.39:407][  0]LogConfig: Applying CVar settings from Section [EffectsQuality@3] File [D:/GitHub/SunshinePlanet/SunshinePlanet/Saved/Config/Windows/Scalability.ini]
[2020.10.10-22.36.39:407][  0]LogConfig: Setting CVar [[r.TranslucencyLightingVolumeDim:4]]
[2020.10.10-22.36.39:407][  0]LogConfig: Setting CVar [[r.RefractionQuality:2]]
[2020.10.10-22.36.39:407][  0]LogConfig: Setting CVar [[r.SSR.Quality:0]]
[2020.10.10-22.36.39:407][  0]LogConfig: Setting CVar [[r.SSR.HalfResSceneColor:0]]
[2020.10.10-22.36.39:407][  0]LogConfig: Setting CVar [[r.SceneColorFormat:2]]
[2020.10.10-22.36.39:407][  0]LogConfig: Setting CVar [[r.DetailMode:2]]
[2020.10.10-22.36.39:407][  0]LogConfig: Setting CVar [[r.TranslucencyVolumeBlur:0]]
[2020.10.10-22.36.39:407][  0]LogConfig: Setting CVar [[r.MaterialQualityLevel:1 ; High quality]]
[2020.10.10-22.36.39:407][  0]LogConfig: Setting CVar [[r.SSS.Scale:1]]
[2020.10.10-22.36.39:407][  0]LogConfig: Setting CVar [[r.SSS.SampleSet:2]]
[2020.10.10-22.36.39:407][  0]LogConfig: Setting CVar [[r.SSS.Quality:1]]
[2020.10.10-22.36.39:407][  0]LogConfig: Setting CVar [[r.SSS.HalfRes:0]]
[2020.10.10-22.36.39:407][  0]LogConfig: Setting CVar [[r.SSGI.Quality:3]]
[2020.10.10-22.36.39:407][  0]LogConfig: Setting CVar [[r.EmitterSpawnRateScale:1.0]]
[2020.10.10-22.36.39:407][  0]LogConfig: Setting CVar [[r.ParticleLightQuality:2]]
[2020.10.10-22.36.39:407][  0]LogConfig: Setting CVar [[r.SkyAtmosphere.AerialPerspectiveLUT.FastApplyOnOpaque:1 ; Always have FastSkyLUT 1 in this case to avoid wrong sky]]
[2020.10.10-22.36.39:407][  0]LogConfig: Setting CVar [[r.SkyAtmosphere.AerialPerspectiveLUT.SampleCountPerSlice:1]]
[2020.10.10-22.36.39:407][  0]LogConfig: Setting CVar [[r.SkyAtmosphere.AerialPerspectiveLUT.DepthResolution:16.0]]
[2020.10.10-22.36.39:407][  0]LogConfig: Setting CVar [[r.SkyAtmosphere.FastSkyLUT:1]]
[2020.10.10-22.36.39:407][  0]LogConfig: Setting CVar [[r.SkyAtmosphere.FastSkyLUT.SampleCountMin:4.0]]
[2020.10.10-22.36.39:407][  0]LogConfig: Setting CVar [[r.SkyAtmosphere.FastSkyLUT.SampleCountMax:32.0]]
[2020.10.10-22.36.39:407][  0]LogConfig: Setting CVar [[r.SkyAtmosphere.SampleCountMin:4.0]]
[2020.10.10-22.36.39:407][  0]LogConfig: Setting CVar [[r.SkyAtmosphere.SampleCountMax:32.0]]
[2020.10.10-22.36.39:407][  0]LogConfig: Setting CVar [[r.SkyAtmosphere.TransmittanceLUT.UseSmallFormat:0]]
[2020.10.10-22.36.39:407][  0]LogConfig: Setting CVar [[r.SkyAtmosphere.TransmittanceLUT.SampleCount:10.0]]
[2020.10.10-22.36.39:408][  0]LogConfig: Setting CVar [[r.SkyAtmosphere.MultiScatteringLUT.SampleCount:15.0]]
[2020.10.10-22.36.39:408][  0]LogConfig: Applying CVar settings from Section [FoliageQuality@3] File [D:/GitHub/SunshinePlanet/SunshinePlanet/Saved/Config/Windows/Scalability.ini]
[2020.10.10-22.36.39:408][  0]LogConfig: Setting CVar [[foliage.DensityScale:1.0]]
[2020.10.10-22.36.39:408][  0]LogConfig: Setting CVar [[grass.DensityScale:1.0]]
[2020.10.10-22.36.39:408][  0]LogConfig: Applying CVar settings from Section [ShadingQuality@3] File [D:/GitHub/SunshinePlanet/SunshinePlanet/Saved/Config/Windows/Scalability.ini]
[2020.10.10-22.36.39:408][  0]LogConfig: Setting CVar [[r.HairStrands.SkyLighting.SampleCount:16]]
[2020.10.10-22.36.39:408][  0]LogConfig: Setting CVar [[r.HairStrands.SkyLighting.JitterIntegration:0]]
[2020.10.10-22.36.39:408][  0]LogConfig: Setting CVar [[r.HairStrands.SkyAO.SampleCount:16]]
[2020.10.10-22.36.39:408][  0]LogConfig: Setting CVar [[r.HairStrands.DeepShadow.SuperSampling:0]]
[2020.10.10-22.36.39:408][  0]LogConfig: Setting CVar [[r.HairStrands.VisibilityPPLL:0]]
[2020.10.10-22.36.39:408][  0]LogConfig: Setting CVar [[r.HairStrands.RasterizationScale:0.5]]
[2020.10.10-22.36.39:408][  0]LogConfig: Setting CVar [[r.HairStrands.VelocityRasterizationScale:1]]
[2020.10.10-22.36.39:408][  0]LogConfig: Applying CVar settings from Section [Startup] File [../../../Engine/Config/ConsoleVariables.ini]
[2020.10.10-22.36.39:408][  0]LogConfig: Setting CVar [[net.UseAdaptiveNetUpdateFrequency:0]]
[2020.10.10-22.36.39:408][  0]LogConfig: Setting CVar [[p.chaos.AllowCreatePhysxBodies:1]]
[2020.10.10-22.36.39:408][  0]LogConfig: Setting CVar [[fx.SkipVectorVMBackendOptimizations:1]]
[2020.10.10-22.36.39:408][  0]LogConfig: Applying CVar settings from Section [ConsoleVariables] File [D:/GitHub/SunshinePlanet/SunshinePlanet/Saved/Config/Windows/Engine.ini]
[2020.10.10-22.36.39:408][  0]LogInit: Computer: DESKTOP-O4LOH7J
[2020.10.10-22.36.39:408][  0]LogInit: User: jorda
[2020.10.10-22.36.39:408][  0]LogInit: CPU Page size=4096, Cores=8
[2020.10.10-22.36.39:408][  0]LogInit: High frequency timer resolution =10.000000 MHz
[2020.10.10-22.36.39:409][  0]LogMemory: Memory total: Physical=31.9GB (32GB approx)
[2020.10.10-22.36.39:409][  0]LogMemory: Platform Memory Stats for Windows
[2020.10.10-22.36.39:409][  0]LogMemory: Process Physical Memory: 119.49 MB used, 119.49 MB peak
[2020.10.10-22.36.39:409][  0]LogMemory: Process Virtual Memory: 102.23 MB used, 102.23 MB peak
[2020.10.10-22.36.39:409][  0]LogMemory: Physical Memory: 26133.09 MB used,  6563.45 MB free, 32696.54 MB total
[2020.10.10-22.36.39:409][  0]LogMemory: Virtual Memory: 5228.05 MB used,  134212496.00 MB free, 134217728.00 MB total
[2020.10.10-22.36.39:419][  0]LogWindows: WindowsPlatformFeatures enabled
[2020.10.10-22.36.39:469][  0]LogInit: Physics initialised using underlying interface: PhysX
[2020.10.10-22.36.39:470][  0]LogInit: Using OS detected language (en-US).
[2020.10.10-22.36.39:470][  0]LogInit: Using OS detected locale (en-US).
[2020.10.10-22.36.39:472][  0]LogTextLocalizationManager: No specific localization for 'en-US' exists, so the 'en' localization will be used.
[2020.10.10-22.36.39:828][  0]LogInit: Setting process to per monitor DPI aware
[2020.10.10-22.36.39:909][  0]LogSlate: New Slate User Created.  User Index 0, Is Virtual User: 0
[2020.10.10-22.36.39:909][  0]LogSlate: Slate User Registered.  User Index 0, Is Virtual User: 0
[2020.10.10-22.36.40:185][  0]LogHMD: Failed to initialize OpenVR with code 126
[2020.10.10-22.36.40:185][  0]LogD3D11RHI: D3D11 min allowed feature level: 11_0
[2020.10.10-22.36.40:185][  0]LogD3D11RHI: D3D11 max allowed feature level: 11_0
[2020.10.10-22.36.40:186][  0]LogD3D11RHI: D3D11 adapters:
[2020.10.10-22.36.40:308][  0]LogD3D11RHI:    0. 'NVIDIA GeForce RTX 2070' (Feature Level 11_0)
[2020.10.10-22.36.40:308][  0]LogD3D11RHI:       8031/0/16348 MB DedicatedVideo/DedicatedSystem/SharedSystem, Outputs:2, VendorId:0x10de
[2020.10.10-22.36.40:313][  0]LogD3D11RHI:    1. 'Microsoft Basic Render Driver' (Feature Level 11_0)
[2020.10.10-22.36.40:313][  0]LogD3D11RHI:       0/0/16348 MB DedicatedVideo/DedicatedSystem/SharedSystem, Outputs:0, VendorId:0x1414
[2020.10.10-22.36.40:313][  0]LogD3D11RHI: Chosen D3D11 Adapter: 0
[2020.10.10-22.36.40:337][  0]LogD3D11RHI: Creating new Direct3DDevice
[2020.10.10-22.36.40:337][  0]LogD3D11RHI:     GPU DeviceId: 0x1f02 (for the marketing name, search the web for "GPU Device Id")
[2020.10.10-22.36.40:337][  0]LogWindows: EnumDisplayDevices:
[2020.10.10-22.36.40:338][  0]LogWindows:    0. 'NVIDIA GeForce RTX 2070' (P:1 D:1)
[2020.10.10-22.36.40:338][  0]LogWindows:    1. 'NVIDIA GeForce RTX 2070' (P:0 D:1)
[2020.10.10-22.36.40:339][  0]LogWindows:    2. 'NVIDIA GeForce RTX 2070' (P:0 D:0)
[2020.10.10-22.36.40:339][  0]LogWindows:    3. 'NVIDIA GeForce RTX 2070' (P:0 D:0)
[2020.10.10-22.36.40:340][  0]LogWindows: DebugString: FoundDriverCount:4 
[2020.10.10-22.36.40:340][  0]LogD3D11RHI:     Adapter Name: NVIDIA GeForce RTX 2070
[2020.10.10-22.36.40:340][  0]LogD3D11RHI:   Driver Version: 446.14 (internal:26.21.14.4614, unified:446.14)
[2020.10.10-22.36.40:340][  0]LogD3D11RHI:      Driver Date: 5-15-2020
[2020.10.10-22.36.40:340][  0]LogRHI: Texture pool is 5621 MB (70% of 8031 MB)
[2020.10.10-22.36.40:450][  0]LogD3D11RHI: RHI has support for 64 bit atomics
[2020.10.10-22.36.40:453][  0]LogD3D11RHI: [Aftermath] Enabled and primed
[2020.10.10-22.36.40:453][  0]LogD3D11RHI: Async texture creation enabled
[2020.10.10-22.36.40:453][  0]LogD3D11RHI: Array index from any shader is supported
[2020.10.10-22.36.40:483][  0]LogD3D11RHI: GPU Timing Frequency: 1000.000000 (Debug: 2 1)
[2020.10.10-22.36.41:399][  0]LogTargetPlatformManager: Display: Loaded TargetPlatform 'AllDesktop'
[2020.10.10-22.36.41:435][  0]LogTargetPlatformManager: Display: Loaded TargetPlatform 'Android'
[2020.10.10-22.36.41:435][  0]LogTargetPlatformManager: Display: Loaded TargetPlatform 'Android_ASTC'
[2020.10.10-22.36.41:435][  0]LogTargetPlatformManager: Display: Loaded TargetPlatform 'Android_DXT'
[2020.10.10-22.36.41:435][  0]LogTargetPlatformManager: Display: Loaded TargetPlatform 'Android_ETC2'
[2020.10.10-22.36.41:435][  0]LogTargetPlatformManager: Display: Loaded TargetPlatform 'AndroidClient'
[2020.10.10-22.36.41:435][  0]LogTargetPlatformManager: Display: Loaded TargetPlatform 'Android_ASTCClient'
[2020.10.10-22.36.41:435][  0]LogTargetPlatformManager: Display: Loaded TargetPlatform 'Android_DXTClient'
[2020.10.10-22.36.41:435][  0]LogTargetPlatformManager: Display: Loaded TargetPlatform 'Android_ETC2Client'
[2020.10.10-22.36.41:435][  0]LogTargetPlatformManager: Display: Loaded TargetPlatform 'Android_Multi'
[2020.10.10-22.36.41:435][  0]LogTargetPlatformManager: Display: Loaded TargetPlatform 'Android_MultiClient'
[2020.10.10-22.36.41:471][  0]LogTargetPlatformManager: Display: Loaded TargetPlatform 'IOSClient'
[2020.10.10-22.36.41:471][  0]LogTargetPlatformManager: Display: Loaded TargetPlatform 'IOS'
[2020.10.10-22.36.41:486][  0]LogTargetPlatformManager: Display: Loaded TargetPlatform 'Linux'
[2020.10.10-22.36.41:501][  0]LogTargetPlatformManager: Display: Loaded TargetPlatform 'LinuxNoEditor'
[2020.10.10-22.36.41:516][  0]LogTargetPlatformManager: Display: Loaded TargetPlatform 'LinuxClient'
[2020.10.10-22.36.41:531][  0]LogTargetPlatformManager: Display: Loaded TargetPlatform 'LinuxServer'
[2020.10.10-22.36.41:545][  0]LogTargetPlatformManager: Display: Loaded TargetPlatform 'LinuxAArch64NoEditor'
[2020.10.10-22.36.41:560][  0]LogTargetPlatformManager: Display: Loaded TargetPlatform 'LinuxAArch64Client'
[2020.10.10-22.36.41:574][  0]LogTargetPlatformManager: Display: Loaded TargetPlatform 'LinuxAArch64Server'
[2020.10.10-22.36.41:616][  0]LogTargetPlatformManager: Display: Loaded TargetPlatform 'Lumin'
[2020.10.10-22.36.41:617][  0]LogTargetPlatformManager: Display: Loaded TargetPlatform 'LuminClient'
[2020.10.10-22.36.41:640][  0]LogTargetPlatformManager: Display: Loaded TargetPlatform 'TVOSClient'
[2020.10.10-22.36.41:640][  0]LogTargetPlatformManager: Display: Loaded TargetPlatform 'TVOS'
[2020.10.10-22.36.41:653][  0]LogTargetPlatformManager: Display: Loaded TargetPlatform 'WindowsNoEditor'
[2020.10.10-22.36.41:667][  0]LogTargetPlatformManager: Display: Loaded TargetPlatform 'Windows'
[2020.10.10-22.36.41:681][  0]LogTargetPlatformManager: Display: Loaded TargetPlatform 'WindowsClient'
[2020.10.10-22.36.41:698][  0]LogTargetPlatformManager: Display: Loaded TargetPlatform 'WindowsServer'
[2020.10.10-22.36.41:698][  0]LogTargetPlatformManager: Display: Building Assets For Windows
[2020.10.10-22.36.41:708][  0]LogAudioDebug: Display: Lib vorbis DLL was dynamically loaded.
[2020.10.10-22.36.41:795][  0]LogShaderCompilers: Guid format shader working directory is -6 characters bigger than the processId version (../../../../../GitHub/SunshinePlanet/SunshinePlanet/Intermediate/Shaders/WorkingDirectory/21992/).
[2020.10.10-22.36.41:795][  0]LogShaderCompilers: Cleaned the shader compiler working directory 'C:/Users/jorda/AppData/Local/Temp/UnrealShaderWorkingDir/C280E82145FAB5F0EA3DB7BF6A6A1539/'.
[2020.10.10-22.36.41:796][  0]LogXGEController: Cannot use XGE Controller as Incredibuild is not installed on this machine.
[2020.10.10-22.36.41:796][  0]LogShaderCompilers: Cannot use XGE Shader Compiler as Incredibuild is not installed on this machine.
[2020.10.10-22.36.41:796][  0]LogShaderCompilers: Display: Using Local Shader Compiler.
[2020.10.10-22.36.42:965][  0]LogDerivedDataCache: Display: Max Cache Size: 512 MB
[2020.10.10-22.36.43:106][  0]LogDerivedDataCache: Loaded boot cache 0.14s 80MB C:/Users/jorda/AppData/Local/UnrealEngine/4.25/DerivedDataCache/Boot.ddc.
[2020.10.10-22.36.43:106][  0]LogDerivedDataCache: Display: Loaded Boot cache: C:/Users/jorda/AppData/Local/UnrealEngine/4.25/DerivedDataCache/Boot.ddc
[2020.10.10-22.36.43:106][  0]LogDerivedDataCache: FDerivedDataBackendGraph:  Pak pak cache file ../../../../../GitHub/SunshinePlanet/SunshinePlanet/DerivedDataCache/DDC.ddp not found, will not use a pak cache.
[2020.10.10-22.36.43:106][  0]LogDerivedDataCache: Unable to find inner node Pak for hierarchical cache Hierarchy.
[2020.10.10-22.36.43:107][  0]LogDerivedDataCache: FDerivedDataBackendGraph:  CompressedPak pak cache file ../../../../../GitHub/SunshinePlanet/SunshinePlanet/DerivedDataCache/Compressed.ddp not found, will not use a pak cache.
[2020.10.10-22.36.43:107][  0]LogDerivedDataCache: Unable to find inner node CompressedPak for hierarchical cache Hierarchy.
[2020.10.10-22.36.43:132][  0]LogDerivedDataCache: Display: Pak cache opened for reading ../../../Engine/DerivedDataCache/Compressed.ddp.
[2020.10.10-22.36.43:132][  0]LogDerivedDataCache: FDerivedDataBackendGraph:  EnterprisePak pak cache file ../../../Enterprise/DerivedDataCache/Compressed.ddp not found, will not use a pak cache.
[2020.10.10-22.36.43:132][  0]LogDerivedDataCache: Unable to find inner node EnterprisePak for hierarchical cache Hierarchy.
[2020.10.10-22.36.43:158][  0]LogDerivedDataCache: Using Local data cache path C:/Users/jorda/AppData/Local/UnrealEngine/Common/DerivedDataCache: Writable
[2020.10.10-22.36.43:158][  0]LogDerivedDataCache: Shared data cache path not found in *engine.ini, will not use an Shared cache.
[2020.10.10-22.36.43:158][  0]LogDerivedDataCache: Unable to find inner node Shared for hierarchical cache Hierarchy.
[2020.10.10-22.36.45:764][  0]LogSlate: Using FreeType 2.10.0
[2020.10.10-22.36.45:765][  0]LogSlate: SlateFontServices - WITH_FREETYPE: 1, WITH_HARFBUZZ: 1
[2020.10.10-22.36.45:837][  0]LogShaderCompilers: Display: Worker (1/13): shaders left to compile 2715
[2020.10.10-22.36.45:837][  0]LogShaderCompilers: Display: Worker (2/13): shaders left to compile 2714
[2020.10.10-22.36.45:837][  0]LogShaderCompilers: Display: Worker (3/13): shaders left to compile 2713
[2020.10.10-22.36.45:837][  0]LogShaderCompilers: Display: Worker (4/13): shaders left to compile 2712
[2020.10.10-22.36.45:837][  0]LogShaderCompilers: Display: Worker (5/13): shaders left to compile 2711
[2020.10.10-22.36.45:837][  0]LogShaderCompilers: Display: Worker (6/13): shaders left to compile 2710
[2020.10.10-22.36.45:837][  0]LogShaderCompilers: Display: Worker (7/13): shaders left to compile 2709
[2020.10.10-22.36.45:837][  0]LogShaderCompilers: Display: Worker (8/13): shaders left to compile 2708
[2020.10.10-22.36.45:837][  0]LogShaderCompilers: Display: Worker (9/13): shaders left to compile 2707
[2020.10.10-22.36.45:837][  0]LogShaderCompilers: Display: Worker (10/13): shaders left to compile 2706
[2020.10.10-22.36.45:837][  0]LogShaderCompilers: Display: Worker (11/13): shaders left to compile 2705
[2020.10.10-22.36.45:837][  0]LogShaderCompilers: Display: Worker (12/13): shaders left to compile 2704
[2020.10.10-22.36.45:837][  0]LogShaderCompilers: Display: Worker (13/13): shaders left to compile 2703
[2020.10.10-22.36.45:837][  0]LogAssetRegistry: FAssetRegistry took 0.0042 seconds to start up
[2020.10.10-22.36.46:375][  0]LogInit: Selected Device Profile: [Windows]
[2020.10.10-22.36.46:602][  0]LogMeshReduction: Using QuadricMeshReduction for automatic static mesh reduction
[2020.10.10-22.36.46:602][  0]LogMeshReduction: Using SimplygonMeshReduction for automatic skeletal mesh reduction
[2020.10.10-22.36.46:602][  0]LogMeshReduction: Using ProxyLODMeshReduction for automatic mesh merging
[2020.10.10-22.36.46:602][  0]LogMeshReduction: No distributed automatic mesh merging module available
[2020.10.10-22.36.46:602][  0]LogMeshMerging: No distributed automatic mesh merging module available
[2020.10.10-22.36.46:718][  0]LogMaterial: Display: Missing cached shader map for material MatineeCam_mat, compiling. 
[2020.10.10-22.36.46:796][  0]LogNetVersion: SunshinePlanet 1.0.0, NetCL: 13144385, EngineNetVer: 14, GameNetVer: 0 (Checksum: 675297403)
[2020.10.10-22.36.46:834][  0]LogMaterial: Display: Missing cached shader map for material HelpActorMaterial, compiling. 
[2020.10.10-22.36.46:941][  0]LogMaterial: Display: Missing cached shader map for material M_ChromeBall, compiling. 
[2020.10.10-22.36.47:027][  0]LogMaterial: Display: Missing cached shader map for material DefaultTextMaterialOpaque, compiling. 
[2020.10.10-22.36.47:063][  0]LogMaterial: Display: Missing cached shader map for material BaseFlattenMaterial, compiling. 
[2020.10.10-22.36.47:586][  0]LogMaterial: Display: Missing cached shader map for material Xray, compiling. 
[2020.10.10-22.36.47:598][  0]LogMaterial: Display: Missing cached shader map for material Main, compiling. 
[2020.10.10-22.36.47:618][  0]LogMaterial: Display: Missing cached shader map for material Widget3DPassThrough, compiling. 
[2020.10.10-22.36.47:626][  0]LogMaterial: Display: Missing cached shader map for material Widget3DPassThrough, compiling. 
[2020.10.10-22.36.47:638][  0]LogMaterial: Display: Missing cached shader map for material Widget3DPassThrough, compiling. 
[2020.10.10-22.36.47:648][  0]LogMaterial: Display: Missing cached shader map for material Widget3DPassThrough, compiling. 
[2020.10.10-22.36.47:654][  0]LogMaterial: Display: Missing cached shader map for material Widget3DPassThrough, compiling. 
[2020.10.10-22.36.47:668][  0]LogMaterial: Display: Missing cached shader map for material Widget3DPassThrough, compiling. 
[2020.10.10-22.36.47:686][  0]LogMaterial: Display: Missing cached shader map for material Widget3DCameraPassThrough_Opaque_OneSided, compiling. 
[2020.10.10-22.36.47:696][  0]LogMaterial: Display: Missing cached shader map for material TranslucentTransformGizmoMaterial, compiling. 
[2020.10.10-22.36.47:704][  0]LogMaterial: Display: Missing cached shader map for material TransformGizmoMaterial, compiling. 
[2020.10.10-22.36.47:719][  0]LogMaterial: Display: Missing cached shader map for material WireframeMaterial, compiling. Is special engine material.
[2020.10.10-22.36.48:049][  0]LogMaterial: Display: Missing cached shader map for material CineMat, compiling. 
[2020.10.10-22.36.48:088][  0]LogMaterial: Display: Missing cached shader map for material M_SimpleOpaque, compiling. 
[2020.10.10-22.36.48:107][  0]LogMaterial: Display: Missing cached shader map for material M_SimpleUnlitTranslucent, compiling. 
[2020.10.10-22.36.48:225][  0]LogMaterial: Display: Missing cached shader map for material SkySphereMaterial, compiling. 
[2020.10.10-22.36.48:234][  0]LogMaterial: Display: Missing cached shader map for material FloorPlaneMaterial, compiling. 
[2020.10.10-22.36.48:312][  0]LogMaterial: Display: Missing cached shader map for material LandscapeGizmo_Mat, compiling. 
[2020.10.10-22.36.48:333][  0]LogMaterial: Display: Missing cached shader map for material LandscapeGizmoHeight_Mat, compiling. 
[2020.10.10-22.36.48:372][  0]LogMaterial: Display: Missing cached shader map for material SplineEditorMeshMat, compiling. 
[2020.10.10-22.36.48:385][  0]LogAISub: UAISubsystem::UAISubsystem AISubsystem (00000222DE85FB80), frame # 0
[2020.10.10-22.36.48:385][  0]LogAISub: UAISubsystem::UAISubsystem AIPerceptionSystem (00000222DE93D440), frame # 0
[2020.10.10-22.36.48:387][  0]LogAISub: UAISubsystem::UAISubsystem EnvQueryManager (00000222DE8EF200), frame # 0
[2020.10.10-22.36.48:478][  0]LogPackageLocalizationCache: Processed 19 localized package path(s) for 1 prioritized culture(s) in 0.082012 seconds
[2020.10.10-22.36.48:488][  0]LogUObjectArray: 15917 objects as part of root set at end of initial load.
[2020.10.10-22.36.48:488][  0]LogUObjectAllocator: 3965568 out of 0 bytes used by permanent object pool.
[2020.10.10-22.36.48:488][  0]LogUObjectArray: CloseDisregardForGC: 0/0 objects in disregard for GC pool
[2020.10.10-22.38.21:948][  0]LogShaderCompilers: Display: Worker (2/13): shaders left to compile 3780
[2020.10.10-22.38.24:599][  0]LogShaderCompilers: Display: Worker (8/13): shaders left to compile 3779
[2020.10.10-22.38.26:358][  0]LogShaderCompilers: Display: Worker (13/13): shaders left to compile 3778
[2020.10.10-22.38.28:252][  0]LogShaderCompilers: Display: Worker (2/13): shaders left to compile 3777
[2020.10.10-22.38.28:900][  0]LogShaderCompilers: Display: Worker (9/13): shaders left to compile 3776
[2020.10.10-22.38.29:477][  0]LogShaderCompilers: Display: Worker (13/13): shaders left to compile 3775
[2020.10.10-22.38.31:812][  0]LogShaderCompilers: Display: Worker (8/13): shaders left to compile 3774
[2020.10.10-22.38.33:120][  0]LogShaderCompilers: Display: Worker (1/13): shaders left to compile 3773
[2020.10.10-22.38.33:120][  0]LogShaderCompilers: Display: Worker (9/13): shaders left to compile 3772
[2020.10.10-22.38.37:291][  0]LogShaderCompilers: Display: Worker (13/13): shaders left to compile 3771
[2020.10.10-22.38.38:413][  0]LogShaderCompilers: Display: Worker (9/13): shaders left to compile 3770
[2020.10.10-22.38.38:413][  0]LogShaderCompilers: Display: Worker (2/13): shaders left to compile 3769
[2020.10.10-22.38.40:659][  0]LogShaderCompilers: Display: Worker (1/13): shaders left to compile 3768
[2020.10.10-22.38.40:659][  0]LogShaderCompilers: Display: Worker (8/13): shaders left to compile 3767
[2020.10.10-22.38.42:343][  0]LogShaderCompilers: Display: Worker (3/13): shaders left to compile 3766
[2020.10.10-22.38.43:464][  0]LogShaderCompilers: Display: Worker (2/13): shaders left to compile 3765
[2020.10.10-22.38.44:587][  0]LogShaderCompilers: Display: Worker (13/13): shaders left to compile 3764
[2020.10.10-22.38.45:710][  0]LogShaderCompilers: Display: Worker (8/13): shaders left to compile 3763
[2020.10.10-22.38.45:710][  0]LogShaderCompilers: Display: Worker (9/13): shaders left to compile 3762
[2020.10.10-22.38.47:957][  0]LogShaderCompilers: Display: Worker (3/13): shaders left to compile 3761
[2020.10.10-22.38.47:957][  0]LogShaderCompilers: Display: Worker (10/13): shaders left to compile 3760
[2020.10.10-22.38.51:888][  0]LogShaderCompilers: Display: Worker (9/13): shaders left to compile 3759
[2020.10.10-22.38.52:513][  0]LogShaderCompilers: Display: Worker (2/13): shaders left to compile 3758
[2020.10.10-22.38.52:513][  0]LogShaderCompilers: Display: Worker (5/13): shaders left to compile 3757
[2020.10.10-22.38.52:513][  0]LogShaderCompilers: Display: Worker (1/13): shaders left to compile 3756
[2020.10.10-22.38.52:513][  0]LogShaderCompilers: Display: Worker (13/13): shaders left to compile 3755
[2020.10.10-22.38.53:467][  0]LogShaderCompilers: Display: Worker (5/13): shaders left to compile 3754
[2020.10.10-22.38.55:874][  0]LogShaderCompilers: Display: Worker (11/13): shaders left to compile 3753
[2020.10.10-22.38.56:573][  0]LogShaderCompilers: Display: Worker (5/13): shaders left to compile 3752
[2020.10.10-22.38.56:573][  0]LogShaderCompilers: Display: Worker (3/13): shaders left to compile 3751
[2020.10.10-22.38.56:573][  0]LogShaderCompilers: Display: Worker (9/13): shaders left to compile 3750
[2020.10.10-22.38.57:425][  0]LogShaderCompilers: Display: Worker (13/13): shaders left to compile 3749
[2020.10.10-22.38.58:744][  0]LogShaderCompilers: Display: Worker (13/13): shaders left to compile 3748
[2020.10.10-22.38.59:354][  0]LogShaderCompilers: Display: Worker (1/13): shaders left to compile 3747
[2020.10.10-22.38.59:354][  0]LogShaderCompilers: Display: Worker (10/13): shaders left to compile 3746
[2020.10.10-22.38.59:354][  0]LogShaderCompilers: Display: Worker (11/13): shaders left to compile 3745
[2020.10.10-22.39.00:003][  0]LogShaderCompilers: Display: Worker (3/13): shaders left to compile 3744
[2020.10.10-22.39.00:003][  0]LogShaderCompilers: Display: Worker (6/13): shaders left to compile 3743
[2020.10.10-22.39.00:808][  0]LogShaderCompilers: Display: Worker (4/13): shaders left to compile 3742
[2020.10.10-22.39.01:593][  0]LogShaderCompilers: Display: Worker (5/13): shaders left to compile 3741
[2020.10.10-22.39.01:593][  0]LogShaderCompilers: Display: Worker (4/13): shaders left to compile 3740
[2020.10.10-22.39.03:647][  0]LogShaderCompilers: Display: Worker (8/13): shaders left to compile 3739
[2020.10.10-22.39.07:818][  0]LogShaderCompilers: Display: Worker (4/13): shaders left to compile 3738
[2020.10.10-22.39.07:818][  0]LogShaderCompilers: Display: Worker (9/13): shaders left to compile 3737
[2020.10.10-22.39.08:434][  0]LogShaderCompilers: Display: Worker (6/13): shaders left to compile 3736
[2020.10.10-22.39.08:434][  0]LogShaderCompilers: Display: Worker (13/13): shaders left to compile 3735
[2020.10.10-22.39.09:208][  0]LogShaderCompilers: Display: Worker (2/13): shaders left to compile 3734
[2020.10.10-22.39.09:799][  0]LogShaderCompilers: Display: Worker (10/13): shaders left to compile 3733
[2020.10.10-22.39.10:404][  0]LogShaderCompilers: Display: Worker (11/13): shaders left to compile 3732
[2020.10.10-22.39.10:404][  0]LogShaderCompilers: Display: Worker (3/13): shaders left to compile 3731
[2020.10.10-22.39.10:404][  0]LogShaderCompilers: Display: Worker (11/13): shaders left to compile 3730
[2020.10.10-22.39.12:148][  0]LogShaderCompilers: Display: Worker (13/13): shaders left to compile 3729
[2020.10.10-22.39.12:148][  0]LogShaderCompilers: Display: Worker (1/13): shaders left to compile 3728
[2020.10.10-22.39.12:148][  0]LogShaderCompilers: Display: Worker (5/13): shaders left to compile 3727
[2020.10.10-22.39.12:712][  0]LogShaderCompilers: Display: Worker (2/13): shaders left to compile 3726
[2020.10.10-22.39.12:712][  0]LogShaderCompilers: Display: Worker (8/13): shaders left to compile 3725
[2020.10.10-22.39.13:281][  0]LogShaderCompilers: Display: Worker (4/13): shaders left to compile 3724
[2020.10.10-22.39.14:012][  0]LogShaderCompilers: Display: Worker (1/13): shaders left to compile 3723
[2020.10.10-22.39.14:012][  0]LogShaderCompilers: Display: Worker (10/13): shaders left to compile 3722
[2020.10.10-22.39.15:272][  0]LogShaderCompilers: Display: Worker (9/13): shaders left to compile 3721
[2020.10.10-22.39.16:027][  0]LogShaderCompilers: Display: Worker (2/13): shaders left to compile 3720
[2020.10.10-22.39.16:918][  0]LogShaderCompilers: Display: Worker (3/13): shaders left to compile 3719
[2020.10.10-22.39.18:590][  0]LogShaderCompilers: Display: Worker (13/13): shaders left to compile 3718
[2020.10.10-22.39.18:590][  0]LogShaderCompilers: Display: Worker (5/13): shaders left to compile 3717
[2020.10.10-22.39.20:022][  0]LogShaderCompilers: Display: Worker (11/13): shaders left to compile 3716
[2020.10.10-22.39.20:022][  0]LogShaderCompilers: Display: Worker (6/13): shaders left to compile 3715
[2020.10.10-22.39.20:681][  0]LogShaderCompilers: Display: Worker (9/13): shaders left to compile 3714
[2020.10.10-22.39.21:345][  0]LogShaderCompilers: Display: Worker (1/13): shaders left to compile 3713
[2020.10.10-22.39.21:345][  0]LogShaderCompilers: Display: Worker (5/13): shaders left to compile 3712
[2020.10.10-22.39.22:501][  0]LogShaderCompilers: Display: Worker (3/13): shaders left to compile 3711
[2020.10.10-22.39.22:501][  0]LogShaderCompilers: Display: Worker (11/13): shaders left to compile 3710
[2020.10.10-22.39.23:325][  0]LogShaderCompilers: Display: Worker (6/13): shaders left to compile 3709
[2020.10.10-22.39.23:325][  0]LogShaderCompilers: Display: Worker (6/13): shaders left to compile 3708
[2020.10.10-22.39.23:325][  0]LogShaderCompilers: Display: Worker (9/13): shaders left to compile 3707
[2020.10.10-22.39.23:325][  0]LogShaderCompilers: Display: Worker (13/13): shaders left to compile 3706
[2020.10.10-22.39.23:941][  0]LogShaderCompilers: Display: Worker (1/13): shaders left to compile 3705
[2020.10.10-22.39.23:941][  0]LogShaderCompilers: Display: Worker (8/13): shaders left to compile 3704
[2020.10.10-22.39.23:941][  0]LogShaderCompilers: Display: Worker (5/13): shaders left to compile 3703
[2020.10.10-22.39.25:120][  0]LogShaderCompilers: Display: Worker (4/13): shaders left to compile 3702
[2020.10.10-22.39.25:720][  0]LogShaderCompilers: Display: Worker (1/13): shaders left to compile 3701
[2020.10.10-22.39.26:298][  0]LogShaderCompilers: Display: Worker (2/13): shaders left to compile 3700
[2020.10.10-22.39.26:298][  0]LogShaderCompilers: Display: Worker (10/13): shaders left to compile 3699
[2020.10.10-22.39.27:475][  0]LogShaderCompilers: Display: Worker (9/13): shaders left to compile 3698
[2020.10.10-22.39.27:475][  0]LogShaderCompilers: Display: Worker (6/13): shaders left to compile 3697
[2020.10.10-22.39.27:475][  0]LogShaderCompilers: Display: Worker (13/13): shaders left to compile 3696
[2020.10.10-22.39.28:791][  0]LogShaderCompilers: Display: Worker (3/13): shaders left to compile 3695
[2020.10.10-22.39.29:406][  0]LogShaderCompilers: Display: Worker (6/13): shaders left to compile 3694
[2020.10.10-22.39.30:070][  0]LogShaderCompilers: Display: Worker (1/13): shaders left to compile 3693
[2020.10.10-22.39.31:343][  0]LogShaderCompilers: Display: Worker (11/13): shaders left to compile 3692
[2020.10.10-22.39.32:340][  0]LogShaderCompilers: Display: Worker (5/13): shaders left to compile 3691
[2020.10.10-22.39.33:157][  0]LogShaderCompilers: Display: Worker (8/13): shaders left to compile 3690
[2020.10.10-22.39.33:778][  0]LogShaderCompilers: Display: Worker (2/13): shaders left to compile 3689
[2020.10.10-22.39.36:894][  0]LogShaderCompilers: Display: Worker (4/13): shaders left to compile 3688
[2020.10.10-22.39.44:941][  0]LogShaderCompilers: Display: Worker (11/13): shaders left to compile 3687
[2020.10.10-22.39.46:254][  0]LogShaderCompilers: Display: Worker (5/13): shaders left to compile 3686
[2020.10.10-22.39.46:254][  0]LogShaderCompilers: Display: Worker (9/13): shaders left to compile 3685
[2020.10.10-22.39.47:171][  0]LogShaderCompilers: Display: Worker (1/13): shaders left to compile 3684
[2020.10.10-22.39.48:761][  0]LogShaderCompilers: Display: Worker (4/13): shaders left to compile 3683
[2020.10.10-22.39.49:434][  0]LogShaderCompilers: Display: Worker (2/13): shaders left to compile 3682
[2020.10.10-22.39.49:995][  0]LogShaderCompilers: Display: Worker (2/13): shaders left to compile 3681
[2020.10.10-22.39.51:704][  0]LogShaderCompilers: Display: Worker (11/13): shaders left to compile 3680
[2020.10.10-22.39.52:827][  0]LogShaderCompilers: Display: Worker (4/13): shaders left to compile 3679
[2020.10.10-22.39.53:388][  0]LogShaderCompilers: Display: Worker (8/13): shaders left to compile 3678
[2020.10.10-22.39.53:958][  0]LogShaderCompilers: Display: Worker (5/13): shaders left to compile 3677
[2020.10.10-22.39.56:148][  0]LogShaderCompilers: Display: Worker (1/13): shaders left to compile 3676
[2020.10.10-22.39.56:835][  0]LogShaderCompilers: Display: Worker (10/13): shaders left to compile 3675
[2020.10.10-22.39.58:310][  0]LogShaderCompilers: Display: Worker (1/13): shaders left to compile 3674
[2020.10.10-22.39.59:929][  0]LogShaderCompilers: Display: Worker (5/13): shaders left to compile 3673
[2020.10.10-22.39.59:929][  0]LogShaderCompilers: Display: Worker (11/13): shaders left to compile 3672
[2020.10.10-22.40.00:611][  0]LogShaderCompilers: Display: Worker (9/13): shaders left to compile 3671
[2020.10.10-22.40.02:833][  0]LogShaderCompilers: Display: Worker (5/13): shaders left to compile 3670
[2020.10.10-22.40.02:833][  0]LogShaderCompilers: Display: Worker (8/13): shaders left to compile 3669
[2020.10.10-22.40.03:550][  0]LogShaderCompilers: Display: Worker (4/13): shaders left to compile 3668
[2020.10.10-22.40.03:550][  0]LogShaderCompilers: Display: Worker (4/13): shaders left to compile 3667
[2020.10.10-22.40.03:550][  0]LogShaderCompilers: Display: Worker (4/13): shaders left to compile 3666
[2020.10.10-22.40.03:550][  0]LogShaderCompilers: Display: Worker (10/13): shaders left to compile 3665
[2020.10.10-22.40.03:550][  0]LogShaderCompilers: Display: Worker (4/13): shaders left to compile 3664
[2020.10.10-22.40.03:550][  0]LogShaderCompilers: Display: Worker (4/13): shaders left to compile 3663
[2020.10.10-22.40.04:245][  0]LogShaderCompilers: Display: Worker (4/13): shaders left to compile 3662
[2020.10.10-22.40.04:245][  0]LogShaderCompilers: Display: Worker (2/13): shaders left to compile 3661
[2020.10.10-22.40.06:316][  0]LogShaderCompilers: Display: Worker (5/13): shaders left to compile 3660
[2020.10.10-22.40.06:316][  0]LogShaderCompilers: Display: Worker (8/13): shaders left to compile 3659
[2020.10.10-22.40.06:974][  0]LogShaderCompilers: Display: Worker (9/13): shaders left to compile 3658
[2020.10.10-22.40.06:974][  0]LogShaderCompilers: Display: Worker (1/13): shaders left to compile 3657
[2020.10.10-22.40.08:610][  0]LogShaderCompilers: Display: Worker (4/13): shaders left to compile 3656
[2020.10.10-22.40.10:863][  0]LogShaderCompilers: Display: Worker (5/13): shaders left to compile 3655
[2020.10.10-22.40.10:863][  0]LogShaderCompilers: Display: Worker (11/13): shaders left to compile 3654
[2020.10.10-22.40.11:527][  0]LogShaderCompilers: Display: Worker (9/13): shaders left to compile 3653
[2020.10.10-22.40.11:527][  0]LogShaderCompilers: Display: Worker (8/13): shaders left to compile 3652
[2020.10.10-22.40.11:527][  0]LogShaderCompilers: Display: Worker (9/13): shaders left to compile 3651
[2020.10.10-22.40.13:036][  0]LogShaderCompilers: Display: Worker (11/13): shaders left to compile 3650
[2020.10.10-22.40.13:812][  0]LogShaderCompilers: Display: Worker (2/13): shaders left to compile 3649
[2020.10.10-22.40.15:951][  0]LogShaderCompilers: Display: Worker (9/13): shaders left to compile 3648
[2020.10.10-22.40.15:951][  0]LogShaderCompilers: Display: Worker (1/13): shaders left to compile 3647
[2020.10.10-22.40.15:951][  0]LogShaderCompilers: Display: Worker (8/13): shaders left to compile 3646
[2020.10.10-22.40.16:755][  0]LogShaderCompilers: Display: Worker (5/13): shaders left to compile 3645
[2020.10.10-22.40.17:475][  0]LogShaderCompilers: Display: Worker (4/13): shaders left to compile 3644
[2020.10.10-22.40.19:837][  0]LogShaderCompilers: Display: Worker (6/13): shaders left to compile 3643
[2020.10.10-22.40.20:489][  0]LogShaderCompilers: Display: Worker (5/13): shaders left to compile 3642
[2020.10.10-22.40.20:489][  0]LogShaderCompilers: Display: Worker (8/13): shaders left to compile 3641
[2020.10.10-22.40.20:489][  0]LogShaderCompilers: Display: Worker (10/13): shaders left to compile 3640
[2020.10.10-22.40.21:928][  0]LogShaderCompilers: Display: Worker (1/13): shaders left to compile 3639
[2020.10.10-22.40.22:648][  0]LogShaderCompilers: Display: Worker (1/13): shaders left to compile 3638
[2020.10.10-22.40.23:341][  0]LogShaderCompilers: Display: Worker (6/13): shaders left to compile 3637
[2020.10.10-22.40.23:341][  0]LogShaderCompilers: Display: Worker (11/13): shaders left to compile 3636
[2020.10.10-22.40.24:764][  0]LogShaderCompilers: Display: Worker (1/13): shaders left to compile 3635
[2020.10.10-22.40.26:258][  0]LogShaderCompilers: Display: Worker (4/13): shaders left to compile 3634
[2020.10.10-22.40.26:258][  0]LogShaderCompilers: Display: Worker (2/13): shaders left to compile 3633
[2020.10.10-22.40.26:258][  0]LogShaderCompilers: Display: Worker (9/13): shaders left to compile 3632
[2020.10.10-22.40.27:076][  0]LogShaderCompilers: Display: Worker (12/13): shaders left to compile 3631
[2020.10.10-22.40.27:791][  0]LogShaderCompilers: Display: Worker (6/13): shaders left to compile 3630
[2020.10.10-22.40.28:425][  0]LogShaderCompilers: Display: Worker (8/13): shaders left to compile 3629
[2020.10.10-22.40.28:425][  0]LogShaderCompilers: Display: Worker (5/13): shaders left to compile 3628
[2020.10.10-22.40.29:881][  0]LogShaderCompilers: Display: Worker (13/13): shaders left to compile 3627
[2020.10.10-22.40.32:024][  0]LogShaderCompilers: Display: Worker (11/13): shaders left to compile 3626
[2020.10.10-22.40.33:315][  0]LogShaderCompilers: Display: Worker (10/13): shaders left to compile 3625
[2020.10.10-22.40.35:401][  0]LogShaderCompilers: Display: Worker (7/13): shaders left to compile 3624
[2020.10.10-22.40.39:319][  0]LogShaderCompilers: Display: Worker (2/13): shaders left to compile 3623
[2020.10.10-22.40.44:021][  0]LogShaderCompilers: Display: Worker (9/13): shaders left to compile 3622
[2020.10.10-22.40.47:833][  0]LogShaderCompilers: Display: Worker (13/13): shaders left to compile 3621
[2020.10.10-22.40.49:758][  0]LogShaderCompilers: Display: Worker (6/13): shaders left to compile 3620
[2020.10.10-22.40.51:273][  0]LogShaderCompilers: Display: Worker (5/13): shaders left to compile 3619
[2020.10.10-22.40.53:516][  0]LogShaderCompilers: Display: Worker (3/13): shaders left to compile 3618
[2020.10.10-22.40.57:591][  0]LogShaderCompilers: Display: Worker (12/13): shaders left to compile 3617
[2020.10.10-22.41.05:127][  0]LogShaderCompilers: Display: Worker (2/13): shaders left to compile 3616
[2020.10.10-22.41.05:845][  0]LogShaderCompilers: Display: Worker (8/13): shaders left to compile 3615
[2020.10.10-22.41.07:837][  0]LogShaderCompilers: Display: Worker (10/13): shaders left to compile 3614
[2020.10.10-22.41.13:290][  0]LogShaderCompilers: Display: Worker (4/13): shaders left to compile 3613
[2020.10.10-22.41.13:290][  0]LogShaderCompilers: Display: Worker (6/13): shaders left to compile 3612
[2020.10.10-22.41.16:380][  0]LogShaderCompilers: Display: Worker (3/13): shaders left to compile 3611
[2020.10.10-22.41.17:718][  0]LogShaderCompilers: Display: Worker (13/13): shaders left to compile 3610
[2020.10.10-22.41.17:718][  0]LogShaderCompilers: Display: Worker (7/13): shaders left to compile 3609
[2020.10.10-22.41.17:718][  0]LogShaderCompilers: Display: Worker (9/13): shaders left to compile 3608
[2020.10.10-22.41.19:866][  0]LogShaderCompilers: Display: Worker (11/13): shaders left to compile 3607
[2020.10.10-22.41.21:428][  0]LogShaderCompilers: Display: Worker (5/13): shaders left to compile 3606
[2020.10.10-22.41.24:872][  0]LogShaderCompilers: Display: Worker (5/13): shaders left to compile 3605
[2020.10.10-22.41.25:655][  0]LogShaderCompilers: Display: Worker (10/13): shaders left to compile 3604
[2020.10.10-22.41.28:387][  0]LogShaderCompilers: Display: Worker (1/13): shaders left to compile 3603
[2020.10.10-22.41.32:422][  0]LogShaderCompilers: Display: Worker (12/13): shaders left to compile 3602
[2020.10.10-22.41.37:878][  0]LogShaderCompilers: Display: Worker (2/13): shaders left to compile 3601
[2020.10.10-22.41.59:926][  0]LogShaderCompilers: Display: Worker (4/13): shaders left to compile 3600
[2020.10.10-22.42.01:350][  0]LogShaderCompilers: Display: Worker (8/13): shaders left to compile 3599
[2020.10.10-22.42.03:465][  0]LogShaderCompilers: Display: Worker (6/13): shaders left to compile 3598
[2020.10.10-22.42.27:520][  0]LogShaderCompilers: Display: Worker (7/13): shaders left to compile 3597
[2020.10.10-22.42.32:010][  0]LogShaderCompilers: Display: Worker (7/13): shaders left to compile 3596
[2020.10.10-22.42.36:756][  0]LogShaderCompilers: Display: Worker (7/13): shaders left to compile 3595
[2020.10.10-22.42.44:744][  0]LogShaderCompilers: Display: Worker (5/13): shaders left to compile 3594
[2020.10.10-22.42.59:014][  0]LogShaderCompilers: Display: Worker (3/13): shaders left to compile 3593
[2020.10.10-22.43.03:303][  0]LogShaderCompilers: Display: Worker (7/13): shaders left to compile 3592
[2020.10.10-22.43.14:069][  0]LogShaderCompilers: Display: Worker (6/13): shaders left to compile 3591
[2020.10.10-22.43.24:511][  0]LogShaderCompilers: Display: Worker (1/13): shaders left to compile 3590
[2020.10.10-22.43.28:570][  0]LogShaderCompilers: Display: Worker (7/13): shaders left to compile 3589
[2020.10.10-22.43.29:374][  0]LogShaderCompilers: Display: Worker (5/13): shaders left to compile 3588
[2020.10.10-22.43.43:178][  0]LogShaderCompilers: Display: Worker (1/13): shaders left to compile 3587
[2020.10.10-22.43.47:099][  0]LogShaderCompilers: Display: Worker (12/13): shaders left to compile 3586
[2020.10.10-22.44.05:306][  0]LogShaderCompilers: Display: Worker (13/13): shaders left to compile 3585
[2020.10.10-22.44.21:878][  0]LogShaderCompilers: Display: Worker (5/13): shaders left to compile 3584
[2020.10.10-22.44.25:753][  0]LogShaderCompilers: Display: Worker (9/13): shaders left to compile 3583
[2020.10.10-22.44.26:408][  0]LogShaderCompilers: Display: Worker (6/13): shaders left to compile 3582
[2020.10.10-22.44.35:037][  0]LogShaderCompilers: Display: Worker (3/13): shaders left to compile 3581
[2020.10.10-22.44.36:946][  0]LogShaderCompilers: Display: Worker (10/13): shaders left to compile 3580
[2020.10.10-22.44.36:946][  0]LogShaderCompilers: Display: Worker (11/13): shaders left to compile 3579
[2020.10.10-22.44.36:946][  0]LogShaderCompilers: Display: Worker (7/13): shaders left to compile 3578
[2020.10.10-22.44.44:982][  0]LogShaderCompilers: Display: Worker (7/13): shaders left to compile 3577
[2020.10.10-22.44.53:233][  0]LogShaderCompilers: Display: Worker (9/13): shaders left to compile 3576
[2020.10.10-22.44.58:999][  0]LogShaderCompilers: Display: Worker (1/13): shaders left to compile 3575
[2020.10.10-22.45.02:499][  0]LogShaderCompilers: Display: Worker (12/13): shaders left to compile 3574
[2020.10.10-22.45.04:055][  0]LogShaderCompilers: Display: Worker (5/13): shaders left to compile 3573
[2020.10.10-22.45.06:468][  0]LogShaderCompilers: Display: Worker (13/13): shaders left to compile 3572
[2020.10.10-22.45.21:507][  0]LogShaderCompilers: Display: Worker (9/13): shaders left to compile 3571
[2020.10.10-22.45.54:982][  0]LogShaderCompilers: Display: Worker (6/13): shaders left to compile 3570
[2020.10.10-22.46.00:806][  0]LogShaderCompilers: Display: Worker (3/13): shaders left to compile 3569
[2020.10.10-22.46.02:938][  0]LogShaderCompilers: Display: Worker (2/13): shaders left to compile 3568
[2020.10.10-22.46.13:150][  0]LogShaderCompilers: Display: Worker (4/13): shaders left to compile 3567
[2020.10.10-22.46.15:636][  0]LogShaderCompilers: Display: Worker (7/13): shaders left to compile 3566
[2020.10.10-22.46.19:962][  0]LogShaderCompilers: Display: Worker (10/13): shaders left to compile 3565
[2020.10.10-22.46.22:096][  0]LogShaderCompilers: Display: Worker (11/13): shaders left to compile 3564
[2020.10.10-22.46.50:116][  0]LogShaderCompilers: Display: Worker (7/13): shaders left to compile 3563
[2020.10.10-22.47.09:395][  0]LogShaderCompilers: Display: Worker (11/13): shaders left to compile 3562
[2020.10.10-22.47.18:651][  0]LogShaderCompilers: Display: Worker (9/13): shaders left to compile 3561
[2020.10.10-22.47.25:155][  0]LogShaderCompilers: Display: Worker (10/13): shaders left to compile 3560
[2020.10.10-22.47.28:303][  0]LogShaderCompilers: Display: Worker (8/13): shaders left to compile 3559
[2020.10.10-22.47.45:398][  0]LogShaderCompilers: Display: Worker (7/13): shaders left to compile 3558
[2020.10.10-22.47.46:762][  0]LogShaderCompilers: Display: Worker (8/13): shaders left to compile 3557
[2020.10.10-22.47.47:478][  0]LogShaderCompilers: Display: Worker (8/13): shaders left to compile 3556
[2020.10.10-22.47.50:748][  0]LogShaderCompilers: Display: Worker (7/13): shaders left to compile 3555
[2020.10.10-22.47.55:408][  0]LogShaderCompilers: Display: Worker (8/13): shaders left to compile 3554
[2020.10.10-22.48.03:594][  0]LogShaderCompilers: Display: Worker (11/13): shaders left to compile 3553
[2020.10.10-22.48.05:717][  0]LogShaderCompilers: Display: Worker (7/13): shaders left to compile 3552
[2020.10.10-22.48.05:717][  0]LogShaderCompilers: Display: Worker (10/13): shaders left to compile 3551
[2020.10.10-22.48.07:644][  0]LogShaderCompilers: Display: Worker (9/13): shaders left to compile 3550
[2020.10.10-22.48.13:301][  0]LogShaderCompilers: Display: Worker (9/13): shaders left to compile 3549
[2020.10.10-22.48.13:964][  0]LogShaderCompilers: Display: Worker (9/13): shaders left to compile 3548
[2020.10.10-22.48.15:270][  0]LogShaderCompilers: Display: Worker (7/13): shaders left to compile 3547
[2020.10.10-22.48.16:448][  0]LogShaderCompilers: Display: Worker (10/13): shaders left to compile 3546
[2020.10.10-22.48.17:141][  0]LogShaderCompilers: Display: Worker (9/13): shaders left to compile 3545
[2020.10.10-22.48.17:743][  0]LogShaderCompilers: Display: Worker (11/13): shaders left to compile 3544
[2020.10.10-22.48.21:745][  0]LogShaderCompilers: Display: Worker (8/13): shaders left to compile 3543
[2020.10.10-22.48.23:042][  0]LogShaderCompilers: Display: Worker (7/13): shaders left to compile 3542
[2020.10.10-22.48.29:139][  0]LogShaderCompilers: Display: Worker (10/13): shaders left to compile 3541
[2020.10.10-22.48.41:880][  0]LogShaderCompilers: Display: Worker (7/13): shaders left to compile 3540
[2020.10.10-22.48.55:149][  0]LogShaderCompilers: Display: Worker (10/13): shaders left to compile 3539
[2020.10.10-22.49.14:972][  0]LogShaderCompilers: Display: Worker (7/13): shaders left to compile 3538
[2020.10.10-22.49.15:537][  0]LogShaderCompilers: Display: Worker (8/13): shaders left to compile 3537
[2020.10.10-22.50.06:302][  0]LogShaderCompilers: Display: Worker (1/13): shaders left to compile 3536
[2020.10.10-22.50.08:498][  0]LogShaderCompilers: Display: Worker (7/13): shaders left to compile 3535
[2020.10.10-22.50.16:806][  0]LogShaderCompilers: Display: Worker (1/13): shaders left to compile 3534
[2020.10.10-22.50.24:751][  0]LogShaderCompilers: Display: Worker (10/13): shaders left to compile 3533
[2020.10.10-22.50.35:521][  0]LogShaderCompilers: Display: Worker (7/13): shaders left to compile 3532
[2020.10.10-22.50.51:676][  0]LogShaderCompilers: Display: Worker (7/13): shaders left to compile 3531
[2020.10.10-22.50.53:078][  0]LogShaderCompilers: Display: Worker (1/13): shaders left to compile 3530
[2020.10.10-22.50.57:819][  0]LogShaderCompilers: Display: Worker (7/13): shaders left to compile 3529
[2020.10.10-22.50.59:953][  0]LogShaderCompilers: Display: Worker (1/13): shaders left to compile 3528
[2020.10.10-22.51.03:393][  0]LogShaderCompilers: Display: Worker (8/13): shaders left to compile 3527
[2020.10.10-22.51.08:461][  0]LogShaderCompilers: Display: Worker (7/13): shaders left to compile 3526
[2020.10.10-22.51.12:789][  0]LogShaderCompilers: Display: Worker (8/13): shaders left to compile 3525
[2020.10.10-22.51.16:148][  0]LogShaderCompilers: Display: Worker (10/13): shaders left to compile 3524
[2020.10.10-22.51.31:560][  0]LogShaderCompilers: Display: Worker (1/13): shaders left to compile 3523
[2020.10.10-22.51.44:244][  0]LogShaderCompilers: Display: Worker (1/13): shaders left to compile 3522
[2020.10.10-22.51.46:956][  0]LogShaderCompilers: Display: Worker (7/13): shaders left to compile 3521
[2020.10.10-22.51.47:596][  0]LogShaderCompilers: Display: Worker (10/13): shaders left to compile 3520
[2020.10.10-22.51.49:127][  0]LogShaderCompilers: Display: Worker (8/13): shaders left to compile 3519
[2020.10.10-22.52.01:387][  0]LogShaderCompilers: Display: Worker (7/13): shaders left to compile 3518
[2020.10.10-22.52.04:159][  0]LogShaderCompilers: Display: Worker (10/13): shaders left to compile 3517
[2020.10.10-22.52.04:813][  0]LogShaderCompilers: Display: Worker (8/13): shaders left to compile 3516
[2020.10.10-22.52.08:033][  0]LogShaderCompilers: Display: Worker (3/13): shaders left to compile 3515
[2020.10.10-22.52.11:267][  0]LogShaderCompilers: Display: Worker (1/13): shaders left to compile 3514
[2020.10.10-22.52.15:160][  0]LogShaderCompilers: Display: Worker (7/13): shaders left to compile 3513
[2020.10.10-22.52.15:794][  0]LogShaderCompilers: Display: Worker (3/13): shaders left to compile 3512
[2020.10.10-22.52.23:706][  0]LogShaderCompilers: Display: Worker (10/13): shaders left to compile 3511
[2020.10.10-22.52.24:531][  0]LogShaderCompilers: Display: Worker (8/13): shaders left to compile 3510
[2020.10.10-22.52.25:219][  0]LogShaderCompilers: Display: Worker (12/13): shaders left to compile 3509
[2020.10.10-22.52.32:703][  0]LogShaderCompilers: Display: Worker (7/13): shaders left to compile 3508
[2020.10.10-22.52.33:431][  0]LogShaderCompilers: Display: Worker (3/13): shaders left to compile 3507
[2020.10.10-22.52.39:369][  0]LogShaderCompilers: Display: Worker (12/13): shaders left to compile 3506
[2020.10.10-22.52.40:045][  0]LogShaderCompilers: Display: Worker (1/13): shaders left to compile 3505
[2020.10.10-22.52.43:731][  0]LogShaderCompilers: Display: Worker (3/13): shaders left to compile 3504
[2020.10.10-22.52.46:351][  0]LogShaderCompilers: Display: Worker (12/13): shaders left to compile 3503
[2020.10.10-22.52.48:280][  0]LogShaderCompilers: Display: Worker (10/13): shaders left to compile 3502
[2020.10.10-22.52.50:960][  0]LogShaderCompilers: Display: Worker (8/13): shaders left to compile 3501
[2020.10.10-22.52.53:822][  0]LogShaderCompilers: Display: Worker (7/13): shaders left to compile 3500
[2020.10.10-22.53.01:099][  0]LogShaderCompilers: Display: Worker (1/13): shaders left to compile 3499
[2020.10.10-22.53.01:099][  0]LogShaderCompilers: Display: Worker (10/13): shaders left to compile 3498
[2020.10.10-22.53.05:958][  0]LogShaderCompilers: Display: Worker (7/13): shaders left to compile 3497
[2020.10.10-22.53.07:286][  0]LogShaderCompilers: Display: Worker (10/13): shaders left to compile 3496
[2020.10.10-22.53.07:880][  0]LogShaderCompilers: Display: Worker (12/13): shaders left to compile 3495
[2020.10.10-22.53.07:881][  0]LogShaderCompilers: Display: Worker (12/13): shaders left to compile 3494
[2020.10.10-22.53.07:881][  0]LogShaderCompilers: Display: Worker (8/13): shaders left to compile 3493
[2020.10.10-22.53.13:166][  0]LogShaderCompilers: Display: Worker (12/13): shaders left to compile 3492
[2020.10.10-22.53.19:094][  0]LogShaderCompilers: Display: Worker (3/13): shaders left to compile 3491
[2020.10.10-22.53.20:505][  0]LogShaderCompilers: Display: Worker (8/13): shaders left to compile 3490
[2020.10.10-22.53.29:884][  0]LogShaderCompilers: Display: Worker (12/13): shaders left to compile 3489
[2020.10.10-22.53.34:525][  0]LogShaderCompilers: Display: Worker (3/13): shaders left to compile 3488
[2020.10.10-22.53.34:526][  0]LogShaderCompilers: Display: Worker (1/13): shaders left to compile 3487
[2020.10.10-22.53.36:508][  0]LogShaderCompilers: Display: Worker (6/13): shaders left to compile 3486
[2020.10.10-22.53.39:885][  0]LogShaderCompilers: Display: Worker (12/13): shaders left to compile 3485
[2020.10.10-22.53.41:478][  0]LogShaderCompilers: Display: Worker (1/13): shaders left to compile 3484
[2020.10.10-22.53.42:270][  0]LogShaderCompilers: Display: Worker (3/13): shaders left to compile 3483
[2020.10.10-22.53.46:887][  0]LogShaderCompilers: Display: Worker (7/13): shaders left to compile 3482
[2020.10.10-22.53.48:835][  0]LogShaderCompilers: Display: Worker (8/13): shaders left to compile 3481
[2020.10.10-22.53.52:824][  0]LogShaderCompilers: Display: Worker (3/13): shaders left to compile 3480
[2020.10.10-22.53.52:824][  0]LogShaderCompilers: Display: Worker (3/13): shaders left to compile 3479
[2020.10.10-22.53.55:865][  0]LogShaderCompilers: Display: Worker (6/13): shaders left to compile 3478
[2020.10.10-22.53.56:494][  0]LogShaderCompilers: Display: Worker (6/13): shaders left to compile 3477
[2020.10.10-22.53.56:494][  0]LogShaderCompilers: Display: Worker (10/13): shaders left to compile 3476
[2020.10.10-22.54.02:638][  0]LogShaderCompilers: Display: Worker (1/13): shaders left to compile 3475
[2020.10.10-22.54.03:383][  0]LogShaderCompilers: Display: Worker (8/13): shaders left to compile 3474
[2020.10.10-22.54.03:383][  0]LogShaderCompilers: Display: Worker (12/13): shaders left to compile 3473
[2020.10.10-22.54.04:158][  0]LogShaderCompilers: Display: Worker (8/13): shaders left to compile 3472
[2020.10.10-22.54.04:158][  0]LogShaderCompilers: Display: Worker (7/13): shaders left to compile 3471
[2020.10.10-22.54.13:490][  0]LogShaderCompilers: Display: Worker (12/13): shaders left to compile 3470
[2020.10.10-22.54.15:391][  0]LogShaderCompilers: Display: Worker (3/13): shaders left to compile 3469
[2020.10.10-22.54.20:707][  0]LogShaderCompilers: Display: Worker (1/13): shaders left to compile 3468
[2020.10.10-22.54.29:164][  0]LogShaderCompilers: Display: Worker (8/13): shaders left to compile 3467
[2020.10.10-22.54.31:184][  0]LogShaderCompilers: Display: Worker (7/13): shaders left to compile 3466
[2020.10.10-22.54.31:184][  0]LogShaderCompilers: Display: Worker (7/13): shaders left to compile 3465
[2020.10.10-22.54.33:982][  0]LogShaderCompilers: Display: Worker (6/13): shaders left to compile 3464
[2020.10.10-22.54.35:840][  0]LogShaderCompilers: Display: Worker (10/13): shaders left to compile 3463
[2020.10.10-22.54.38:399][  0]LogShaderCompilers: Display: Worker (13/13): shaders left to compile 3462
[2020.10.10-22.54.56:580][  0]LogShaderCompilers: Display: Worker (8/13): shaders left to compile 3461
[2020.10.10-22.54.58:552][  0]LogShaderCompilers: Display: Worker (10/13): shaders left to compile 3460
[2020.10.10-22.54.59:188][  0]LogShaderCompilers: Display: Worker (5/13): shaders left to compile 3459
[2020.10.10-22.55.01:619][  0]LogShaderCompilers: Display: Worker (6/13): shaders left to compile 3458
[2020.10.10-22.55.03:465][  0]LogShaderCompilers: Display: Worker (7/13): shaders left to compile 3457
[2020.10.10-22.55.04:177][  0]LogShaderCompilers: Display: Worker (10/13): shaders left to compile 3456
[2020.10.10-22.55.06:647][  0]LogShaderCompilers: Display: Worker (8/13): shaders left to compile 3455
[2020.10.10-22.55.07:338][  0]LogShaderCompilers: Display: Worker (12/13): shaders left to compile 3454
[2020.10.10-22.55.10:763][  0]LogShaderCompilers: Display: Worker (13/13): shaders left to compile 3453
[2020.10.10-22.55.12:700][  0]LogShaderCompilers: Display: Worker (3/13): shaders left to compile 3452
[2020.10.10-22.55.23:216][  0]LogShaderCompilers: Display: Worker (1/13): shaders left to compile 3451
[2020.10.10-22.55.24:679][  0]LogShaderCompilers: Display: Worker (8/13): shaders left to compile 3450
[2020.10.10-22.55.24:679][  0]LogShaderCompilers: Display: Worker (12/13): shaders left to compile 3449
[2020.10.10-22.55.26:698][  0]LogShaderCompilers: Display: Worker (5/13): shaders left to compile 3448
[2020.10.10-22.55.30:788][  0]LogShaderCompilers: Display: Worker (3/13): shaders left to compile 3447
[2020.10.10-22.55.32:100][  0]LogShaderCompilers: Display: Worker (6/13): shaders left to compile 3446
[2020.10.10-22.55.32:732][  0]LogShaderCompilers: Display: Worker (6/13): shaders left to compile 3445
[2020.10.10-22.55.34:749][  0]LogShaderCompilers: Display: Worker (13/13): shaders left to compile 3444
[2020.10.10-22.55.35:453][  0]LogShaderCompilers: Display: Worker (7/13): shaders left to compile 3443
[2020.10.10-22.55.36:838][  0]LogShaderCompilers: Display: Worker (1/13): shaders left to compile 3442
[2020.10.10-22.55.49:811][  0]LogShaderCompilers: Display: Worker (12/13): shaders left to compile 3441
[2020.10.10-22.55.51:811][  0]LogShaderCompilers: Display: Worker (10/13): shaders left to compile 3440
[2020.10.10-22.55.57:297][  0]LogShaderCompilers: Display: Worker (3/13): shaders left to compile 3439
[2020.10.10-22.55.59:337][  0]LogShaderCompilers: Display: Worker (8/13): shaders left to compile 3438
[2020.10.10-22.56.03:995][  0]LogShaderCompilers: Display: Worker (5/13): shaders left to compile 3437
[2020.10.10-22.56.03:995][  0]LogShaderCompilers: Display: Worker (6/13): shaders left to compile 3436
[2020.10.10-22.56.04:719][  0]LogShaderCompilers: Display: Worker (6/13): shaders left to compile 3435
[2020.10.10-22.56.04:719][  0]LogShaderCompilers: Display: Worker (7/13): shaders left to compile 3434
[2020.10.10-22.56.06:145][  0]LogShaderCompilers: Display: Worker (13/13): shaders left to compile 3433
[2020.10.10-22.56.09:301][  0]LogShaderCompilers: Display: Worker (7/13): shaders left to compile 3432
[2020.10.10-22.56.10:602][  0]LogShaderCompilers: Display: Worker (13/13): shaders left to compile 3431
[2020.10.10-22.56.17:569][  0]LogShaderCompilers: Display: Worker (13/13): shaders left to compile 3430
[2020.10.10-22.56.18:285][  0]LogShaderCompilers: Display: Worker (3/13): shaders left to compile 3429
[2020.10.10-22.56.19:764][  0]LogShaderCompilers: Display: Worker (1/13): shaders left to compile 3428
[2020.10.10-22.56.20:584][  0]LogShaderCompilers: Display: Worker (1/13): shaders left to compile 3427
[2020.10.10-22.56.21:270][  0]LogShaderCompilers: Display: Worker (1/13): shaders left to compile 3426
[2020.10.10-22.56.21:270][  0]LogShaderCompilers: Display: Worker (1/13): shaders left to compile 3425
[2020.10.10-22.56.22:014][  0]LogShaderCompilers: Display: Worker (1/13): shaders left to compile 3424
[2020.10.10-22.56.22:014][  0]LogShaderCompilers: Display: Worker (3/13): shaders left to compile 3423
[2020.10.10-22.56.26:753][  0]LogShaderCompilers: Display: Worker (12/13): shaders left to compile 3422
[2020.10.10-22.56.26:753][  0]LogShaderCompilers: Display: Worker (6/13): shaders left to compile 3421
[2020.10.10-22.56.26:753][  0]LogShaderCompilers: Display: Worker (3/13): shaders left to compile 3420
[2020.10.10-22.56.27:400][  0]LogShaderCompilers: Display: Worker (8/13): shaders left to compile 3419
[2020.10.10-22.56.29:466][  0]LogShaderCompilers: Display: Worker (10/13): shaders left to compile 3418
[2020.10.10-22.56.35:951][  0]LogShaderCompilers: Display: Worker (6/13): shaders left to compile 3417
[2020.10.10-22.56.39:526][  0]LogShaderCompilers: Display: Worker (10/13): shaders left to compile 3416
[2020.10.10-22.56.42:312][  0]LogShaderCompilers: Display: Worker (12/13): shaders left to compile 3415
[2020.10.10-22.56.43:660][  0]LogShaderCompilers: Display: Worker (5/13): shaders left to compile 3414
[2020.10.10-22.56.43:660][  0]LogShaderCompilers: Display: Worker (3/13): shaders left to compile 3413
[2020.10.10-22.56.44:290][  0]LogShaderCompilers: Display: Worker (7/13): shaders left to compile 3412
[2020.10.10-22.56.53:135][  0]LogShaderCompilers: Display: Worker (1/13): shaders left to compile 3411
[2020.10.10-22.56.55:988][  0]LogShaderCompilers: Display: Worker (6/13): shaders left to compile 3410
[2020.10.10-22.56.56:816][  0]LogShaderCompilers: Display: Worker (8/13): shaders left to compile 3409
[2020.10.10-22.56.57:572][  0]LogShaderCompilers: Display: Worker (13/13): shaders left to compile 3408
[2020.10.10-22.56.58:867][  0]LogShaderCompilers: Display: Worker (3/13): shaders left to compile 3407
[2020.10.10-22.56.58:867][  0]LogShaderCompilers: Display: Worker (7/13): shaders left to compile 3406
[2020.10.10-22.57.01:516][  0]LogShaderCompilers: Display: Worker (10/13): shaders left to compile 3405
[2020.10.10-22.57.12:131][  0]LogShaderCompilers: Display: Worker (12/13): shaders left to compile 3404
[2020.10.10-22.57.14:801][  0]LogShaderCompilers: Display: Worker (5/13): shaders left to compile 3403
[2020.10.10-22.57.16:124][  0]LogShaderCompilers: Display: Worker (1/13): shaders left to compile 3402
[2020.10.10-22.57.20:747][  0]LogShaderCompilers: Display: Worker (3/13): shaders left to compile 3401
[2020.10.10-22.57.20:747][  0]LogShaderCompilers: Display: Worker (7/13): shaders left to compile 3400
[2020.10.10-22.57.29:732][  0]LogShaderCompilers: Display: Worker (1/13): shaders left to compile 3399
[2020.10.10-22.57.33:322][  0]LogShaderCompilers: Display: Worker (1/13): shaders left to compile 3398
[2020.10.10-22.57.44:244][  0]LogShaderCompilers: Display: Worker (5/13): shaders left to compile 3397
[2020.10.10-22.57.44:846][  0]LogShaderCompilers: Display: Worker (13/13): shaders left to compile 3396
[2020.10.10-22.57.46:729][  0]LogShaderCompilers: Display: Worker (13/13): shaders left to compile 3395
[2020.10.10-22.57.50:711][  0]LogShaderCompilers: Display: Worker (10/13): shaders left to compile 3394
[2020.10.10-22.57.53:462][  0]LogShaderCompilers: Display: Worker (1/13): shaders left to compile 3393
[2020.10.10-22.57.54:217][  0]LogShaderCompilers: Display: Worker (8/13): shaders left to compile 3392
[2020.10.10-22.58.02:969][  0]LogShaderCompilers: Display: Worker (12/13): shaders left to compile 3391
[2020.10.10-22.58.14:880][  0]LogShaderCompilers: Display: Worker (6/13): shaders left to compile 3390
[2020.10.10-22.58.15:467][  0]LogShaderCompilers: Display: Worker (1/13): shaders left to compile 3389
[2020.10.10-22.58.19:523][  0]LogShaderCompilers: Display: Worker (7/13): shaders left to compile 3388
[2020.10.10-22.58.22:623][  0]LogShaderCompilers: Display: Worker (5/13): shaders left to compile 3387
[2020.10.10-22.58.30:265][  0]LogShaderCompilers: Display: Worker (3/13): shaders left to compile 3386
[2020.10.10-22.58.32:217][  0]LogShaderCompilers: Display: Worker (13/13): shaders left to compile 3385
[2020.10.10-22.58.36:312][  0]LogShaderCompilers: Display: Worker (10/13): shaders left to compile 3384
[2020.10.10-22.58.42:583][  0]LogShaderCompilers: Display: Worker (12/13): shaders left to compile 3383
[2020.10.10-22.58.46:180][  0]LogShaderCompilers: Display: Worker (6/13): shaders left to compile 3382
[2020.10.10-22.58.56:705][  0]LogShaderCompilers: Display: Worker (8/13): shaders left to compile 3381
[2020.10.10-22.59.35:766][  0]LogShaderCompilers: Display: Worker (12/13): shaders left to compile 3380
[2020.10.10-22.59.56:957][  0]LogShaderCompilers: Display: Worker (3/13): shaders left to compile 3379
[2020.10.10-23.00.33:025][  0]LogShaderCompilers: Display: Worker (1/13): shaders left to compile 3378
[2020.10.10-23.00.36:211][  0]LogShaderCompilers: Display: Worker (10/13): shaders left to compile 3377
[2020.10.10-23.01.20:487][  0]LogShaderCompilers: Display: Worker (4/13): shaders left to compile 3376
[2020.10.10-23.01.30:879][  0]LogShaderCompilers: Display: Worker (1/13): shaders left to compile 3375
