Log file open, 10/10/20 18:36:04
LogInit: Display: Running engine for game: SunshinePlanet
LogPlatformFile: Not using cached read wrapper
LogTaskGraph: Started task graph with 5 named threads and 47 total threads with 3 sets of task threads.
LogStats: Stats thread started at 0.282157
LogD3D11RHI: Loaded GFSDK_Aftermath_Lib.x64.dll
LogICUInternationalization: ICU TimeZone Detection - Raw Offset: -5:00, Platform Override: ''
LogPluginManager: Mounting plugin Paper2D
LogPluginManager: Mounting plugin AISupport
LogPluginManager: Mounting plugin LightPropagationVolume
LogPluginManager: Mounting plugin CameraShakePreviewer
LogPluginManager: Mounting plugin ActorLayerUtilities
LogPluginManager: Mounting plugin AnimationSharing
LogPluginManager: Mounting plugin CLionSourceCodeAccess
LogPluginManager: Mounting plugin CodeLiteSourceCodeAccess
LogPluginManager: Mounting plugin GitSourceControl
LogPluginManager: Mounting plugin KDevelopSourceCodeAccess
LogPluginManager: Mounting plugin NullSourceCodeAccess
LogPluginManager: Mounting plugin PerforceSourceControl
LogPluginManager: Mounting plugin PlasticSourceControl
LogPluginManager: Mounting plugin RiderSourceCodeAccess
LogPluginManager: Mounting plugin SubversionSourceControl
LogPluginManager: Mounting plugin UObjectPlugin
LogPluginManager: Mounting plugin VisualStudioCodeSourceCodeAccess
LogPluginManager: Mounting plugin VisualStudioSourceCodeAccess
LogPluginManager: Mounting plugin XCodeSourceCodeAccess
LogPluginManager: Mounting plugin AssetManagerEditor
LogPluginManager: Mounting plugin CryptoKeys
LogPluginManager: Mounting plugin CurveEditorTools
LogPluginManager: Mounting plugin DataValidation
LogPluginManager: Mounting plugin EditorScriptingUtilities
LogPluginManager: Mounting plugin FacialAnimation
LogPluginManager: Mounting plugin GameplayTagsEditor
LogPluginManager: Mounting plugin GeometryMode
LogPluginManager: Mounting plugin MacGraphicsSwitching
LogPluginManager: Mounting plugin MaterialAnalyzer
LogPluginManager: Mounting plugin MobileLauncherProfileWizard
LogPluginManager: Mounting plugin PluginBrowser
LogPluginManager: Mounting plugin SpeedTreeImporter
LogPluginManager: Mounting plugin DatasmithContent
LogPluginManager: Mounting plugin VariantManagerContent
LogPluginManager: Mounting plugin AlembicImporter
LogPluginManager: Mounting plugin AutomationUtils
LogPluginManager: Mounting plugin BackChannel
LogPluginManager: Mounting plugin ChaosCloth
LogPluginManager: Mounting plugin ChaosClothEditor
LogPluginManager: Mounting plugin ChaosEditor
LogPluginManager: Mounting plugin ChaosNiagara
LogPluginManager: Mounting plugin ChaosSolverPlugin
LogPluginManager: Mounting plugin CharacterAI
LogPluginManager: Mounting plugin GeometryCache
LogPluginManager: Mounting plugin GeometryCollectionPlugin
LogPluginManager: Mounting plugin GeometryProcessing
LogPluginManager: Mounting plugin PlanarCut
LogPluginManager: Mounting plugin PlatformCrypto
LogPluginManager: Mounting plugin ProxyLODPlugin
LogPluginManager: Mounting plugin SkeletalReduction
LogPluginManager: Mounting plugin Niagara
LogPluginManager: Mounting plugin MagicLeap
LogPluginManager: Mounting plugin MagicLeapLightEstimation
LogPluginManager: Mounting plugin MagicLeapMedia
LogPluginManager: Mounting plugin MagicLeapPassableWorld
LogPluginManager: Mounting plugin MLSDK
LogPluginManager: Mounting plugin AndroidMedia
LogPluginManager: Mounting plugin AvfMedia
LogPluginManager: Mounting plugin ImgMedia
LogPluginManager: Mounting plugin MediaCompositing
LogPluginManager: Mounting plugin MediaPlayerEditor
LogPluginManager: Mounting plugin WebMMedia
LogPluginManager: Mounting plugin WmfMedia
LogPluginManager: Mounting plugin MeshPainting
LogPluginManager: Mounting plugin TcpMessaging
LogPluginManager: Mounting plugin UdpMessaging
LogPluginManager: Mounting plugin ActorSequence
LogPluginManager: Mounting plugin LevelSequenceEditor
LogPluginManager: Mounting plugin MatineeToLevelSequence
LogPluginManager: Mounting plugin MovieRenderPipeline
LogPluginManager: Mounting plugin TemplateSequence
LogPluginManager: Mounting plugin NetcodeUnitTest
LogPluginManager: Mounting plugin NUTUnrealEngine4
LogPluginManager: Mounting plugin OnlineSubsystemGooglePlay
LogPluginManager: Mounting plugin OnlineSubsystemIOS
LogPluginManager: Mounting plugin OnlineSubsystem
LogPluginManager: Mounting plugin OnlineSubsystemNull
LogPluginManager: Mounting plugin OnlineSubsystemUtils
LogPluginManager: Mounting plugin LauncherChunkInstaller
LogPluginManager: Mounting plugin AndroidDeviceProfileSelector
LogPluginManager: Mounting plugin AndroidMoviePlayer
LogPluginManager: Mounting plugin AndroidPermission
LogPluginManager: Mounting plugin AppleImageUtils
LogPluginManager: Mounting plugin AppleMoviePlayer
LogPluginManager: Mounting plugin ArchVisCharacter
LogPluginManager: Mounting plugin AssetTags
LogPluginManager: Mounting plugin AudioCapture
LogPluginManager: Mounting plugin CableComponent
LogPluginManager: Mounting plugin CustomMeshComponent
LogPluginManager: Mounting plugin EditableMesh
LogPluginManager: Mounting plugin ExampleDeviceProfileSelector
LogPluginManager: Mounting plugin GoogleCloudMessaging
LogPluginManager: Mounting plugin GooglePAD
LogPluginManager: Mounting plugin IOSDeviceProfileSelector
LogPluginManager: Mounting plugin LinuxDeviceProfileSelector
LogPluginManager: Mounting plugin LocationServicesBPLibrary
LogPluginManager: Mounting plugin MobilePatchingUtils
LogPluginManager: Mounting plugin OculusVR
LogPluginManager: Mounting plugin PhysXVehicles
LogPluginManager: Mounting plugin PostSplashScreen
LogPluginManager: Mounting plugin ProceduralMeshComponent
LogPluginManager: Mounting plugin RuntimePhysXCooking
LogPluginManager: Mounting plugin SignificanceManager
LogPluginManager: Mounting plugin SoundFields
LogPluginManager: Mounting plugin SteamVR
LogPluginManager: Mounting plugin Synthesis
LogPluginManager: Mounting plugin WebMMoviePlayer
LogPluginManager: Mounting plugin WindowsMoviePlayer
LogPluginManager: Mounting plugin ScreenshotTools
LogInit: Using libcurl 7.55.1-DEV
LogInit:  - built for x86_64-pc-win32
LogInit:  - supports SSL with OpenSSL/1.1.1
LogInit:  - supports HTTP deflate (compression) using libz 1.2.8
LogInit:  - other features:
LogInit:      CURL_VERSION_SSL
LogInit:      CURL_VERSION_LIBZ
LogInit:      CURL_VERSION_IPV6
LogInit:      CURL_VERSION_ASYNCHDNS
LogInit:      CURL_VERSION_LARGEFILE
LogInit:      CURL_VERSION_IDN
LogInit:  CurlRequestOptions (configurable via config and command line):
LogInit:  - bVerifyPeer = true  - Libcurl will verify peer certificate
LogInit:  - bUseHttpProxy = false  - Libcurl will NOT use HTTP proxy
LogInit:  - bDontReuseConnections = false  - Libcurl will reuse connections
LogInit:  - MaxHostConnections = 16  - Libcurl will limit the number of connections to a host
LogInit:  - LocalHostAddr = Default
LogInit:  - BufferSize = 65536
LogOnline: OSS: Creating online subsystem instance for: NULL
LogInit: WinSock: version 1.1 (2.2), MaxSocks=32767, MaxUdp=65467
LogOnline: OSS: TryLoadSubsystemAndSetDefault: Loaded subsystem for module [NULL]
LogOculusPluginWrapper: OculusPlugin initialized successfully
LogHMD: Failed initializing OVRPlugin 1.44.0
LogInit: Build: ++UE4+Release-4.25-CL-13942748
LogInit: Engine Version: 4.25.3-13942748+++UE4+Release-4.25
LogInit: Compatible Engine Version: 4.25.0-13144385+++UE4+Release-4.25
LogInit: Net CL: 13144385
LogInit: OS: Windows 10 (Release 2004) (), CPU: AMD Ryzen 7 2700X Eight-Core Processor         , GPU: NVIDIA GeForce RTX 2070
LogInit: Compiled (64-bit): Jul 25 2020 02:07:48
LogInit: Compiled with Visual C++: 19.24.28315.00
LogInit: Build Configuration: Development
LogInit: Branch Name: ++UE4+Release-4.25
LogInit: Command Line: 
LogInit: Base Directory: D:/UnrealEngine/UE_4.25/Engine/Binaries/Win64/
LogInit: Allocator: TBB
LogInit: Installed Engine Build: 1
LogDevObjectVersion: Number of dev versions registered: 26
LogDevObjectVersion:   Dev-Blueprints (B0D832E4-1F89-4F0D-ACCF-7EB736FD4AA2): 10
LogDevObjectVersion:   Dev-Build (E1C64328-A22C-4D53-A36C-8E866417BD8C): 0
LogDevObjectVersion:   Dev-Core (375EC13C-06E4-48FB-B500-84F0262A717E): 4
LogDevObjectVersion:   Dev-Editor (E4B068ED-F494-42E9-A231-DA0B2E46BB41): 38
LogDevObjectVersion:   Dev-Framework (CFFC743F-43B0-4480-9391-14DF171D2073): 37
LogDevObjectVersion:   Dev-Mobile (B02B49B5-BB20-44E9-A304-32B752E40360): 2
LogDevObjectVersion:   Dev-Networking (A4E4105C-59A1-49B5-A7C5-40C4547EDFEE): 0
LogDevObjectVersion:   Dev-Online (39C831C9-5AE6-47DC-9A44-9C173E1C8E7C): 0
LogDevObjectVersion:   Dev-Physics (78F01B33-EBEA-4F98-B9B4-84EACCB95AA2): 4
LogDevObjectVersion:   Dev-Platform (6631380F-2D4D-43E0-8009-CF276956A95A): 0
LogDevObjectVersion:   Dev-Rendering (12F88B9F-8875-4AFC-A67C-D90C383ABD29): 43
LogDevObjectVersion:   Dev-Sequencer (7B5AE74C-D270-4C10-A958-57980B212A5A): 12
LogDevObjectVersion:   Dev-VR (D7296918-1DD6-4BDD-9DE2-64A83CC13884): 3
LogDevObjectVersion:   Dev-LoadTimes (C2A15278-BFE7-4AFE-6C17-90FF531DF755): 1
LogDevObjectVersion:   Private-Geometry (6EACA3D4-40EC-4CC1-B786-8BED09428FC5): 3
LogDevObjectVersion:   Dev-AnimPhys (29E575DD-E0A3-4627-9D10-D276232CDCEA): 17
LogDevObjectVersion:   Dev-Anim (AF43A65D-7FD3-4947-9873-3E8ED9C1BB05): 7
LogDevObjectVersion:   Dev-ReflectionCapture (6B266CEC-1EC7-4B8F-A30B-E4D90942FC07): 1
LogDevObjectVersion:   Dev-Automation (0DF73D61-A23F-47EA-B727-89E90C41499A): 1
LogDevObjectVersion:   FortniteMain (601D1886-AC64-4F84-AA16-D3DE0DEAC7D6): 31
LogDevObjectVersion:   Dev-Enterprise (9DFFBCD6-494F-0158-E221-12823C92A888): 10
LogDevObjectVersion:   Dev-Niagara (F2AED0AC-9AFE-416F-8664-AA7FFA26D6FC): 1
LogDevObjectVersion:   Dev-Destruction (174F1F0B-B4C6-45A5-B13F-2EE8D0FB917D): 10
LogDevObjectVersion:   Dev-Physics-Ext (35F94A83-E258-406C-A318-09F59610247C): 37
LogDevObjectVersion:   Dev-PhysicsMaterial-Chaos (B68FC16E-8B1B-42E2-B453-215C058844FE): 1
LogDevObjectVersion:   Dev-CineCamera (B2E18506-4273-CFC2-A54E-F4BB758BBA07): 1
LogInit: Presizing for max 25165824 objects, including 0 objects not considered by GC, pre-allocating 0 bytes for permanent pool.
LogConfig: Applying CVar settings from Section [/Script/Engine.StreamingSettings] File [D:/GitHub/SunshinePlanet/SunshinePlanet/Saved/Config/Windows/Engine.ini]
LogConfig: Setting CVar [[s.MinBulkDataSizeForAsyncLoading:131072]]
LogConfig: Setting CVar [[s.AsyncLoadingThreadEnabled:0]]
LogConfig: Setting CVar [[s.EventDrivenLoaderEnabled:1]]
LogConfig: Setting CVar [[s.WarnIfTimeLimitExceeded:0]]
LogConfig: Setting CVar [[s.TimeLimitExceededMultiplier:1.5]]
LogConfig: Setting CVar [[s.TimeLimitExceededMinTime:0.005]]
LogConfig: Setting CVar [[s.UseBackgroundLevelStreaming:1]]
LogConfig: Setting CVar [[s.PriorityAsyncLoadingExtraTime:15.0]]
LogConfig: Setting CVar [[s.LevelStreamingActorsUpdateTimeLimit:5.0]]
LogConfig: Setting CVar [[s.PriorityLevelStreamingActorsUpdateExtraTime:5.0]]
LogConfig: Setting CVar [[s.LevelStreamingComponentsRegistrationGranularity:10]]
LogConfig: Setting CVar [[s.UnregisterComponentsTimeLimit:1.0]]
LogConfig: Setting CVar [[s.LevelStreamingComponentsUnregistrationGranularity:5]]
LogConfig: Setting CVar [[s.FlushStreamingOnExit:1]]
LogInit: Object subsystem initialized
LogConfig: Setting CVar [[con.DebugEarlyDefault:1]]
LogConfig: Setting CVar [[r.setres:1280x720]]
[2020.10.10-22.36.06:012][  0]LogConfig: Setting CVar [[r.VSync:0]]
[2020.10.10-22.36.06:012][  0]LogConfig: Setting CVar [[r.RHICmdBypass:0]]
[2020.10.10-22.36.06:012][  0]LogConfig: Applying CVar settings from Section [/Script/Engine.RendererSettings] File [D:/GitHub/SunshinePlanet/SunshinePlanet/Saved/Config/Windows/Engine.ini]
[2020.10.10-22.36.06:012][  0]LogConfig: Setting CVar [[r.GPUCrashDebugging:0]]
[2020.10.10-22.36.06:012][  0]LogConfig: Setting CVar [[r.DefaultFeature.AmbientOcclusion:0]]
[2020.10.10-22.36.06:012][  0]LogConfig: Setting CVar [[r.DefaultFeature.AmbientOcclusionStaticFraction:0]]
[2020.10.10-22.36.06:012][  0]LogConfig: Setting CVar [[vr.InstancedStereo:1]]
[2020.10.10-22.36.06:012][  0]LogConfig: Setting CVar [[r.SeparateTranslucency:0]]
[2020.10.10-22.36.06:012][  0]LogConfig: Setting CVar [[r.HZBOcclusion:0]]
[2020.10.10-22.36.06:012][  0]LogConfig: Setting CVar [[r.SSR.MaxRoughness:0]]
[2020.10.10-22.36.06:012][  0]LogConfig: Setting CVar [[r.rhicmdbypass:0]]
[2020.10.10-22.36.06:012][  0]LogConfig: Applying CVar settings from Section [/Script/Engine.RendererOverrideSettings] File [D:/GitHub/SunshinePlanet/SunshinePlanet/Saved/Config/Windows/Engine.ini]
[2020.10.10-22.36.06:012][  0]LogConfig: Applying CVar settings from Section [/Script/Engine.StreamingSettings] File [D:/GitHub/SunshinePlanet/SunshinePlanet/Saved/Config/Windows/Engine.ini]
[2020.10.10-22.36.06:012][  0]LogConfig: Setting CVar [[s.MinBulkDataSizeForAsyncLoading:131072]]
[2020.10.10-22.36.06:012][  0]LogConfig: Setting CVar [[s.AsyncLoadingThreadEnabled:0]]
[2020.10.10-22.36.06:012][  0]LogConfig: Setting CVar [[s.EventDrivenLoaderEnabled:1]]
[2020.10.10-22.36.06:012][  0]LogConfig: Setting CVar [[s.WarnIfTimeLimitExceeded:0]]
[2020.10.10-22.36.06:012][  0]LogConfig: Setting CVar [[s.TimeLimitExceededMultiplier:1.5]]
[2020.10.10-22.36.06:012][  0]LogConfig: Setting CVar [[s.TimeLimitExceededMinTime:0.005]]
[2020.10.10-22.36.06:012][  0]LogConfig: Setting CVar [[s.UseBackgroundLevelStreaming:1]]
[2020.10.10-22.36.06:012][  0]LogConfig: Setting CVar [[s.PriorityAsyncLoadingExtraTime:15.0]]
[2020.10.10-22.36.06:012][  0]LogConfig: Setting CVar [[s.LevelStreamingActorsUpdateTimeLimit:5.0]]
[2020.10.10-22.36.06:012][  0]LogConfig: Setting CVar [[s.PriorityLevelStreamingActorsUpdateExtraTime:5.0]]
[2020.10.10-22.36.06:012][  0]LogConfig: Setting CVar [[s.LevelStreamingComponentsRegistrationGranularity:10]]
[2020.10.10-22.36.06:012][  0]LogConfig: Setting CVar [[s.UnregisterComponentsTimeLimit:1.0]]
[2020.10.10-22.36.06:012][  0]LogConfig: Setting CVar [[s.LevelStreamingComponentsUnregistrationGranularity:5]]
[2020.10.10-22.36.06:012][  0]LogConfig: Setting CVar [[s.FlushStreamingOnExit:1]]
[2020.10.10-22.36.06:012][  0]LogConfig: Applying CVar settings from Section [/Script/Engine.GarbageCollectionSettings] File [D:/GitHub/SunshinePlanet/SunshinePlanet/Saved/Config/Windows/Engine.ini]
[2020.10.10-22.36.06:012][  0]LogConfig: Setting CVar [[gc.MaxObjectsNotConsideredByGC:1]]
[2020.10.10-22.36.06:012][  0]LogConfig: Setting CVar [[gc.SizeOfPermanentObjectPool:0]]
[2020.10.10-22.36.06:012][  0]LogConfig: Setting CVar [[gc.FlushStreamingOnGC:0]]
[2020.10.10-22.36.06:012][  0]LogConfig: Setting CVar [[gc.NumRetriesBeforeForcingGC:10]]
[2020.10.10-22.36.06:012][  0]LogConfig: Setting CVar [[gc.AllowParallelGC:1]]
[2020.10.10-22.36.06:012][  0]LogConfig: Setting CVar [[gc.TimeBetweenPurgingPendingKillObjects:61.1]]
[2020.10.10-22.36.06:012][  0]LogConfig: Setting CVar [[gc.MaxObjectsInEditor:25165824]]
[2020.10.10-22.36.06:012][  0]LogConfig: Setting CVar [[gc.IncrementalBeginDestroyEnabled:1]]
[2020.10.10-22.36.06:012][  0]LogConfig: Setting CVar [[gc.CreateGCClusters:1]]
[2020.10.10-22.36.06:012][  0]LogConfig: Setting CVar [[gc.MinGCClusterSize:5]]
[2020.10.10-22.36.06:012][  0]LogConfig: Setting CVar [[gc.ActorClusteringEnabled:0]]
[2020.10.10-22.36.06:012][  0]LogConfig: Setting CVar [[gc.BlueprintClusteringEnabled:0]]
[2020.10.10-22.36.06:012][  0]LogConfig: Setting CVar [[gc.UseDisregardForGCOnDedicatedServers:0]]
[2020.10.10-22.36.06:012][  0]LogConfig: Applying CVar settings from Section [/Script/Engine.NetworkSettings] File [D:/GitHub/SunshinePlanet/SunshinePlanet/Saved/Config/Windows/Engine.ini]
[2020.10.10-22.36.06:012][  0]LogConfig: Applying CVar settings from Section [/Script/UnrealEd.CookerSettings] File [D:/GitHub/SunshinePlanet/SunshinePlanet/Saved/Config/Windows/Engine.ini]
[2020.10.10-22.36.06:020][  0]LogConfig: Applying CVar settings from Section [ViewDistanceQuality@3] File [D:/GitHub/SunshinePlanet/SunshinePlanet/Saved/Config/Windows/Scalability.ini]
[2020.10.10-22.36.06:020][  0]LogConfig: Setting CVar [[r.SkeletalMeshLODBias:0]]
[2020.10.10-22.36.06:020][  0]LogConfig: Setting CVar [[r.ViewDistanceScale:1.0]]
[2020.10.10-22.36.06:020][  0]LogConfig: Applying CVar settings from Section [AntiAliasingQuality@3] File [D:/GitHub/SunshinePlanet/SunshinePlanet/Saved/Config/Windows/Scalability.ini]
[2020.10.10-22.36.06:020][  0]LogConfig: Setting CVar [[r.PostProcessAAQuality:3]]
[2020.10.10-22.36.06:020][  0]LogConfig: Applying CVar settings from Section [ShadowQuality@3] File [D:/GitHub/SunshinePlanet/SunshinePlanet/Saved/Config/Windows/Scalability.ini]
[2020.10.10-22.36.06:020][  0]LogConfig: Setting CVar [[r.LightFunctionQuality:1]]
[2020.10.10-22.36.06:020][  0]LogConfig: Setting CVar [[r.ShadowQuality:5]]
[2020.10.10-22.36.06:020][  0]LogConfig: Setting CVar [[r.Shadow.CSM.MaxCascades:10]]
[2020.10.10-22.36.06:020][  0]LogConfig: Setting CVar [[r.Shadow.MaxResolution:2048]]
[2020.10.10-22.36.06:020][  0]LogConfig: Setting CVar [[r.Shadow.MaxCSMResolution:2048]]
[2020.10.10-22.36.06:020][  0]LogConfig: Setting CVar [[r.Shadow.RadiusThreshold:0.01]]
[2020.10.10-22.36.06:020][  0]LogConfig: Setting CVar [[r.Shadow.DistanceScale:1.0]]
[2020.10.10-22.36.06:020][  0]LogConfig: Setting CVar [[r.Shadow.CSM.TransitionScale:1.0]]
[2020.10.10-22.36.06:020][  0]LogConfig: Setting CVar [[r.Shadow.PreShadowResolutionFactor:1.0]]
[2020.10.10-22.36.06:020][  0]LogConfig: Setting CVar [[r.DistanceFieldShadowing:1]]
[2020.10.10-22.36.06:020][  0]LogConfig: Setting CVar [[r.DistanceFieldAO:1]]
[2020.10.10-22.36.06:020][  0]LogConfig: Setting CVar [[r.AOQuality:2]]
[2020.10.10-22.36.06:020][  0]LogConfig: Setting CVar [[r.VolumetricFog:1]]
[2020.10.10-22.36.06:020][  0]LogConfig: Setting CVar [[r.VolumetricFog.GridPixelSize:8]]
[2020.10.10-22.36.06:020][  0]LogConfig: Setting CVar [[r.VolumetricFog.GridSizeZ:128]]
[2020.10.10-22.36.06:020][  0]LogConfig: Setting CVar [[r.VolumetricFog.HistoryMissSupersampleCount:4]]
[2020.10.10-22.36.06:020][  0]LogConfig: Setting CVar [[r.LightMaxDrawDistanceScale:1]]
[2020.10.10-22.36.06:020][  0]LogConfig: Setting CVar [[r.CapsuleShadows:1]]
[2020.10.10-22.36.06:020][  0]LogConfig: Applying CVar settings from Section [PostProcessQuality@3] File [D:/GitHub/SunshinePlanet/SunshinePlanet/Saved/Config/Windows/Scalability.ini]
[2020.10.10-22.36.06:020][  0]LogConfig: Setting CVar [[r.MotionBlurQuality:0]]
[2020.10.10-22.36.06:020][  0]LogConfig: Setting CVar [[r.AmbientOcclusionMipLevelFactor:0.4]]
[2020.10.10-22.36.06:020][  0]LogConfig: Setting CVar [[r.AmbientOcclusionMaxQuality:100]]
[2020.10.10-22.36.06:020][  0]LogConfig: Setting CVar [[r.AmbientOcclusionLevels:0]]
[2020.10.10-22.36.06:020][  0]LogConfig: Setting CVar [[r.AmbientOcclusionRadiusScale:1.0]]
[2020.10.10-22.36.06:020][  0]LogConfig: Setting CVar [[r.DepthOfFieldQuality:0]]
[2020.10.10-22.36.06:020][  0]LogConfig: Setting CVar [[r.RenderTargetPoolMin:400]]
[2020.10.10-22.36.06:020][  0]LogConfig: Setting CVar [[r.LensFlareQuality:0]]
[2020.10.10-22.36.06:020][  0]LogConfig: Setting CVar [[r.SceneColorFringeQuality:0]]
[2020.10.10-22.36.06:020][  0]LogConfig: Setting CVar [[r.EyeAdaptationQuality:2]]
[2020.10.10-22.36.06:020][  0]LogConfig: Setting CVar [[r.BloomQuality:1]]
[2020.10.10-22.36.06:020][  0]LogConfig: Setting CVar [[r.FastBlurThreshold:0]]
[2020.10.10-22.36.06:020][  0]LogConfig: Setting CVar [[r.Upscale.Quality:3]]
[2020.10.10-22.36.06:020][  0]LogConfig: Setting CVar [[r.Tonemapper.GrainQuantization:1]]
[2020.10.10-22.36.06:020][  0]LogConfig: Setting CVar [[r.LightShaftQuality:1]]
[2020.10.10-22.36.06:020][  0]LogConfig: Setting CVar [[r.Filter.SizeScale:1]]
[2020.10.10-22.36.06:020][  0]LogConfig: Setting CVar [[r.Tonemapper.Quality:5]]
[2020.10.10-22.36.06:020][  0]LogConfig: Setting CVar [[r.DOF.Gather.AccumulatorQuality:1        ; higher gathering accumulator quality]]
[2020.10.10-22.36.06:020][  0]LogConfig: Setting CVar [[r.DOF.Gather.PostfilterMethod:1          ; Median3x3 postfilering method]]
[2020.10.10-22.36.06:021][  0]LogConfig: Setting CVar [[r.DOF.Gather.EnableBokehSettings:0       ; no bokeh simulation when gathering]]
[2020.10.10-22.36.06:021][  0]LogConfig: Setting CVar [[r.DOF.Gather.RingCount:4                 ; medium number of samples when gathering]]
[2020.10.10-22.36.06:021][  0]LogConfig: Setting CVar [[r.DOF.Scatter.ForegroundCompositing:1    ; additive foreground scattering]]
[2020.10.10-22.36.06:021][  0]LogConfig: Setting CVar [[r.DOF.Scatter.BackgroundCompositing:2    ; additive background scattering]]
[2020.10.10-22.36.06:021][  0]LogConfig: Setting CVar [[r.DOF.Scatter.EnableBokehSettings:1      ; bokeh simulation when scattering]]
[2020.10.10-22.36.06:021][  0]LogConfig: Setting CVar [[r.DOF.Scatter.MaxSpriteRatio:0.1         ; only a maximum of 10% of scattered bokeh]]
[2020.10.10-22.36.06:021][  0]LogConfig: Setting CVar [[r.DOF.Recombine.Quality:1                ; cheap slight out of focus]]
[2020.10.10-22.36.06:021][  0]LogConfig: Setting CVar [[r.DOF.Recombine.EnableBokehSettings:0    ; no bokeh simulation on slight out of focus]]
[2020.10.10-22.36.06:021][  0]LogConfig: Setting CVar [[r.DOF.TemporalAAQuality:1                ; more stable temporal accumulation]]
[2020.10.10-22.36.06:021][  0]LogConfig: Setting CVar [[r.DOF.Kernel.MaxForegroundRadius:0.025]]
[2020.10.10-22.36.06:021][  0]LogConfig: Setting CVar [[r.DOF.Kernel.MaxBackgroundRadius:0.025]]
[2020.10.10-22.36.06:021][  0]LogConfig: Applying CVar settings from Section [TextureQuality@3] File [D:/GitHub/SunshinePlanet/SunshinePlanet/Saved/Config/Windows/Scalability.ini]
[2020.10.10-22.36.06:021][  0]LogConfig: Setting CVar [[r.Streaming.MipBias:0]]
[2020.10.10-22.36.06:021][  0]LogConfig: Setting CVar [[r.Streaming.AmortizeCPUToGPUCopy:0]]
[2020.10.10-22.36.06:021][  0]LogConfig: Setting CVar [[r.Streaming.MaxNumTexturesToStreamPerFrame:0]]
[2020.10.10-22.36.06:021][  0]LogConfig: Setting CVar [[r.Streaming.Boost:1]]
[2020.10.10-22.36.06:021][  0]LogConfig: Setting CVar [[r.MaxAnisotropy:8]]
[2020.10.10-22.36.06:021][  0]LogConfig: Setting CVar [[r.VT.MaxAnisotropy:8]]
[2020.10.10-22.36.06:021][  0]LogConfig: Setting CVar [[r.Streaming.LimitPoolSizeToVRAM:0]]
[2020.10.10-22.36.06:021][  0]LogConfig: Setting CVar [[r.Streaming.PoolSize:1000]]
[2020.10.10-22.36.06:021][  0]LogConfig: Setting CVar [[r.Streaming.MaxEffectiveScreenSize:0]]
[2020.10.10-22.36.06:021][  0]LogConfig: Applying CVar settings from Section [EffectsQuality@3] File [D:/GitHub/SunshinePlanet/SunshinePlanet/Saved/Config/Windows/Scalability.ini]
[2020.10.10-22.36.06:021][  0]LogConfig: Setting CVar [[r.TranslucencyLightingVolumeDim:4]]
[2020.10.10-22.36.06:021][  0]LogConfig: Setting CVar [[r.RefractionQuality:2]]
[2020.10.10-22.36.06:021][  0]LogConfig: Setting CVar [[r.SSR.Quality:0]]
[2020.10.10-22.36.06:021][  0]LogConfig: Setting CVar [[r.SSR.HalfResSceneColor:0]]
[2020.10.10-22.36.06:021][  0]LogConfig: Setting CVar [[r.SceneColorFormat:2]]
[2020.10.10-22.36.06:021][  0]LogConfig: Setting CVar [[r.DetailMode:2]]
[2020.10.10-22.36.06:021][  0]LogConfig: Setting CVar [[r.TranslucencyVolumeBlur:0]]
[2020.10.10-22.36.06:021][  0]LogConfig: Setting CVar [[r.MaterialQualityLevel:1 ; High quality]]
[2020.10.10-22.36.06:021][  0]LogConfig: Setting CVar [[r.SSS.Scale:1]]
[2020.10.10-22.36.06:021][  0]LogConfig: Setting CVar [[r.SSS.SampleSet:2]]
[2020.10.10-22.36.06:021][  0]LogConfig: Setting CVar [[r.SSS.Quality:1]]
[2020.10.10-22.36.06:021][  0]LogConfig: Setting CVar [[r.SSS.HalfRes:0]]
[2020.10.10-22.36.06:021][  0]LogConfig: Setting CVar [[r.SSGI.Quality:3]]
[2020.10.10-22.36.06:021][  0]LogConfig: Setting CVar [[r.EmitterSpawnRateScale:1.0]]
[2020.10.10-22.36.06:021][  0]LogConfig: Setting CVar [[r.ParticleLightQuality:2]]
[2020.10.10-22.36.06:021][  0]LogConfig: Setting CVar [[r.SkyAtmosphere.AerialPerspectiveLUT.FastApplyOnOpaque:1 ; Always have FastSkyLUT 1 in this case to avoid wrong sky]]
[2020.10.10-22.36.06:021][  0]LogConfig: Setting CVar [[r.SkyAtmosphere.AerialPerspectiveLUT.SampleCountPerSlice:1]]
[2020.10.10-22.36.06:021][  0]LogConfig: Setting CVar [[r.SkyAtmosphere.AerialPerspectiveLUT.DepthResolution:16.0]]
[2020.10.10-22.36.06:021][  0]LogConfig: Setting CVar [[r.SkyAtmosphere.FastSkyLUT:1]]
[2020.10.10-22.36.06:021][  0]LogConfig: Setting CVar [[r.SkyAtmosphere.FastSkyLUT.SampleCountMin:4.0]]
[2020.10.10-22.36.06:021][  0]LogConfig: Setting CVar [[r.SkyAtmosphere.FastSkyLUT.SampleCountMax:32.0]]
[2020.10.10-22.36.06:021][  0]LogConfig: Setting CVar [[r.SkyAtmosphere.SampleCountMin:4.0]]
[2020.10.10-22.36.06:021][  0]LogConfig: Setting CVar [[r.SkyAtmosphere.SampleCountMax:32.0]]
[2020.10.10-22.36.06:021][  0]LogConfig: Setting CVar [[r.SkyAtmosphere.TransmittanceLUT.UseSmallFormat:0]]
[2020.10.10-22.36.06:021][  0]LogConfig: Setting CVar [[r.SkyAtmosphere.TransmittanceLUT.SampleCount:10.0]]
[2020.10.10-22.36.06:021][  0]LogConfig: Setting CVar [[r.SkyAtmosphere.MultiScatteringLUT.SampleCount:15.0]]
[2020.10.10-22.36.06:021][  0]LogConfig: Applying CVar settings from Section [FoliageQuality@3] File [D:/GitHub/SunshinePlanet/SunshinePlanet/Saved/Config/Windows/Scalability.ini]
[2020.10.10-22.36.06:021][  0]LogConfig: Setting CVar [[foliage.DensityScale:1.0]]
[2020.10.10-22.36.06:021][  0]LogConfig: Setting CVar [[grass.DensityScale:1.0]]
[2020.10.10-22.36.06:021][  0]LogConfig: Applying CVar settings from Section [ShadingQuality@3] File [D:/GitHub/SunshinePlanet/SunshinePlanet/Saved/Config/Windows/Scalability.ini]
[2020.10.10-22.36.06:022][  0]LogConfig: Setting CVar [[r.HairStrands.SkyLighting.SampleCount:16]]
[2020.10.10-22.36.06:022][  0]LogConfig: Setting CVar [[r.HairStrands.SkyLighting.JitterIntegration:0]]
[2020.10.10-22.36.06:022][  0]LogConfig: Setting CVar [[r.HairStrands.SkyAO.SampleCount:16]]
[2020.10.10-22.36.06:022][  0]LogConfig: Setting CVar [[r.HairStrands.DeepShadow.SuperSampling:0]]
[2020.10.10-22.36.06:022][  0]LogConfig: Setting CVar [[r.HairStrands.VisibilityPPLL:0]]
[2020.10.10-22.36.06:022][  0]LogConfig: Setting CVar [[r.HairStrands.RasterizationScale:0.5]]
[2020.10.10-22.36.06:022][  0]LogConfig: Setting CVar [[r.HairStrands.VelocityRasterizationScale:1]]
[2020.10.10-22.36.06:022][  0]LogInit: Selected Device Profile: [Windows]
[2020.10.10-22.36.06:022][  0]LogInit: Applying CVar settings loaded from the selected device profile: [Windows]
[2020.10.10-22.36.06:022][  0]LogHAL: Display: Platform has ~ 32 GB [34284802048 / 34359738368 / 32], which maps to Largest [LargestMinGB=32, LargerMinGB=12, DefaultMinGB=8, SmallerMinGB=6, SmallestMinGB=0)
[2020.10.10-22.36.06:022][  0]LogInit: Going up to parent DeviceProfile []
[2020.10.10-22.36.06:022][  0]LogConfig: Applying CVar settings from Section [ViewDistanceQuality@3] File [D:/GitHub/SunshinePlanet/SunshinePlanet/Saved/Config/Windows/Scalability.ini]
[2020.10.10-22.36.06:022][  0]LogConfig: Setting CVar [[r.SkeletalMeshLODBias:0]]
[2020.10.10-22.36.06:022][  0]LogConfig: Setting CVar [[r.ViewDistanceScale:1.0]]
[2020.10.10-22.36.06:022][  0]LogConfig: Applying CVar settings from Section [AntiAliasingQuality@3] File [D:/GitHub/SunshinePlanet/SunshinePlanet/Saved/Config/Windows/Scalability.ini]
[2020.10.10-22.36.06:022][  0]LogConfig: Setting CVar [[r.PostProcessAAQuality:3]]
[2020.10.10-22.36.06:022][  0]LogConfig: Applying CVar settings from Section [ShadowQuality@3] File [D:/GitHub/SunshinePlanet/SunshinePlanet/Saved/Config/Windows/Scalability.ini]
[2020.10.10-22.36.06:022][  0]LogConfig: Setting CVar [[r.LightFunctionQuality:1]]
[2020.10.10-22.36.06:022][  0]LogConfig: Setting CVar [[r.ShadowQuality:5]]
[2020.10.10-22.36.06:022][  0]LogConfig: Setting CVar [[r.Shadow.CSM.MaxCascades:10]]
[2020.10.10-22.36.06:022][  0]LogConfig: Setting CVar [[r.Shadow.MaxResolution:2048]]
[2020.10.10-22.36.06:022][  0]LogConfig: Setting CVar [[r.Shadow.MaxCSMResolution:2048]]
[2020.10.10-22.36.06:022][  0]LogConfig: Setting CVar [[r.Shadow.RadiusThreshold:0.01]]
[2020.10.10-22.36.06:022][  0]LogConfig: Setting CVar [[r.Shadow.DistanceScale:1.0]]
[2020.10.10-22.36.06:022][  0]LogConfig: Setting CVar [[r.Shadow.CSM.TransitionScale:1.0]]
[2020.10.10-22.36.06:022][  0]LogConfig: Setting CVar [[r.Shadow.PreShadowResolutionFactor:1.0]]
[2020.10.10-22.36.06:022][  0]LogConfig: Setting CVar [[r.DistanceFieldShadowing:1]]
[2020.10.10-22.36.06:022][  0]LogConfig: Setting CVar [[r.DistanceFieldAO:1]]
[2020.10.10-22.36.06:022][  0]LogConfig: Setting CVar [[r.AOQuality:2]]
[2020.10.10-22.36.06:022][  0]LogConfig: Setting CVar [[r.VolumetricFog:1]]
[2020.10.10-22.36.06:022][  0]LogConfig: Setting CVar [[r.VolumetricFog.GridPixelSize:8]]
[2020.10.10-22.36.06:022][  0]LogConfig: Setting CVar [[r.VolumetricFog.GridSizeZ:128]]
[2020.10.10-22.36.06:022][  0]LogConfig: Setting CVar [[r.VolumetricFog.HistoryMissSupersampleCount:4]]
[2020.10.10-22.36.06:022][  0]LogConfig: Setting CVar [[r.LightMaxDrawDistanceScale:1]]
[2020.10.10-22.36.06:022][  0]LogConfig: Setting CVar [[r.CapsuleShadows:1]]
[2020.10.10-22.36.06:022][  0]LogConfig: Applying CVar settings from Section [PostProcessQuality@3] File [D:/GitHub/SunshinePlanet/SunshinePlanet/Saved/Config/Windows/Scalability.ini]
[2020.10.10-22.36.06:022][  0]LogConfig: Setting CVar [[r.MotionBlurQuality:0]]
[2020.10.10-22.36.06:022][  0]LogConfig: Setting CVar [[r.AmbientOcclusionMipLevelFactor:0.4]]
[2020.10.10-22.36.06:022][  0]LogConfig: Setting CVar [[r.AmbientOcclusionMaxQuality:100]]
[2020.10.10-22.36.06:022][  0]LogConfig: Setting CVar [[r.AmbientOcclusionLevels:0]]
[2020.10.10-22.36.06:023][  0]LogConfig: Setting CVar [[r.AmbientOcclusionRadiusScale:1.0]]
[2020.10.10-22.36.06:023][  0]LogConfig: Setting CVar [[r.DepthOfFieldQuality:0]]
[2020.10.10-22.36.06:023][  0]LogConfig: Setting CVar [[r.RenderTargetPoolMin:400]]
[2020.10.10-22.36.06:023][  0]LogConfig: Setting CVar [[r.LensFlareQuality:0]]
[2020.10.10-22.36.06:023][  0]LogConfig: Setting CVar [[r.SceneColorFringeQuality:0]]
[2020.10.10-22.36.06:023][  0]LogConfig: Setting CVar [[r.EyeAdaptationQuality:2]]
[2020.10.10-22.36.06:023][  0]LogConfig: Setting CVar [[r.BloomQuality:1]]
[2020.10.10-22.36.06:023][  0]LogConfig: Setting CVar [[r.FastBlurThreshold:0]]
[2020.10.10-22.36.06:023][  0]LogConfig: Setting CVar [[r.Upscale.Quality:3]]
[2020.10.10-22.36.06:023][  0]LogConfig: Setting CVar [[r.Tonemapper.GrainQuantization:1]]
[2020.10.10-22.36.06:023][  0]LogConfig: Setting CVar [[r.LightShaftQuality:1]]
[2020.10.10-22.36.06:023][  0]LogConfig: Setting CVar [[r.Filter.SizeScale:1]]
[2020.10.10-22.36.06:023][  0]LogConfig: Setting CVar [[r.Tonemapper.Quality:5]]
[2020.10.10-22.36.06:023][  0]LogConfig: Setting CVar [[r.DOF.Gather.AccumulatorQuality:1        ; higher gathering accumulator quality]]
[2020.10.10-22.36.06:023][  0]LogConfig: Setting CVar [[r.DOF.Gather.PostfilterMethod:1          ; Median3x3 postfilering method]]
[2020.10.10-22.36.06:023][  0]LogConfig: Setting CVar [[r.DOF.Gather.EnableBokehSettings:0       ; no bokeh simulation when gathering]]
[2020.10.10-22.36.06:023][  0]LogConfig: Setting CVar [[r.DOF.Gather.RingCount:4                 ; medium number of samples when gathering]]
[2020.10.10-22.36.06:023][  0]LogConfig: Setting CVar [[r.DOF.Scatter.ForegroundCompositing:1    ; additive foreground scattering]]
[2020.10.10-22.36.06:023][  0]LogConfig: Setting CVar [[r.DOF.Scatter.BackgroundCompositing:2    ; additive background scattering]]
[2020.10.10-22.36.06:023][  0]LogConfig: Setting CVar [[r.DOF.Scatter.EnableBokehSettings:1      ; bokeh simulation when scattering]]
[2020.10.10-22.36.06:023][  0]LogConfig: Setting CVar [[r.DOF.Scatter.MaxSpriteRatio:0.1         ; only a maximum of 10% of scattered bokeh]]
[2020.10.10-22.36.06:023][  0]LogConfig: Setting CVar [[r.DOF.Recombine.Quality:1                ; cheap slight out of focus]]
[2020.10.10-22.36.06:023][  0]LogConfig: Setting CVar [[r.DOF.Recombine.EnableBokehSettings:0    ; no bokeh simulation on slight out of focus]]
[2020.10.10-22.36.06:023][  0]LogConfig: Setting CVar [[r.DOF.TemporalAAQuality:1                ; more stable temporal accumulation]]
[2020.10.10-22.36.06:023][  0]LogConfig: Setting CVar [[r.DOF.Kernel.MaxForegroundRadius:0.025]]
[2020.10.10-22.36.06:023][  0]LogConfig: Setting CVar [[r.DOF.Kernel.MaxBackgroundRadius:0.025]]
[2020.10.10-22.36.06:023][  0]LogConfig: Applying CVar settings from Section [TextureQuality@3] File [D:/GitHub/SunshinePlanet/SunshinePlanet/Saved/Config/Windows/Scalability.ini]
[2020.10.10-22.36.06:023][  0]LogConfig: Setting CVar [[r.Streaming.MipBias:0]]
[2020.10.10-22.36.06:023][  0]LogConfig: Setting CVar [[r.Streaming.AmortizeCPUToGPUCopy:0]]
[2020.10.10-22.36.06:023][  0]LogConfig: Setting CVar [[r.Streaming.MaxNumTexturesToStreamPerFrame:0]]
[2020.10.10-22.36.06:023][  0]LogConfig: Setting CVar [[r.Streaming.Boost:1]]
[2020.10.10-22.36.06:023][  0]LogConfig: Setting CVar [[r.MaxAnisotropy:8]]
[2020.10.10-22.36.06:023][  0]LogConfig: Setting CVar [[r.VT.MaxAnisotropy:8]]
[2020.10.10-22.36.06:023][  0]LogConfig: Setting CVar [[r.Streaming.LimitPoolSizeToVRAM:0]]
[2020.10.10-22.36.06:023][  0]LogConfig: Setting CVar [[r.Streaming.PoolSize:1000]]
[2020.10.10-22.36.06:023][  0]LogConfig: Setting CVar [[r.Streaming.MaxEffectiveScreenSize:0]]
[2020.10.10-22.36.06:023][  0]LogConfig: Applying CVar settings from Section [EffectsQuality@3] File [D:/GitHub/SunshinePlanet/SunshinePlanet/Saved/Config/Windows/Scalability.ini]
[2020.10.10-22.36.06:023][  0]LogConfig: Setting CVar [[r.TranslucencyLightingVolumeDim:4]]
[2020.10.10-22.36.06:023][  0]LogConfig: Setting CVar [[r.RefractionQuality:2]]
[2020.10.10-22.36.06:023][  0]LogConfig: Setting CVar [[r.SSR.Quality:0]]
[2020.10.10-22.36.06:023][  0]LogConfig: Setting CVar [[r.SSR.HalfResSceneColor:0]]
[2020.10.10-22.36.06:023][  0]LogConfig: Setting CVar [[r.SceneColorFormat:2]]
[2020.10.10-22.36.06:023][  0]LogConfig: Setting CVar [[r.DetailMode:2]]
[2020.10.10-22.36.06:023][  0]LogConfig: Setting CVar [[r.TranslucencyVolumeBlur:0]]
[2020.10.10-22.36.06:023][  0]LogConfig: Setting CVar [[r.MaterialQualityLevel:1 ; High quality]]
[2020.10.10-22.36.06:023][  0]LogConfig: Setting CVar [[r.SSS.Scale:1]]
[2020.10.10-22.36.06:023][  0]LogConfig: Setting CVar [[r.SSS.SampleSet:2]]
[2020.10.10-22.36.06:023][  0]LogConfig: Setting CVar [[r.SSS.Quality:1]]
[2020.10.10-22.36.06:023][  0]LogConfig: Setting CVar [[r.SSS.HalfRes:0]]
[2020.10.10-22.36.06:023][  0]LogConfig: Setting CVar [[r.SSGI.Quality:3]]
[2020.10.10-22.36.06:023][  0]LogConfig: Setting CVar [[r.EmitterSpawnRateScale:1.0]]
[2020.10.10-22.36.06:023][  0]LogConfig: Setting CVar [[r.ParticleLightQuality:2]]
[2020.10.10-22.36.06:023][  0]LogConfig: Setting CVar [[r.SkyAtmosphere.AerialPerspectiveLUT.FastApplyOnOpaque:1 ; Always have FastSkyLUT 1 in this case to avoid wrong sky]]
[2020.10.10-22.36.06:024][  0]LogConfig: Setting CVar [[r.SkyAtmosphere.AerialPerspectiveLUT.SampleCountPerSlice:1]]
[2020.10.10-22.36.06:024][  0]LogConfig: Setting CVar [[r.SkyAtmosphere.AerialPerspectiveLUT.DepthResolution:16.0]]
[2020.10.10-22.36.06:024][  0]LogConfig: Setting CVar [[r.SkyAtmosphere.FastSkyLUT:1]]
[2020.10.10-22.36.06:024][  0]LogConfig: Setting CVar [[r.SkyAtmosphere.FastSkyLUT.SampleCountMin:4.0]]
[2020.10.10-22.36.06:024][  0]LogConfig: Setting CVar [[r.SkyAtmosphere.FastSkyLUT.SampleCountMax:32.0]]
[2020.10.10-22.36.06:024][  0]LogConfig: Setting CVar [[r.SkyAtmosphere.SampleCountMin:4.0]]
[2020.10.10-22.36.06:024][  0]LogConfig: Setting CVar [[r.SkyAtmosphere.SampleCountMax:32.0]]
[2020.10.10-22.36.06:024][  0]LogConfig: Setting CVar [[r.SkyAtmosphere.TransmittanceLUT.UseSmallFormat:0]]
[2020.10.10-22.36.06:024][  0]LogConfig: Setting CVar [[r.SkyAtmosphere.TransmittanceLUT.SampleCount:10.0]]
[2020.10.10-22.36.06:024][  0]LogConfig: Setting CVar [[r.SkyAtmosphere.MultiScatteringLUT.SampleCount:15.0]]
[2020.10.10-22.36.06:024][  0]LogConfig: Applying CVar settings from Section [FoliageQuality@3] File [D:/GitHub/SunshinePlanet/SunshinePlanet/Saved/Config/Windows/Scalability.ini]
[2020.10.10-22.36.06:024][  0]LogConfig: Setting CVar [[foliage.DensityScale:1.0]]
[2020.10.10-22.36.06:024][  0]LogConfig: Setting CVar [[grass.DensityScale:1.0]]
[2020.10.10-22.36.06:024][  0]LogConfig: Applying CVar settings from Section [ShadingQuality@3] File [D:/GitHub/SunshinePlanet/SunshinePlanet/Saved/Config/Windows/Scalability.ini]
[2020.10.10-22.36.06:024][  0]LogConfig: Setting CVar [[r.HairStrands.SkyLighting.SampleCount:16]]
[2020.10.10-22.36.06:024][  0]LogConfig: Setting CVar [[r.HairStrands.SkyLighting.JitterIntegration:0]]
[2020.10.10-22.36.06:024][  0]LogConfig: Setting CVar [[r.HairStrands.SkyAO.SampleCount:16]]
[2020.10.10-22.36.06:024][  0]LogConfig: Setting CVar [[r.HairStrands.DeepShadow.SuperSampling:0]]
[2020.10.10-22.36.06:024][  0]LogConfig: Setting CVar [[r.HairStrands.VisibilityPPLL:0]]
[2020.10.10-22.36.06:024][  0]LogConfig: Setting CVar [[r.HairStrands.RasterizationScale:0.5]]
[2020.10.10-22.36.06:024][  0]LogConfig: Setting CVar [[r.HairStrands.VelocityRasterizationScale:1]]
[2020.10.10-22.36.06:024][  0]LogConfig: Applying CVar settings from Section [Startup] File [../../../Engine/Config/ConsoleVariables.ini]
[2020.10.10-22.36.06:024][  0]LogConfig: Setting CVar [[net.UseAdaptiveNetUpdateFrequency:0]]
[2020.10.10-22.36.06:024][  0]LogConfig: Setting CVar [[p.chaos.AllowCreatePhysxBodies:1]]
[2020.10.10-22.36.06:024][  0]LogConfig: Setting CVar [[fx.SkipVectorVMBackendOptimizations:1]]
[2020.10.10-22.36.06:024][  0]LogConfig: Applying CVar settings from Section [ConsoleVariables] File [D:/GitHub/SunshinePlanet/SunshinePlanet/Saved/Config/Windows/Engine.ini]
[2020.10.10-22.36.06:025][  0]LogInit: Computer: DESKTOP-O4LOH7J
[2020.10.10-22.36.06:025][  0]LogInit: User: jorda
[2020.10.10-22.36.06:025][  0]LogInit: CPU Page size=4096, Cores=8
[2020.10.10-22.36.06:025][  0]LogInit: High frequency timer resolution =10.000000 MHz
[2020.10.10-22.36.06:025][  0]LogMemory: Memory total: Physical=31.9GB (32GB approx)
[2020.10.10-22.36.06:025][  0]LogMemory: Platform Memory Stats for Windows
[2020.10.10-22.36.06:025][  0]LogMemory: Process Physical Memory: 119.48 MB used, 119.48 MB peak
[2020.10.10-22.36.06:025][  0]LogMemory: Process Virtual Memory: 102.22 MB used, 102.22 MB peak
[2020.10.10-22.36.06:025][  0]LogMemory: Physical Memory: 24601.83 MB used,  8094.71 MB free, 32696.54 MB total
[2020.10.10-22.36.06:025][  0]LogMemory: Virtual Memory: 5228.05 MB used,  134212496.00 MB free, 134217728.00 MB total
[2020.10.10-22.36.06:034][  0]LogWindows: WindowsPlatformFeatures enabled
[2020.10.10-22.36.06:084][  0]LogInit: Physics initialised using underlying interface: PhysX
[2020.10.10-22.36.06:087][  0]LogInit: Using OS detected language (en-US).
[2020.10.10-22.36.06:087][  0]LogInit: Using OS detected locale (en-US).
[2020.10.10-22.36.06:089][  0]LogTextLocalizationManager: No specific localization for 'en-US' exists, so the 'en' localization will be used.
[2020.10.10-22.36.06:441][  0]LogInit: Setting process to per monitor DPI aware
[2020.10.10-22.36.06:514][  0]LogSlate: New Slate User Created.  User Index 0, Is Virtual User: 0
[2020.10.10-22.36.06:514][  0]LogSlate: Slate User Registered.  User Index 0, Is Virtual User: 0
[2020.10.10-22.36.06:845][  0]LogHMD: Failed to initialize OpenVR with code 126
[2020.10.10-22.36.06:845][  0]LogD3D11RHI: D3D11 min allowed feature level: 11_0
[2020.10.10-22.36.06:845][  0]LogD3D11RHI: D3D11 max allowed feature level: 11_0
[2020.10.10-22.36.06:845][  0]LogD3D11RHI: D3D11 adapters:
[2020.10.10-22.36.06:975][  0]LogD3D11RHI:    0. 'NVIDIA GeForce RTX 2070' (Feature Level 11_0)
[2020.10.10-22.36.06:975][  0]LogD3D11RHI:       8031/0/16348 MB DedicatedVideo/DedicatedSystem/SharedSystem, Outputs:2, VendorId:0x10de
[2020.10.10-22.36.06:981][  0]LogD3D11RHI:    1. 'Microsoft Basic Render Driver' (Feature Level 11_0)
[2020.10.10-22.36.06:981][  0]LogD3D11RHI:       0/0/16348 MB DedicatedVideo/DedicatedSystem/SharedSystem, Outputs:0, VendorId:0x1414
[2020.10.10-22.36.06:981][  0]LogD3D11RHI: Chosen D3D11 Adapter: 0
[2020.10.10-22.36.07:006][  0]LogD3D11RHI: Creating new Direct3DDevice
[2020.10.10-22.36.07:006][  0]LogD3D11RHI:     GPU DeviceId: 0x1f02 (for the marketing name, search the web for "GPU Device Id")
[2020.10.10-22.36.07:006][  0]LogWindows: EnumDisplayDevices:
[2020.10.10-22.36.07:007][  0]LogWindows:    0. 'NVIDIA GeForce RTX 2070' (P:1 D:1)
[2020.10.10-22.36.07:007][  0]LogWindows:    1. 'NVIDIA GeForce RTX 2070' (P:0 D:1)
[2020.10.10-22.36.07:008][  0]LogWindows:    2. 'NVIDIA GeForce RTX 2070' (P:0 D:0)
[2020.10.10-22.36.07:008][  0]LogWindows:    3. 'NVIDIA GeForce RTX 2070' (P:0 D:0)
[2020.10.10-22.36.07:009][  0]LogWindows: DebugString: FoundDriverCount:4 
[2020.10.10-22.36.07:009][  0]LogD3D11RHI:     Adapter Name: NVIDIA GeForce RTX 2070
[2020.10.10-22.36.07:009][  0]LogD3D11RHI:   Driver Version: 446.14 (internal:26.21.14.4614, unified:446.14)
[2020.10.10-22.36.07:009][  0]LogD3D11RHI:      Driver Date: 5-15-2020
[2020.10.10-22.36.07:009][  0]LogRHI: Texture pool is 5621 MB (70% of 8031 MB)
[2020.10.10-22.36.07:112][  0]LogD3D11RHI: RHI has support for 64 bit atomics
[2020.10.10-22.36.07:116][  0]LogD3D11RHI: [Aftermath] Enabled and primed
[2020.10.10-22.36.07:116][  0]LogD3D11RHI: Async texture creation enabled
[2020.10.10-22.36.07:116][  0]LogD3D11RHI: Array index from any shader is supported
[2020.10.10-22.36.07:151][  0]LogD3D11RHI: GPU Timing Frequency: 1000.000000 (Debug: 2 1)
[2020.10.10-22.36.07:775][  0]LogTargetPlatformManager: Display: Loaded TargetPlatform 'AllDesktop'
[2020.10.10-22.36.07:811][  0]LogTargetPlatformManager: Display: Loaded TargetPlatform 'Android'
[2020.10.10-22.36.07:812][  0]LogTargetPlatformManager: Display: Loaded TargetPlatform 'Android_ASTC'
[2020.10.10-22.36.07:812][  0]LogTargetPlatformManager: Display: Loaded TargetPlatform 'Android_DXT'
[2020.10.10-22.36.07:812][  0]LogTargetPlatformManager: Display: Loaded TargetPlatform 'Android_ETC2'
[2020.10.10-22.36.07:812][  0]LogTargetPlatformManager: Display: Loaded TargetPlatform 'AndroidClient'
[2020.10.10-22.36.07:812][  0]LogTargetPlatformManager: Display: Loaded TargetPlatform 'Android_ASTCClient'
[2020.10.10-22.36.07:812][  0]LogTargetPlatformManager: Display: Loaded TargetPlatform 'Android_DXTClient'
[2020.10.10-22.36.07:812][  0]LogTargetPlatformManager: Display: Loaded TargetPlatform 'Android_ETC2Client'
[2020.10.10-22.36.07:812][  0]LogTargetPlatformManager: Display: Loaded TargetPlatform 'Android_Multi'
[2020.10.10-22.36.07:812][  0]LogTargetPlatformManager: Display: Loaded TargetPlatform 'Android_MultiClient'
[2020.10.10-22.36.07:851][  0]LogTargetPlatformManager: Display: Loaded TargetPlatform 'IOSClient'
[2020.10.10-22.36.07:851][  0]LogTargetPlatformManager: Display: Loaded TargetPlatform 'IOS'
[2020.10.10-22.36.07:866][  0]LogTargetPlatformManager: Display: Loaded TargetPlatform 'Linux'
[2020.10.10-22.36.07:880][  0]LogTargetPlatformManager: Display: Loaded TargetPlatform 'LinuxNoEditor'
[2020.10.10-22.36.07:895][  0]LogTargetPlatformManager: Display: Loaded TargetPlatform 'LinuxClient'
[2020.10.10-22.36.07:909][  0]LogTargetPlatformManager: Display: Loaded TargetPlatform 'LinuxServer'
[2020.10.10-22.36.07:924][  0]LogTargetPlatformManager: Display: Loaded TargetPlatform 'LinuxAArch64NoEditor'
[2020.10.10-22.36.07:939][  0]LogTargetPlatformManager: Display: Loaded TargetPlatform 'LinuxAArch64Client'
[2020.10.10-22.36.07:953][  0]LogTargetPlatformManager: Display: Loaded TargetPlatform 'LinuxAArch64Server'
[2020.10.10-22.36.07:998][  0]LogTargetPlatformManager: Display: Loaded TargetPlatform 'Lumin'
[2020.10.10-22.36.07:998][  0]LogTargetPlatformManager: Display: Loaded TargetPlatform 'LuminClient'
[2020.10.10-22.36.08:026][  0]LogTargetPlatformManager: Display: Loaded TargetPlatform 'TVOSClient'
[2020.10.10-22.36.08:026][  0]LogTargetPlatformManager: Display: Loaded TargetPlatform 'TVOS'
[2020.10.10-22.36.08:041][  0]LogTargetPlatformManager: Display: Loaded TargetPlatform 'WindowsNoEditor'
[2020.10.10-22.36.08:055][  0]LogTargetPlatformManager: Display: Loaded TargetPlatform 'Windows'
[2020.10.10-22.36.08:070][  0]LogTargetPlatformManager: Display: Loaded TargetPlatform 'WindowsClient'
[2020.10.10-22.36.08:084][  0]LogTargetPlatformManager: Display: Loaded TargetPlatform 'WindowsServer'
[2020.10.10-22.36.08:084][  0]LogTargetPlatformManager: Display: Building Assets For Windows
[2020.10.10-22.36.08:100][  0]LogAudioDebug: Display: Lib vorbis DLL was dynamically loaded.
[2020.10.10-22.36.08:199][  0]LogShaderCompilers: Guid format shader working directory is -6 characters bigger than the processId version (../../../../../GitHub/SunshinePlanet/SunshinePlanet/Intermediate/Shaders/WorkingDirectory/16888/).
[2020.10.10-22.36.08:199][  0]LogShaderCompilers: Cleaned the shader compiler working directory 'C:/Users/jorda/AppData/Local/Temp/UnrealShaderWorkingDir/CBD3E9374C0A9986DADBDB8CCAAC428A/'.
[2020.10.10-22.36.08:200][  0]LogXGEController: Cannot use XGE Controller as Incredibuild is not installed on this machine.
[2020.10.10-22.36.08:200][  0]LogShaderCompilers: Cannot use XGE Shader Compiler as Incredibuild is not installed on this machine.
[2020.10.10-22.36.08:200][  0]LogShaderCompilers: Display: Using Local Shader Compiler.
[2020.10.10-22.36.09:339][  0]LogDerivedDataCache: Display: Max Cache Size: 512 MB
[2020.10.10-22.36.09:429][  0]LogDerivedDataCache: Loaded boot cache 0.09s 80MB C:/Users/jorda/AppData/Local/UnrealEngine/4.25/DerivedDataCache/Boot.ddc.
[2020.10.10-22.36.09:429][  0]LogDerivedDataCache: Display: Loaded Boot cache: C:/Users/jorda/AppData/Local/UnrealEngine/4.25/DerivedDataCache/Boot.ddc
[2020.10.10-22.36.09:429][  0]LogDerivedDataCache: FDerivedDataBackendGraph:  Pak pak cache file ../../../../../GitHub/SunshinePlanet/SunshinePlanet/DerivedDataCache/DDC.ddp not found, will not use a pak cache.
[2020.10.10-22.36.09:429][  0]LogDerivedDataCache: Unable to find inner node Pak for hierarchical cache Hierarchy.
[2020.10.10-22.36.09:429][  0]LogDerivedDataCache: FDerivedDataBackendGraph:  CompressedPak pak cache file ../../../../../GitHub/SunshinePlanet/SunshinePlanet/DerivedDataCache/Compressed.ddp not found, will not use a pak cache.
[2020.10.10-22.36.09:429][  0]LogDerivedDataCache: Unable to find inner node CompressedPak for hierarchical cache Hierarchy.
[2020.10.10-22.36.09:443][  0]LogDerivedDataCache: Display: Pak cache opened for reading ../../../Engine/DerivedDataCache/Compressed.ddp.
[2020.10.10-22.36.09:443][  0]LogDerivedDataCache: FDerivedDataBackendGraph:  EnterprisePak pak cache file ../../../Enterprise/DerivedDataCache/Compressed.ddp not found, will not use a pak cache.
[2020.10.10-22.36.09:443][  0]LogDerivedDataCache: Unable to find inner node EnterprisePak for hierarchical cache Hierarchy.
[2020.10.10-22.36.09:446][  0]LogDerivedDataCache: Using Local data cache path C:/Users/jorda/AppData/Local/UnrealEngine/Common/DerivedDataCache: Writable
[2020.10.10-22.36.09:446][  0]LogDerivedDataCache: Shared data cache path not found in *engine.ini, will not use an Shared cache.
[2020.10.10-22.36.09:446][  0]LogDerivedDataCache: Unable to find inner node Shared for hierarchical cache Hierarchy.
[2020.10.10-22.36.11:600][  0]LogSlate: Using FreeType 2.10.0
[2020.10.10-22.36.11:600][  0]LogSlate: SlateFontServices - WITH_FREETYPE: 1, WITH_HARFBUZZ: 1
[2020.10.10-22.36.11:660][  0]LogShaderCompilers: Display: Worker (1/13): shaders left to compile 2715
[2020.10.10-22.36.11:660][  0]LogShaderCompilers: Display: Worker (2/13): shaders left to compile 2714
[2020.10.10-22.36.11:660][  0]LogShaderCompilers: Display: Worker (3/13): shaders left to compile 2713
[2020.10.10-22.36.11:660][  0]LogShaderCompilers: Display: Worker (4/13): shaders left to compile 2712
[2020.10.10-22.36.11:660][  0]LogShaderCompilers: Display: Worker (5/13): shaders left to compile 2711
[2020.10.10-22.36.11:660][  0]LogShaderCompilers: Display: Worker (6/13): shaders left to compile 2710
[2020.10.10-22.36.11:660][  0]LogShaderCompilers: Display: Worker (7/13): shaders left to compile 2709
[2020.10.10-22.36.11:660][  0]LogShaderCompilers: Display: Worker (8/13): shaders left to compile 2708
[2020.10.10-22.36.11:660][  0]LogShaderCompilers: Display: Worker (9/13): shaders left to compile 2707
[2020.10.10-22.36.11:660][  0]LogShaderCompilers: Display: Worker (10/13): shaders left to compile 2706
[2020.10.10-22.36.11:660][  0]LogShaderCompilers: Display: Worker (11/13): shaders left to compile 2705
[2020.10.10-22.36.11:660][  0]LogShaderCompilers: Display: Worker (12/13): shaders left to compile 2704
[2020.10.10-22.36.11:660][  0]LogShaderCompilers: Display: Worker (13/13): shaders left to compile 2703
[2020.10.10-22.36.11:660][  0]LogAssetRegistry: FAssetRegistry took 0.0053 seconds to start up
[2020.10.10-22.36.12:040][  0]LogInit: Selected Device Profile: [Windows]
[2020.10.10-22.36.12:394][  0]LogMaterial: Display: Missing cached shader map for material MatineeCam_mat, compiling. 
[2020.10.10-22.36.12:489][  0]LogMeshReduction: Using QuadricMeshReduction for automatic static mesh reduction
[2020.10.10-22.36.12:489][  0]LogMeshReduction: Using SimplygonMeshReduction for automatic skeletal mesh reduction
[2020.10.10-22.36.12:489][  0]LogMeshReduction: Using ProxyLODMeshReduction for automatic mesh merging
[2020.10.10-22.36.12:489][  0]LogMeshReduction: No distributed automatic mesh merging module available
[2020.10.10-22.36.12:489][  0]LogMeshMerging: No distributed automatic mesh merging module available
[2020.10.10-22.36.12:517][  0]LogNetVersion: SunshinePlanet 1.0.0, NetCL: 13144385, EngineNetVer: 14, GameNetVer: 0 (Checksum: 675297403)
[2020.10.10-22.36.12:561][  0]LogMaterial: Display: Missing cached shader map for material HelpActorMaterial, compiling. 
[2020.10.10-22.36.12:674][  0]LogMaterial: Display: Missing cached shader map for material M_ChromeBall, compiling. 
[2020.10.10-22.36.12:771][  0]LogMaterial: Display: Missing cached shader map for material DefaultTextMaterialOpaque, compiling. 
[2020.10.10-22.36.12:811][  0]LogMaterial: Display: Missing cached shader map for material BaseFlattenMaterial, compiling. 
[2020.10.10-22.36.13:241][  0]LogMaterial: Display: Missing cached shader map for material Xray, compiling. 
[2020.10.10-22.36.13:254][  0]LogMaterial: Display: Missing cached shader map for material Main, compiling. 
[2020.10.10-22.36.13:277][  0]LogMaterial: Display: Missing cached shader map for material Widget3DPassThrough, compiling. 
[2020.10.10-22.36.13:285][  0]LogMaterial: Display: Missing cached shader map for material Widget3DPassThrough, compiling. 
[2020.10.10-22.36.13:297][  0]LogMaterial: Display: Missing cached shader map for material Widget3DPassThrough, compiling. 
[2020.10.10-22.36.13:309][  0]LogMaterial: Display: Missing cached shader map for material Widget3DPassThrough, compiling. 
[2020.10.10-22.36.13:316][  0]LogMaterial: Display: Missing cached shader map for material Widget3DPassThrough, compiling. 
[2020.10.10-22.36.13:341][  0]LogMaterial: Display: Missing cached shader map for material Widget3DPassThrough, compiling. 
[2020.10.10-22.36.13:368][  0]LogMaterial: Display: Missing cached shader map for material Widget3DCameraPassThrough_Opaque_OneSided, compiling. 
[2020.10.10-22.36.13:384][  0]LogMaterial: Display: Missing cached shader map for material TranslucentTransformGizmoMaterial, compiling. 
[2020.10.10-22.36.13:392][  0]LogMaterial: Display: Missing cached shader map for material TransformGizmoMaterial, compiling. 
[2020.10.10-22.36.13:415][  0]LogMaterial: Display: Missing cached shader map for material WireframeMaterial, compiling. Is special engine material.
[2020.10.10-22.36.13:732][  0]LogMaterial: Display: Missing cached shader map for material CineMat, compiling. 
[2020.10.10-22.36.13:781][  0]LogMaterial: Display: Missing cached shader map for material M_SimpleOpaque, compiling. 
[2020.10.10-22.36.13:801][  0]LogMaterial: Display: Missing cached shader map for material M_SimpleUnlitTranslucent, compiling. 
[2020.10.10-22.36.13:907][  0]LogMaterial: Display: Missing cached shader map for material SkySphereMaterial, compiling. 
[2020.10.10-22.36.13:917][  0]LogMaterial: Display: Missing cached shader map for material FloorPlaneMaterial, compiling. 
[2020.10.10-22.36.14:006][  0]LogMaterial: Display: Missing cached shader map for material LandscapeGizmo_Mat, compiling. 
[2020.10.10-22.36.14:027][  0]LogMaterial: Display: Missing cached shader map for material LandscapeGizmoHeight_Mat, compiling. 
[2020.10.10-22.36.14:066][  0]LogMaterial: Display: Missing cached shader map for material SplineEditorMeshMat, compiling. 
[2020.10.10-22.36.14:079][  0]LogAISub: UAISubsystem::UAISubsystem AISubsystem (0000016CA492D180), frame # 0
[2020.10.10-22.36.14:079][  0]LogAISub: UAISubsystem::UAISubsystem AIPerceptionSystem (0000016CA49D9440), frame # 0
[2020.10.10-22.36.14:081][  0]LogAISub: UAISubsystem::UAISubsystem EnvQueryManager (0000016CA4983200), frame # 0
[2020.10.10-22.36.14:182][  0]LogPackageLocalizationCache: Processed 19 localized package path(s) for 1 prioritized culture(s) in 0.083921 seconds
[2020.10.10-22.36.14:193][  0]LogUObjectArray: 15917 objects as part of root set at end of initial load.
[2020.10.10-22.36.14:193][  0]LogUObjectAllocator: 3965568 out of 0 bytes used by permanent object pool.
[2020.10.10-22.36.14:193][  0]LogUObjectArray: CloseDisregardForGC: 0/0 objects in disregard for GC pool
[2020.10.10-22.37.42:279][  0]LogShaderCompilers: Display: Worker (6/13): shaders left to compile 3780
[2020.10.10-22.37.43:426][  0]LogShaderCompilers: Display: Worker (2/13): shaders left to compile 3779
[2020.10.10-22.37.45:790][  0]LogShaderCompilers: Display: Worker (2/13): shaders left to compile 3778
[2020.10.10-22.37.47:489][  0]LogShaderCompilers: Display: Worker (6/13): shaders left to compile 3777
[2020.10.10-22.37.48:065][  0]LogShaderCompilers: Display: Worker (6/13): shaders left to compile 3776
[2020.10.10-22.37.48:693][  0]LogShaderCompilers: Display: Worker (2/13): shaders left to compile 3775
[2020.10.10-22.37.54:726][  0]LogShaderCompilers: Display: Worker (2/13): shaders left to compile 3774
[2020.10.10-22.37.55:360][  0]LogShaderCompilers: Display: Worker (2/13): shaders left to compile 3773
[2020.10.10-22.37.55:360][  0]LogShaderCompilers: Display: Worker (6/13): shaders left to compile 3772
[2020.10.10-22.38.02:992][  0]LogShaderCompilers: Display: Worker (2/13): shaders left to compile 3771
[2020.10.10-22.38.03:590][  0]LogShaderCompilers: Display: Worker (6/13): shaders left to compile 3770
[2020.10.10-22.38.05:358][  0]LogShaderCompilers: Display: Worker (2/13): shaders left to compile 3769
[2020.10.10-22.38.05:920][  0]LogShaderCompilers: Display: Worker (2/13): shaders left to compile 3768
[2020.10.10-22.38.08:401][  0]LogShaderCompilers: Display: Worker (5/13): shaders left to compile 3767
[2020.10.10-22.38.09:047][  0]LogShaderCompilers: Display: Worker (6/13): shaders left to compile 3766
[2020.10.10-22.38.09:618][  0]LogShaderCompilers: Display: Worker (3/13): shaders left to compile 3765
[2020.10.10-22.38.11:959][  0]LogShaderCompilers: Display: Worker (2/13): shaders left to compile 3764
[2020.10.10-22.38.14:875][  0]LogShaderCompilers: Display: Worker (6/13): shaders left to compile 3763
[2020.10.10-22.38.15:467][  0]LogShaderCompilers: Display: Worker (5/13): shaders left to compile 3762
[2020.10.10-22.38.15:467][  0]LogShaderCompilers: Display: Worker (3/13): shaders left to compile 3761
[2020.10.10-22.38.17:308][  0]LogShaderCompilers: Display: Worker (2/13): shaders left to compile 3760
[2020.10.10-22.38.17:912][  0]LogShaderCompilers: Display: Worker (5/13): shaders left to compile 3759
[2020.10.10-22.38.17:912][  0]LogShaderCompilers: Display: Worker (11/13): shaders left to compile 3758
[2020.10.10-22.38.21:489][  0]LogShaderCompilers: Display: Worker (6/13): shaders left to compile 3757
[2020.10.10-22.38.22:339][  0]LogShaderCompilers: Display: Worker (11/13): shaders left to compile 3756
[2020.10.10-22.38.23:000][  0]LogShaderCompilers: Display: Worker (1/13): shaders left to compile 3755
[2020.10.10-22.38.23:000][  0]LogShaderCompilers: Display: Worker (2/13): shaders left to compile 3754
[2020.10.10-22.38.27:886][  0]LogShaderCompilers: Display: Worker (5/13): shaders left to compile 3753
[2020.10.10-22.38.28:452][  0]LogShaderCompilers: Display: Worker (3/13): shaders left to compile 3752
[2020.10.10-22.38.28:452][  0]LogShaderCompilers: Display: Worker (1/13): shaders left to compile 3751
[2020.10.10-22.38.29:014][  0]LogShaderCompilers: Display: Worker (2/13): shaders left to compile 3750
[2020.10.10-22.38.29:632][  0]LogShaderCompilers: Display: Worker (6/13): shaders left to compile 3749
[2020.10.10-22.38.31:974][  0]LogShaderCompilers: Display: Worker (2/13): shaders left to compile 3748
[2020.10.10-22.38.32:537][  0]LogShaderCompilers: Display: Worker (1/13): shaders left to compile 3747
[2020.10.10-22.38.33:101][  0]LogShaderCompilers: Display: Worker (6/13): shaders left to compile 3746
[2020.10.10-22.38.35:178][  0]LogShaderCompilers: Display: Worker (3/13): shaders left to compile 3745
[2020.10.10-22.38.36:962][  0]LogShaderCompilers: Display: Worker (10/13): shaders left to compile 3744
[2020.10.10-22.38.37:580][  0]LogShaderCompilers: Display: Worker (12/13): shaders left to compile 3743
[2020.10.10-22.38.38:144][  0]LogShaderCompilers: Display: Worker (13/13): shaders left to compile 3742
[2020.10.10-22.38.38:733][  0]LogShaderCompilers: Display: Worker (2/13): shaders left to compile 3741
[2020.10.10-22.38.38:733][  0]LogShaderCompilers: Display: Worker (5/13): shaders left to compile 3740
[2020.10.10-22.38.39:338][  0]LogShaderCompilers: Display: Worker (1/13): shaders left to compile 3739
[2020.10.10-22.38.39:338][  0]LogShaderCompilers: Display: Worker (6/13): shaders left to compile 3738
[2020.10.10-22.38.39:946][  0]LogShaderCompilers: Display: Worker (12/13): shaders left to compile 3737
[2020.10.10-22.38.41:092][  0]LogShaderCompilers: Display: Worker (8/13): shaders left to compile 3736
[2020.10.10-22.38.42:335][  0]LogShaderCompilers: Display: Worker (5/13): shaders left to compile 3735
[2020.10.10-22.38.42:915][  0]LogShaderCompilers: Display: Worker (4/13): shaders left to compile 3734
[2020.10.10-22.38.42:915][  0]LogShaderCompilers: Display: Worker (2/13): shaders left to compile 3733
[2020.10.10-22.38.43:560][  0]LogShaderCompilers: Display: Worker (13/13): shaders left to compile 3732
[2020.10.10-22.38.44:173][  0]LogShaderCompilers: Display: Worker (3/13): shaders left to compile 3731
[2020.10.10-22.38.44:173][  0]LogShaderCompilers: Display: Worker (1/13): shaders left to compile 3730
[2020.10.10-22.38.44:848][  0]LogShaderCompilers: Display: Worker (6/13): shaders left to compile 3729
[2020.10.10-22.38.46:010][  0]LogShaderCompilers: Display: Worker (10/13): shaders left to compile 3728
[2020.10.10-22.38.47:236][  0]LogShaderCompilers: Display: Worker (13/13): shaders left to compile 3727
[2020.10.10-22.38.47:236][  0]LogShaderCompilers: Display: Worker (12/13): shaders left to compile 3726
[2020.10.10-22.38.47:815][  0]LogShaderCompilers: Display: Worker (2/13): shaders left to compile 3725
[2020.10.10-22.38.48:395][  0]LogShaderCompilers: Display: Worker (3/13): shaders left to compile 3724
[2020.10.10-22.38.48:395][  0]LogShaderCompilers: Display: Worker (8/13): shaders left to compile 3723
[2020.10.10-22.38.48:395][  0]LogShaderCompilers: Display: Worker (11/13): shaders left to compile 3722
[2020.10.10-22.38.49:540][  0]LogShaderCompilers: Display: Worker (4/13): shaders left to compile 3721
[2020.10.10-22.38.50:768][  0]LogShaderCompilers: Display: Worker (6/13): shaders left to compile 3720
[2020.10.10-22.38.51:336][  0]LogShaderCompilers: Display: Worker (12/13): shaders left to compile 3719
[2020.10.10-22.38.52:468][  0]LogShaderCompilers: Display: Worker (2/13): shaders left to compile 3718
[2020.10.10-22.38.52:468][  0]LogShaderCompilers: Display: Worker (8/13): shaders left to compile 3717
[2020.10.10-22.38.52:468][  0]LogShaderCompilers: Display: Worker (10/13): shaders left to compile 3716
[2020.10.10-22.38.52:468][  0]LogShaderCompilers: Display: Worker (10/13): shaders left to compile 3715
[2020.10.10-22.38.52:468][  0]LogShaderCompilers: Display: Worker (8/13): shaders left to compile 3714
[2020.10.10-22.38.52:468][  0]LogShaderCompilers: Display: Worker (8/13): shaders left to compile 3713
[2020.10.10-22.38.53:039][  0]LogShaderCompilers: Display: Worker (4/13): shaders left to compile 3712
[2020.10.10-22.38.54:823][  0]LogShaderCompilers: Display: Worker (6/13): shaders left to compile 3711
[2020.10.10-22.38.54:823][  0]LogShaderCompilers: Display: Worker (10/13): shaders left to compile 3710
[2020.10.10-22.38.54:823][  0]LogShaderCompilers: Display: Worker (8/13): shaders left to compile 3709
[2020.10.10-22.38.55:449][  0]LogShaderCompilers: Display: Worker (5/13): shaders left to compile 3708
[2020.10.10-22.38.55:449][  0]LogShaderCompilers: Display: Worker (12/13): shaders left to compile 3707
[2020.10.10-22.38.55:449][  0]LogShaderCompilers: Display: Worker (4/13): shaders left to compile 3706
[2020.10.10-22.38.57:152][  0]LogShaderCompilers: Display: Worker (2/13): shaders left to compile 3705
[2020.10.10-22.38.58:277][  0]LogShaderCompilers: Display: Worker (13/13): shaders left to compile 3704
[2020.10.10-22.38.58:838][  0]LogShaderCompilers: Display: Worker (2/13): shaders left to compile 3703
[2020.10.10-22.38.58:838][  0]LogShaderCompilers: Display: Worker (6/13): shaders left to compile 3702
[2020.10.10-22.38.59:424][  0]LogShaderCompilers: Display: Worker (8/13): shaders left to compile 3701
[2020.10.10-22.38.59:424][  0]LogShaderCompilers: Display: Worker (1/13): shaders left to compile 3700
[2020.10.10-22.38.59:424][  0]LogShaderCompilers: Display: Worker (1/13): shaders left to compile 3699
[2020.10.10-22.38.59:424][  0]LogShaderCompilers: Display: Worker (11/13): shaders left to compile 3698
[2020.10.10-22.38.59:424][  0]LogShaderCompilers: Display: Worker (12/13): shaders left to compile 3697
[2020.10.10-22.38.59:424][  0]LogShaderCompilers: Display: Worker (4/13): shaders left to compile 3696
[2020.10.10-22.39.03:620][  0]LogShaderCompilers: Display: Worker (9/13): shaders left to compile 3695
[2020.10.10-22.39.04:811][  0]LogShaderCompilers: Display: Worker (3/13): shaders left to compile 3694
[2020.10.10-22.39.05:644][  0]LogShaderCompilers: Display: Worker (5/13): shaders left to compile 3693
[2020.10.10-22.39.05:644][  0]LogShaderCompilers: Display: Worker (7/13): shaders left to compile 3692
[2020.10.10-22.39.07:617][  0]LogShaderCompilers: Display: Worker (13/13): shaders left to compile 3691
[2020.10.10-22.39.08:810][  0]LogShaderCompilers: Display: Worker (11/13): shaders left to compile 3690
[2020.10.10-22.39.09:431][  0]LogShaderCompilers: Display: Worker (13/13): shaders left to compile 3689
[2020.10.10-22.39.09:992][  0]LogShaderCompilers: Display: Worker (3/13): shaders left to compile 3688
[2020.10.10-22.39.11:275][  0]LogShaderCompilers: Display: Worker (1/13): shaders left to compile 3687
[2020.10.10-22.39.11:275][  0]LogShaderCompilers: Display: Worker (5/13): shaders left to compile 3686
[2020.10.10-22.39.11:876][  0]LogShaderCompilers: Display: Worker (7/13): shaders left to compile 3685
[2020.10.10-22.39.13:016][  0]LogShaderCompilers: Display: Worker (3/13): shaders left to compile 3684
[2020.10.10-22.39.14:183][  0]LogShaderCompilers: Display: Worker (6/13): shaders left to compile 3683
[2020.10.10-22.39.14:751][  0]LogShaderCompilers: Display: Worker (12/13): shaders left to compile 3682
[2020.10.10-22.39.15:920][  0]LogShaderCompilers: Display: Worker (5/13): shaders left to compile 3681
[2020.10.10-22.39.15:920][  0]LogShaderCompilers: Display: Worker (11/13): shaders left to compile 3680
[2020.10.10-22.39.18:475][  0]LogShaderCompilers: Display: Worker (10/13): shaders left to compile 3679
[2020.10.10-22.39.18:475][  0]LogShaderCompilers: Display: Worker (8/13): shaders left to compile 3678
[2020.10.10-22.39.20:925][  0]LogShaderCompilers: Display: Worker (13/13): shaders left to compile 3677
[2020.10.10-22.39.21:551][  0]LogShaderCompilers: Display: Worker (6/13): shaders left to compile 3676
[2020.10.10-22.39.22:121][  0]LogShaderCompilers: Display: Worker (7/13): shaders left to compile 3675
[2020.10.10-22.39.22:121][  0]LogShaderCompilers: Display: Worker (12/13): shaders left to compile 3674
[2020.10.10-22.39.23:876][  0]LogShaderCompilers: Display: Worker (1/13): shaders left to compile 3673
[2020.10.10-22.39.24:445][  0]LogShaderCompilers: Display: Worker (3/13): shaders left to compile 3672
[2020.10.10-22.39.25:010][  0]LogShaderCompilers: Display: Worker (12/13): shaders left to compile 3671
[2020.10.10-22.39.25:589][  0]LogShaderCompilers: Display: Worker (10/13): shaders left to compile 3670
[2020.10.10-22.39.26:151][  0]LogShaderCompilers: Display: Worker (11/13): shaders left to compile 3669
[2020.10.10-22.39.26:151][  0]LogShaderCompilers: Display: Worker (5/13): shaders left to compile 3668
[2020.10.10-22.39.27:295][  0]LogShaderCompilers: Display: Worker (13/13): shaders left to compile 3667
[2020.10.10-22.39.29:613][  0]LogShaderCompilers: Display: Worker (10/13): shaders left to compile 3666
[2020.10.10-22.39.29:613][  0]LogShaderCompilers: Display: Worker (8/13): shaders left to compile 3665
[2020.10.10-22.39.29:613][  0]LogShaderCompilers: Display: Worker (1/13): shaders left to compile 3664
[2020.10.10-22.39.30:790][  0]LogShaderCompilers: Display: Worker (12/13): shaders left to compile 3663
[2020.10.10-22.39.30:790][  0]LogShaderCompilers: Display: Worker (3/13): shaders left to compile 3662
[2020.10.10-22.39.30:790][  0]LogShaderCompilers: Display: Worker (5/13): shaders left to compile 3661
[2020.10.10-22.39.31:510][  0]LogShaderCompilers: Display: Worker (2/13): shaders left to compile 3660
[2020.10.10-22.39.32:102][  0]LogShaderCompilers: Display: Worker (6/13): shaders left to compile 3659
[2020.10.10-22.39.34:037][  0]LogShaderCompilers: Display: Worker (7/13): shaders left to compile 3658
[2020.10.10-22.39.34:974][  0]LogShaderCompilers: Display: Worker (11/13): shaders left to compile 3657
[2020.10.10-22.39.40:206][  0]LogShaderCompilers: Display: Worker (9/13): shaders left to compile 3656
[2020.10.10-22.39.42:756][  0]LogShaderCompilers: Display: Worker (11/13): shaders left to compile 3655
[2020.10.10-22.39.44:566][  0]LogShaderCompilers: Display: Worker (8/13): shaders left to compile 3654
[2020.10.10-22.39.44:566][  0]LogShaderCompilers: Display: Worker (10/13): shaders left to compile 3653
[2020.10.10-22.39.45:138][  0]LogShaderCompilers: Display: Worker (2/13): shaders left to compile 3652
[2020.10.10-22.39.45:138][  0]LogShaderCompilers: Display: Worker (5/13): shaders left to compile 3651
[2020.10.10-22.39.45:138][  0]LogShaderCompilers: Display: Worker (5/13): shaders left to compile 3650
[2020.10.10-22.39.45:138][  0]LogShaderCompilers: Display: Worker (12/13): shaders left to compile 3649
[2020.10.10-22.39.46:278][  0]LogShaderCompilers: Display: Worker (9/13): shaders left to compile 3648
[2020.10.10-22.39.48:020][  0]LogShaderCompilers: Display: Worker (6/13): shaders left to compile 3647
[2020.10.10-22.39.49:873][  0]LogShaderCompilers: Display: Worker (1/13): shaders left to compile 3646
[2020.10.10-22.39.51:558][  0]LogShaderCompilers: Display: Worker (8/13): shaders left to compile 3645
[2020.10.10-22.39.51:558][  0]LogShaderCompilers: Display: Worker (10/13): shaders left to compile 3644
[2020.10.10-22.39.52:119][  0]LogShaderCompilers: Display: Worker (2/13): shaders left to compile 3643
[2020.10.10-22.39.52:681][  0]LogShaderCompilers: Display: Worker (12/13): shaders left to compile 3642
[2020.10.10-22.39.53:242][  0]LogShaderCompilers: Display: Worker (11/13): shaders left to compile 3641
[2020.10.10-22.39.53:242][  0]LogShaderCompilers: Display: Worker (7/13): shaders left to compile 3640
[2020.10.10-22.39.54:944][  0]LogShaderCompilers: Display: Worker (3/13): shaders left to compile 3639
[2020.10.10-22.39.55:545][  0]LogShaderCompilers: Display: Worker (2/13): shaders left to compile 3638
[2020.10.10-22.39.55:545][  0]LogShaderCompilers: Display: Worker (13/13): shaders left to compile 3637
[2020.10.10-22.39.56:129][  0]LogShaderCompilers: Display: Worker (9/13): shaders left to compile 3636
[2020.10.10-22.39.56:129][  0]LogShaderCompilers: Display: Worker (9/13): shaders left to compile 3635
[2020.10.10-22.39.56:129][  0]LogShaderCompilers: Display: Worker (13/13): shaders left to compile 3634
[2020.10.10-22.39.58:258][  0]LogShaderCompilers: Display: Worker (12/13): shaders left to compile 3633
[2020.10.10-22.39.59:587][  0]LogShaderCompilers: Display: Worker (10/13): shaders left to compile 3632
[2020.10.10-22.40.02:042][  0]LogShaderCompilers: Display: Worker (7/13): shaders left to compile 3631
[2020.10.10-22.40.02:042][  0]LogShaderCompilers: Display: Worker (1/13): shaders left to compile 3630
[2020.10.10-22.40.02:042][  0]LogShaderCompilers: Display: Worker (5/13): shaders left to compile 3629
[2020.10.10-22.40.02:779][  0]LogShaderCompilers: Display: Worker (9/13): shaders left to compile 3628
[2020.10.10-22.40.03:426][  0]LogShaderCompilers: Display: Worker (5/13): shaders left to compile 3627
[2020.10.10-22.40.03:426][  0]LogShaderCompilers: Display: Worker (2/13): shaders left to compile 3626
[2020.10.10-22.40.03:426][  0]LogShaderCompilers: Display: Worker (6/13): shaders left to compile 3625
[2020.10.10-22.40.05:882][  0]LogShaderCompilers: Display: Worker (3/13): shaders left to compile 3624
[2020.10.10-22.40.05:882][  0]LogShaderCompilers: Display: Worker (7/13): shaders left to compile 3623
[2020.10.10-22.40.06:443][  0]LogShaderCompilers: Display: Worker (8/13): shaders left to compile 3622
[2020.10.10-22.40.06:443][  0]LogShaderCompilers: Display: Worker (6/13): shaders left to compile 3621
[2020.10.10-22.40.08:735][  0]LogShaderCompilers: Display: Worker (11/13): shaders left to compile 3620
[2020.10.10-22.40.10:507][  0]LogShaderCompilers: Display: Worker (10/13): shaders left to compile 3619
[2020.10.10-22.40.12:786][  0]LogShaderCompilers: Display: Worker (9/13): shaders left to compile 3618
[2020.10.10-22.40.13:350][  0]LogShaderCompilers: Display: Worker (5/13): shaders left to compile 3617
[2020.10.10-22.40.15:706][  0]LogShaderCompilers: Display: Worker (12/13): shaders left to compile 3616
[2020.10.10-22.40.16:284][  0]LogShaderCompilers: Display: Worker (13/13): shaders left to compile 3615
[2020.10.10-22.40.16:284][  0]LogShaderCompilers: Display: Worker (3/13): shaders left to compile 3614
[2020.10.10-22.40.20:629][  0]LogShaderCompilers: Display: Worker (1/13): shaders left to compile 3613
[2020.10.10-22.40.21:235][  0]LogShaderCompilers: Display: Worker (2/13): shaders left to compile 3612
[2020.10.10-22.40.22:492][  0]LogShaderCompilers: Display: Worker (11/13): shaders left to compile 3611
[2020.10.10-22.40.24:322][  0]LogShaderCompilers: Display: Worker (6/13): shaders left to compile 3610
[2020.10.10-22.40.24:939][  0]LogShaderCompilers: Display: Worker (7/13): shaders left to compile 3609
[2020.10.10-22.40.28:503][  0]LogShaderCompilers: Display: Worker (2/13): shaders left to compile 3608
[2020.10.10-22.40.28:503][  0]LogShaderCompilers: Display: Worker (6/13): shaders left to compile 3607
[2020.10.10-22.40.28:503][  0]LogShaderCompilers: Display: Worker (8/13): shaders left to compile 3606
[2020.10.10-22.40.29:657][  0]LogShaderCompilers: Display: Worker (1/13): shaders left to compile 3605
[2020.10.10-22.40.30:896][  0]LogShaderCompilers: Display: Worker (3/13): shaders left to compile 3604
[2020.10.10-22.40.33:767][  0]LogShaderCompilers: Display: Worker (13/13): shaders left to compile 3603
[2020.10.10-22.40.35:083][  0]LogShaderCompilers: Display: Worker (5/13): shaders left to compile 3602
[2020.10.10-22.40.43:224][  0]LogShaderCompilers: Display: Worker (9/13): shaders left to compile 3601
[2020.10.10-22.40.50:312][  0]LogShaderCompilers: Display: Worker (12/13): shaders left to compile 3600
[2020.10.10-22.41.02:920][  0]LogShaderCompilers: Display: Worker (6/13): shaders left to compile 3599
[2020.10.10-22.41.04:129][  0]LogShaderCompilers: Display: Worker (11/13): shaders left to compile 3598
[2020.10.10-22.41.04:695][  0]LogShaderCompilers: Display: Worker (10/13): shaders left to compile 3597
[2020.10.10-22.41.19:376][  0]LogShaderCompilers: Display: Worker (11/13): shaders left to compile 3596
[2020.10.10-22.41.23:976][  0]LogShaderCompilers: Display: Worker (2/13): shaders left to compile 3595
[2020.10.10-22.41.36:396][  0]LogShaderCompilers: Display: Worker (11/13): shaders left to compile 3594
[2020.10.10-22.41.43:431][  0]LogShaderCompilers: Display: Worker (10/13): shaders left to compile 3593
[2020.10.10-22.41.48:876][  0]LogShaderCompilers: Display: Worker (8/13): shaders left to compile 3592
[2020.10.10-22.41.54:407][  0]LogShaderCompilers: Display: Worker (7/13): shaders left to compile 3591
[2020.10.10-22.42.00:371][  0]LogShaderCompilers: Display: Worker (11/13): shaders left to compile 3590
[2020.10.10-22.42.00:981][  0]LogShaderCompilers: Display: Worker (12/13): shaders left to compile 3589
[2020.10.10-22.42.09:037][  0]LogShaderCompilers: Display: Worker (3/13): shaders left to compile 3588
[2020.10.10-22.42.13:144][  0]LogShaderCompilers: Display: Worker (1/13): shaders left to compile 3587
[2020.10.10-22.42.17:453][  0]LogShaderCompilers: Display: Worker (2/13): shaders left to compile 3586
[2020.10.10-22.42.22:275][  0]LogShaderCompilers: Display: Worker (13/13): shaders left to compile 3585
[2020.10.10-22.42.22:970][  0]LogShaderCompilers: Display: Worker (8/13): shaders left to compile 3584
[2020.10.10-22.42.37:062][  0]LogShaderCompilers: Display: Worker (3/13): shaders left to compile 3583
[2020.10.10-22.42.37:062][  0]LogShaderCompilers: Display: Worker (1/13): shaders left to compile 3582
[2020.10.10-22.42.48:510][  0]LogShaderCompilers: Display: Worker (1/13): shaders left to compile 3581
[2020.10.10-22.42.50:415][  0]LogShaderCompilers: Display: Worker (5/13): shaders left to compile 3580
[2020.10.10-22.42.56:393][  0]LogShaderCompilers: Display: Worker (9/13): shaders left to compile 3579
[2020.10.10-22.43.10:200][  0]LogShaderCompilers: Display: Worker (10/13): shaders left to compile 3578
[2020.10.10-22.43.12:948][  0]LogShaderCompilers: Display: Worker (7/13): shaders left to compile 3577
[2020.10.10-22.43.21:679][  0]LogShaderCompilers: Display: Worker (3/13): shaders left to compile 3576
[2020.10.10-22.43.21:679][  0]LogShaderCompilers: Display: Worker (13/13): shaders left to compile 3575
[2020.10.10-22.43.34:455][  0]LogShaderCompilers: Display: Worker (11/13): shaders left to compile 3574
[2020.10.10-22.43.36:043][  0]LogShaderCompilers: Display: Worker (6/13): shaders left to compile 3573
[2020.10.10-22.43.38:112][  0]LogShaderCompilers: Display: Worker (4/13): shaders left to compile 3572
[2020.10.10-22.43.38:112][  0]LogShaderCompilers: Display: Worker (10/13): shaders left to compile 3571
[2020.10.10-22.43.39:975][  0]LogShaderCompilers: Display: Worker (12/13): shaders left to compile 3570
[2020.10.10-22.43.45:205][  0]LogShaderCompilers: Display: Worker (8/13): shaders left to compile 3569
[2020.10.10-22.43.51:686][  0]LogShaderCompilers: Display: Worker (2/13): shaders left to compile 3568
[2020.10.10-22.43.54:570][  0]LogShaderCompilers: Display: Worker (9/13): shaders left to compile 3567
[2020.10.10-22.44.06:303][  0]LogShaderCompilers: Display: Worker (1/13): shaders left to compile 3566
[2020.10.10-22.44.17:929][  0]LogShaderCompilers: Display: Worker (8/13): shaders left to compile 3565
[2020.10.10-22.44.29:021][  0]LogShaderCompilers: Display: Worker (5/13): shaders left to compile 3564
[2020.10.10-22.44.42:802][  0]LogShaderCompilers: Display: Worker (1/13): shaders left to compile 3563
[2020.10.10-22.44.44:053][  0]LogShaderCompilers: Display: Worker (5/13): shaders left to compile 3562
[2020.10.10-22.44.48:996][  0]LogShaderCompilers: Display: Worker (8/13): shaders left to compile 3561
[2020.10.10-22.44.58:746][  0]LogShaderCompilers: Display: Worker (4/13): shaders left to compile 3560
[2020.10.10-22.45.15:744][  0]LogShaderCompilers: Display: Worker (1/13): shaders left to compile 3559
[2020.10.10-22.45.23:095][  0]LogShaderCompilers: Display: Worker (5/13): shaders left to compile 3558
[2020.10.10-22.45.24:218][  0]LogShaderCompilers: Display: Worker (4/13): shaders left to compile 3557
[2020.10.10-22.45.31:377][  0]LogShaderCompilers: Display: Worker (5/13): shaders left to compile 3556
[2020.10.10-22.45.38:658][  0]LogShaderCompilers: Display: Worker (4/13): shaders left to compile 3555
[2020.10.10-22.45.41:205][  0]LogShaderCompilers: Display: Worker (8/13): shaders left to compile 3554
[2020.10.10-22.45.44:226][  0]LogShaderCompilers: Display: Worker (1/13): shaders left to compile 3553
[2020.10.10-22.45.45:377][  0]LogShaderCompilers: Display: Worker (8/13): shaders left to compile 3552
[2020.10.10-22.45.45:377][  0]LogShaderCompilers: Display: Worker (5/13): shaders left to compile 3551
[2020.10.10-22.45.52:440][  0]LogShaderCompilers: Display: Worker (4/13): shaders left to compile 3550
[2020.10.10-22.45.59:311][  0]LogShaderCompilers: Display: Worker (8/13): shaders left to compile 3549
[2020.10.10-22.45.59:311][  0]LogShaderCompilers: Display: Worker (5/13): shaders left to compile 3548
[2020.10.10-22.46.02:814][  0]LogShaderCompilers: Display: Worker (1/13): shaders left to compile 3547
[2020.10.10-22.46.04:691][  0]LogShaderCompilers: Display: Worker (8/13): shaders left to compile 3546
[2020.10.10-22.46.10:597][  0]LogShaderCompilers: Display: Worker (4/13): shaders left to compile 3545
[2020.10.10-22.46.17:586][  0]LogShaderCompilers: Display: Worker (7/13): shaders left to compile 3544
[2020.10.10-22.46.18:160][  0]LogShaderCompilers: Display: Worker (8/13): shaders left to compile 3543
[2020.10.10-22.46.20:012][  0]LogShaderCompilers: Display: Worker (5/13): shaders left to compile 3542
[2020.10.10-22.46.29:408][  0]LogShaderCompilers: Display: Worker (8/13): shaders left to compile 3541
[2020.10.10-22.46.35:180][  0]LogShaderCompilers: Display: Worker (1/13): shaders left to compile 3540
[2020.10.10-22.46.38:436][  0]LogShaderCompilers: Display: Worker (3/13): shaders left to compile 3539
[2020.10.10-22.46.40:925][  0]LogShaderCompilers: Display: Worker (8/13): shaders left to compile 3538
[2020.10.10-22.46.53:407][  0]LogShaderCompilers: Display: Worker (5/13): shaders left to compile 3537
[2020.10.10-22.47.18:575][  0]LogShaderCompilers: Display: Worker (3/13): shaders left to compile 3536
[2020.10.10-22.47.57:062][  0]LogShaderCompilers: Display: Worker (1/13): shaders left to compile 3535
[2020.10.10-22.48.06:165][  0]LogShaderCompilers: Display: Worker (3/13): shaders left to compile 3534
[2020.10.10-22.48.08:076][  0]LogShaderCompilers: Display: Worker (13/13): shaders left to compile 3533
[2020.10.10-22.48.08:640][  0]LogShaderCompilers: Display: Worker (13/13): shaders left to compile 3532
[2020.10.10-22.48.18:712][  0]LogShaderCompilers: Display: Worker (8/13): shaders left to compile 3531
[2020.10.10-22.48.23:193][  0]LogShaderCompilers: Display: Worker (1/13): shaders left to compile 3530
[2020.10.10-22.48.52:043][  0]LogShaderCompilers: Display: Worker (1/13): shaders left to compile 3529
[2020.10.10-22.49.02:716][  0]LogShaderCompilers: Display: Worker (8/13): shaders left to compile 3528
[2020.10.10-22.49.06:418][  0]LogShaderCompilers: Display: Worker (13/13): shaders left to compile 3527
[2020.10.10-22.49.25:121][  0]LogShaderCompilers: Display: Worker (3/13): shaders left to compile 3526
[2020.10.10-22.49.36:062][  0]LogShaderCompilers: Display: Worker (12/13): shaders left to compile 3525
[2020.10.10-22.49.38:594][  0]LogShaderCompilers: Display: Worker (8/13): shaders left to compile 3524
[2020.10.10-22.49.55:310][  0]LogShaderCompilers: Display: Worker (8/13): shaders left to compile 3523
[2020.10.10-22.50.03:174][  0]LogShaderCompilers: Display: Worker (1/13): shaders left to compile 3522
[2020.10.10-22.50.04:900][  0]LogShaderCompilers: Display: Worker (8/13): shaders left to compile 3521
[2020.10.10-22.50.12:413][  0]LogShaderCompilers: Display: Worker (13/13): shaders left to compile 3520
[2020.10.10-22.50.19:188][  0]LogShaderCompilers: Display: Worker (5/13): shaders left to compile 3519
[2020.10.10-22.50.22:429][  0]LogShaderCompilers: Display: Worker (3/13): shaders left to compile 3518
[2020.10.10-22.50.22:429][  0]LogShaderCompilers: Display: Worker (12/13): shaders left to compile 3517
[2020.10.10-22.50.35:509][  0]LogShaderCompilers: Display: Worker (12/13): shaders left to compile 3516
[2020.10.10-22.50.39:373][  0]LogShaderCompilers: Display: Worker (8/13): shaders left to compile 3515
[2020.10.10-22.50.41:829][  0]LogShaderCompilers: Display: Worker (5/13): shaders left to compile 3514
[2020.10.10-22.50.42:411][  0]LogShaderCompilers: Display: Worker (10/13): shaders left to compile 3513
[2020.10.10-22.50.45:926][  0]LogShaderCompilers: Display: Worker (3/13): shaders left to compile 3512
[2020.10.10-22.50.45:926][  0]LogShaderCompilers: Display: Worker (8/13): shaders left to compile 3511
[2020.10.10-22.50.53:774][  0]LogShaderCompilers: Display: Worker (5/13): shaders left to compile 3510
[2020.10.10-22.50.59:217][  0]LogShaderCompilers: Display: Worker (10/13): shaders left to compile 3509
[2020.10.10-22.51.01:638][  0]LogShaderCompilers: Display: Worker (5/13): shaders left to compile 3508
[2020.10.10-22.51.01:638][  0]LogShaderCompilers: Display: Worker (5/13): shaders left to compile 3507
[2020.10.10-22.51.02:858][  0]LogShaderCompilers: Display: Worker (12/13): shaders left to compile 3506
[2020.10.10-22.51.02:858][  0]LogShaderCompilers: Display: Worker (13/13): shaders left to compile 3505
[2020.10.10-22.51.05:850][  0]LogShaderCompilers: Display: Worker (1/13): shaders left to compile 3504
[2020.10.10-22.51.11:477][  0]LogShaderCompilers: Display: Worker (10/13): shaders left to compile 3503
[2020.10.10-22.51.11:477][  0]LogShaderCompilers: Display: Worker (12/13): shaders left to compile 3502
[2020.10.10-22.51.12:152][  0]LogShaderCompilers: Display: Worker (8/13): shaders left to compile 3501
[2020.10.10-22.51.14:460][  0]LogShaderCompilers: Display: Worker (5/13): shaders left to compile 3500
[2020.10.10-22.51.15:049][  0]LogShaderCompilers: Display: Worker (5/13): shaders left to compile 3499
[2020.10.10-22.51.15:638][  0]LogShaderCompilers: Display: Worker (13/13): shaders left to compile 3498
[2020.10.10-22.51.22:672][  0]LogShaderCompilers: Display: Worker (3/13): shaders left to compile 3497
[2020.10.10-22.51.31:492][  0]LogShaderCompilers: Display: Worker (8/13): shaders left to compile 3496
[2020.10.10-22.51.32:061][  0]LogShaderCompilers: Display: Worker (11/13): shaders left to compile 3495
[2020.10.10-22.51.37:365][  0]LogShaderCompilers: Display: Worker (2/13): shaders left to compile 3494
[2020.10.10-22.51.37:932][  0]LogShaderCompilers: Display: Worker (13/13): shaders left to compile 3493
[2020.10.10-22.51.39:186][  0]LogShaderCompilers: Display: Worker (1/13): shaders left to compile 3492
[2020.10.10-22.51.40:895][  0]LogShaderCompilers: Display: Worker (12/13): shaders left to compile 3491
[2020.10.10-22.51.41:528][  0]LogShaderCompilers: Display: Worker (11/13): shaders left to compile 3490
[2020.10.10-22.51.43:787][  0]LogShaderCompilers: Display: Worker (10/13): shaders left to compile 3489
[2020.10.10-22.51.48:529][  0]LogShaderCompilers: Display: Worker (3/13): shaders left to compile 3488
[2020.10.10-22.51.58:784][  0]LogShaderCompilers: Display: Worker (2/13): shaders left to compile 3487
[2020.10.10-22.52.01:093][  0]LogShaderCompilers: Display: Worker (2/13): shaders left to compile 3486
[2020.10.10-22.52.02:239][  0]LogShaderCompilers: Display: Worker (10/13): shaders left to compile 3485
[2020.10.10-22.52.02:239][  0]LogShaderCompilers: Display: Worker (8/13): shaders left to compile 3484
[2020.10.10-22.52.03:496][  0]LogShaderCompilers: Display: Worker (13/13): shaders left to compile 3483
[2020.10.10-22.52.05:854][  0]LogShaderCompilers: Display: Worker (1/13): shaders left to compile 3482
[2020.10.10-22.52.08:873][  0]LogShaderCompilers: Display: Worker (3/13): shaders left to compile 3481
[2020.10.10-22.52.10:664][  0]LogShaderCompilers: Display: Worker (10/13): shaders left to compile 3480
[2020.10.10-22.52.11:237][  0]LogShaderCompilers: Display: Worker (5/13): shaders left to compile 3479
[2020.10.10-22.52.11:237][  0]LogShaderCompilers: Display: Worker (12/13): shaders left to compile 3478
[2020.10.10-22.52.15:044][  0]LogShaderCompilers: Display: Worker (2/13): shaders left to compile 3477
[2020.10.10-22.52.16:175][  0]LogShaderCompilers: Display: Worker (8/13): shaders left to compile 3476
[2020.10.10-22.52.18:622][  0]LogShaderCompilers: Display: Worker (1/13): shaders left to compile 3475
[2020.10.10-22.52.21:715][  0]LogShaderCompilers: Display: Worker (13/13): shaders left to compile 3474
[2020.10.10-22.52.30:644][  0]LogShaderCompilers: Display: Worker (1/13): shaders left to compile 3473
[2020.10.10-22.52.30:644][  0]LogShaderCompilers: Display: Worker (5/13): shaders left to compile 3472
[2020.10.10-22.52.31:232][  0]LogShaderCompilers: Display: Worker (6/13): shaders left to compile 3471
[2020.10.10-22.52.31:799][  0]LogShaderCompilers: Display: Worker (11/13): shaders left to compile 3470
[2020.10.10-22.52.32:397][  0]LogShaderCompilers: Display: Worker (2/13): shaders left to compile 3469
[2020.10.10-22.52.32:985][  0]LogShaderCompilers: Display: Worker (13/13): shaders left to compile 3468
[2020.10.10-22.52.32:985][  0]LogShaderCompilers: Display: Worker (3/13): shaders left to compile 3467
[2020.10.10-22.52.39:936][  0]LogShaderCompilers: Display: Worker (10/13): shaders left to compile 3466
[2020.10.10-22.52.39:936][  0]LogShaderCompilers: Display: Worker (1/13): shaders left to compile 3465
[2020.10.10-22.52.39:936][  0]LogShaderCompilers: Display: Worker (12/13): shaders left to compile 3464
[2020.10.10-22.52.46:821][  0]LogShaderCompilers: Display: Worker (8/13): shaders left to compile 3463
[2020.10.10-22.52.52:545][  0]LogShaderCompilers: Display: Worker (5/13): shaders left to compile 3462
[2020.10.10-22.52.56:169][  0]LogShaderCompilers: Display: Worker (1/13): shaders left to compile 3461
[2020.10.10-22.52.57:351][  0]LogShaderCompilers: Display: Worker (5/13): shaders left to compile 3460
[2020.10.10-22.53.00:066][  0]LogShaderCompilers: Display: Worker (10/13): shaders left to compile 3459
[2020.10.10-22.53.01:316][  0]LogShaderCompilers: Display: Worker (3/13): shaders left to compile 3458
[2020.10.10-22.53.01:898][  0]LogShaderCompilers: Display: Worker (3/13): shaders left to compile 3457
[2020.10.10-22.53.03:249][  0]LogShaderCompilers: Display: Worker (2/13): shaders left to compile 3456
[2020.10.10-22.53.05:112][  0]LogShaderCompilers: Display: Worker (12/13): shaders left to compile 3455
[2020.10.10-22.53.07:493][  0]LogShaderCompilers: Display: Worker (3/13): shaders left to compile 3454
[2020.10.10-22.53.09:321][  0]LogShaderCompilers: Display: Worker (5/13): shaders left to compile 3453
[2020.10.10-22.53.09:321][  0]LogShaderCompilers: Display: Worker (5/13): shaders left to compile 3452
[2020.10.10-22.53.09:954][  0]LogShaderCompilers: Display: Worker (5/13): shaders left to compile 3451
[2020.10.10-22.53.16:017][  0]LogShaderCompilers: Display: Worker (13/13): shaders left to compile 3450
[2020.10.10-22.53.16:595][  0]LogShaderCompilers: Display: Worker (10/13): shaders left to compile 3449
[2020.10.10-22.53.19:494][  0]LogShaderCompilers: Display: Worker (8/13): shaders left to compile 3448
[2020.10.10-22.53.20:087][  0]LogShaderCompilers: Display: Worker (12/13): shaders left to compile 3447
[2020.10.10-22.53.20:703][  0]LogShaderCompilers: Display: Worker (5/13): shaders left to compile 3446
[2020.10.10-22.53.21:318][  0]LogShaderCompilers: Display: Worker (2/13): shaders left to compile 3445
[2020.10.10-22.53.23:758][  0]LogShaderCompilers: Display: Worker (1/13): shaders left to compile 3444
[2020.10.10-22.53.23:758][  0]LogShaderCompilers: Display: Worker (3/13): shaders left to compile 3443
[2020.10.10-22.53.24:922][  0]LogShaderCompilers: Display: Worker (5/13): shaders left to compile 3442
[2020.10.10-22.53.25:583][  0]LogShaderCompilers: Display: Worker (10/13): shaders left to compile 3441
[2020.10.10-22.53.26:795][  0]LogShaderCompilers: Display: Worker (12/13): shaders left to compile 3440
[2020.10.10-22.53.26:795][  0]LogShaderCompilers: Display: Worker (6/13): shaders left to compile 3439
[2020.10.10-22.53.33:385][  0]LogShaderCompilers: Display: Worker (2/13): shaders left to compile 3438
[2020.10.10-22.53.34:770][  0]LogShaderCompilers: Display: Worker (11/13): shaders left to compile 3437
[2020.10.10-22.53.35:364][  0]LogShaderCompilers: Display: Worker (13/13): shaders left to compile 3436
[2020.10.10-22.53.44:589][  0]LogShaderCompilers: Display: Worker (2/13): shaders left to compile 3435
[2020.10.10-22.53.45:806][  0]LogShaderCompilers: Display: Worker (6/13): shaders left to compile 3434
[2020.10.10-22.53.49:307][  0]LogShaderCompilers: Display: Worker (8/13): shaders left to compile 3433
[2020.10.10-22.53.49:307][  0]LogShaderCompilers: Display: Worker (13/13): shaders left to compile 3432
[2020.10.10-22.53.49:868][  0]LogShaderCompilers: Display: Worker (12/13): shaders left to compile 3431
[2020.10.10-22.53.50:430][  0]LogShaderCompilers: Display: Worker (5/13): shaders left to compile 3430
[2020.10.10-22.53.51:146][  0]LogShaderCompilers: Display: Worker (10/13): shaders left to compile 3429
[2020.10.10-22.53.52:360][  0]LogShaderCompilers: Display: Worker (3/13): shaders left to compile 3428
[2020.10.10-22.53.52:360][  0]LogShaderCompilers: Display: Worker (1/13): shaders left to compile 3427
[2020.10.10-22.53.52:360][  0]LogShaderCompilers: Display: Worker (2/13): shaders left to compile 3426
[2020.10.10-22.53.52:934][  0]LogShaderCompilers: Display: Worker (11/13): shaders left to compile 3425
[2020.10.10-22.53.53:516][  0]LogShaderCompilers: Display: Worker (6/13): shaders left to compile 3424
[2020.10.10-22.53.55:251][  0]LogShaderCompilers: Display: Worker (13/13): shaders left to compile 3423
[2020.10.10-22.53.59:498][  0]LogShaderCompilers: Display: Worker (5/13): shaders left to compile 3422
[2020.10.10-22.54.00:644][  0]LogShaderCompilers: Display: Worker (12/13): shaders left to compile 3421
[2020.10.10-22.54.01:226][  0]LogShaderCompilers: Display: Worker (1/13): shaders left to compile 3420
[2020.10.10-22.54.01:927][  0]LogShaderCompilers: Display: Worker (3/13): shaders left to compile 3419
[2020.10.10-22.54.03:149][  0]LogShaderCompilers: Display: Worker (11/13): shaders left to compile 3418
[2020.10.10-22.54.04:887][  0]LogShaderCompilers: Display: Worker (8/13): shaders left to compile 3417
[2020.10.10-22.54.05:512][  0]LogShaderCompilers: Display: Worker (8/13): shaders left to compile 3416
[2020.10.10-22.54.05:512][  0]LogShaderCompilers: Display: Worker (13/13): shaders left to compile 3415
[2020.10.10-22.54.07:980][  0]LogShaderCompilers: Display: Worker (11/13): shaders left to compile 3414
[2020.10.10-22.54.08:587][  0]LogShaderCompilers: Display: Worker (6/13): shaders left to compile 3413
[2020.10.10-22.54.09:783][  0]LogShaderCompilers: Display: Worker (5/13): shaders left to compile 3412
[2020.10.10-22.54.11:651][  0]LogShaderCompilers: Display: Worker (1/13): shaders left to compile 3411
[2020.10.10-22.54.13:995][  0]LogShaderCompilers: Display: Worker (2/13): shaders left to compile 3410
[2020.10.10-22.54.15:153][  0]LogShaderCompilers: Display: Worker (5/13): shaders left to compile 3409
[2020.10.10-22.54.15:153][  0]LogShaderCompilers: Display: Worker (12/13): shaders left to compile 3408
[2020.10.10-22.54.15:736][  0]LogShaderCompilers: Display: Worker (10/13): shaders left to compile 3407
[2020.10.10-22.54.16:356][  0]LogShaderCompilers: Display: Worker (8/13): shaders left to compile 3406
[2020.10.10-22.54.16:356][  0]LogShaderCompilers: Display: Worker (3/13): shaders left to compile 3405
[2020.10.10-22.54.18:197][  0]LogShaderCompilers: Display: Worker (6/13): shaders left to compile 3404
[2020.10.10-22.54.19:382][  0]LogShaderCompilers: Display: Worker (13/13): shaders left to compile 3403
[2020.10.10-22.54.27:047][  0]LogShaderCompilers: Display: Worker (3/13): shaders left to compile 3402
[2020.10.10-22.54.27:047][  0]LogShaderCompilers: Display: Worker (10/13): shaders left to compile 3401
[2020.10.10-22.54.28:872][  0]LogShaderCompilers: Display: Worker (11/13): shaders left to compile 3400
[2020.10.10-22.54.29:467][  0]LogShaderCompilers: Display: Worker (11/13): shaders left to compile 3399
[2020.10.10-22.54.31:409][  0]LogShaderCompilers: Display: Worker (3/13): shaders left to compile 3398
[2020.10.10-22.54.31:409][  0]LogShaderCompilers: Display: Worker (8/13): shaders left to compile 3397
[2020.10.10-22.54.31:974][  0]LogShaderCompilers: Display: Worker (3/13): shaders left to compile 3396
[2020.10.10-22.54.37:391][  0]LogShaderCompilers: Display: Worker (3/13): shaders left to compile 3395
[2020.10.10-22.54.40:281][  0]LogShaderCompilers: Display: Worker (5/13): shaders left to compile 3394
[2020.10.10-22.54.49:282][  0]LogShaderCompilers: Display: Worker (6/13): shaders left to compile 3393
[2020.10.10-22.54.51:967][  0]LogShaderCompilers: Display: Worker (13/13): shaders left to compile 3392
[2020.10.10-22.54.52:606][  0]LogShaderCompilers: Display: Worker (11/13): shaders left to compile 3391
[2020.10.10-22.54.53:922][  0]LogShaderCompilers: Display: Worker (11/13): shaders left to compile 3390
[2020.10.10-22.54.53:922][  0]LogShaderCompilers: Display: Worker (1/13): shaders left to compile 3389
[2020.10.10-22.54.57:584][  0]LogShaderCompilers: Display: Worker (2/13): shaders left to compile 3388
[2020.10.10-22.55.00:115][  0]LogShaderCompilers: Display: Worker (10/13): shaders left to compile 3387
[2020.10.10-22.55.01:974][  0]LogShaderCompilers: Display: Worker (13/13): shaders left to compile 3386
[2020.10.10-22.55.02:633][  0]LogShaderCompilers: Display: Worker (12/13): shaders left to compile 3385
[2020.10.10-22.55.09:210][  0]LogShaderCompilers: Display: Worker (5/13): shaders left to compile 3384
[2020.10.10-22.55.12:324][  0]LogShaderCompilers: Display: Worker (6/13): shaders left to compile 3383
[2020.10.10-22.55.19:579][  0]LogShaderCompilers: Display: Worker (11/13): shaders left to compile 3382
[2020.10.10-22.55.20:978][  0]LogShaderCompilers: Display: Worker (8/13): shaders left to compile 3381
[2020.10.10-22.55.30:721][  0]LogShaderCompilers: Display: Worker (3/13): shaders left to compile 3380
[2020.10.10-22.56.53:170][  0]LogShaderCompilers: Display: Worker (6/13): shaders left to compile 3379
[2020.10.10-22.58.27:522][  0]LogShaderCompilers: Display: Worker (12/13): shaders left to compile 3378
[2020.10.10-22.59.09:484][  0]LogShaderCompilers: Display: Worker (6/13): shaders left to compile 3377
[2020.10.10-22.59.16:731][  0]LogShaderCompilers: Display: Worker (12/13): shaders left to compile 3376
[2020.10.10-22.59.37:576][  0]LogShaderCompilers: Display: Worker (2/13): shaders left to compile 3375
[2020.10.10-22.59.42:689][  0]LogShaderCompilers: Display: Worker (1/13): shaders left to compile 3374
[2020.10.10-22.59.47:404][  0]LogShaderCompilers: Display: Worker (2/13): shaders left to compile 3373
[2020.10.10-22.59.49:466][  0]LogShaderCompilers: Display: Worker (5/13): shaders left to compile 3372
[2020.10.10-22.59.57:926][  0]LogShaderCompilers: Display: Worker (10/13): shaders left to compile 3371
[2020.10.10-23.00.00:169][  0]LogShaderCompilers: Display: Worker (9/13): shaders left to compile 3370
[2020.10.10-23.00.07:467][  0]LogShaderCompilers: Display: Worker (13/13): shaders left to compile 3369
[2020.10.10-23.00.35:212][  0]LogShaderCompilers: Display: Worker (9/13): shaders left to compile 3368
[2020.10.10-23.00.57:939][  0]LogShaderCompilers: Display: Worker (12/13): shaders left to compile 3367
[2020.10.10-23.01.11:575][  0]LogShaderCompilers: Display: Worker (5/13): shaders left to compile 3366
[2020.10.10-23.01.25:162][  0]LogShaderCompilers: Display: Worker (2/13): shaders left to compile 3365
[2020.10.10-23.01.29:000][  0]LogShaderCompilers: Display: Worker (6/13): shaders left to compile 3364
[2020.10.10-23.01.32:549][  0]LogShaderCompilers: Display: Worker (4/13): shaders left to compile 3363
[2020.10.10-23.01.32:549][  0]LogShaderCompilers: Display: Worker (13/13): shaders left to compile 3362
[2020.10.10-23.01.34:104][  0]LogShaderCompilers: Display: Worker (2/13): shaders left to compile 3361
[2020.10.10-23.01.42:855][  0]LogShaderCompilers: Display: Worker (10/13): shaders left to compile 3360
